ARM GAS  C:\Users\Johannes\AppData\Local\Temp\cc0BkNMu.s 			page 1


   1              		.cpu cortex-m3
   2              		.eabi_attribute 20, 1
   3              		.eabi_attribute 21, 1
   4              		.eabi_attribute 23, 3
   5              		.eabi_attribute 24, 1
   6              		.eabi_attribute 25, 1
   7              		.eabi_attribute 26, 1
   8              		.eabi_attribute 30, 2
   9              		.eabi_attribute 34, 1
  10              		.eabi_attribute 18, 4
  11              		.file	"list.c"
  12              		.text
  13              	.Ltext0:
  14              		.cfi_sections	.debug_frame
  15              		.section	.text.vListInitialise,"ax",%progbits
  16              		.align	1
  17              		.p2align 2,,3
  18              		.global	vListInitialise
  19              		.arch armv7-m
  20              		.syntax unified
  21              		.thumb
  22              		.thumb_func
  23              		.fpu softvfp
  25              	vListInitialise:
  26              	.LVL0:
  27              	.LFB5:
  28              		.file 1 "Middlewares/Third_Party/FreeRTOS/Source/list.c"
   1:Middlewares/Third_Party/FreeRTOS/Source/list.c **** /*
   2:Middlewares/Third_Party/FreeRTOS/Source/list.c ****  * FreeRTOS Kernel V10.0.1
   3:Middlewares/Third_Party/FreeRTOS/Source/list.c ****  * Copyright (C) 2017 Amazon.com, Inc. or its affiliates.  All Rights Reserved.
   4:Middlewares/Third_Party/FreeRTOS/Source/list.c ****  *
   5:Middlewares/Third_Party/FreeRTOS/Source/list.c ****  * Permission is hereby granted, free of charge, to any person obtaining a copy of
   6:Middlewares/Third_Party/FreeRTOS/Source/list.c ****  * this software and associated documentation files (the "Software"), to deal in
   7:Middlewares/Third_Party/FreeRTOS/Source/list.c ****  * the Software without restriction, including without limitation the rights to
   8:Middlewares/Third_Party/FreeRTOS/Source/list.c ****  * use, copy, modify, merge, publish, distribute, sublicense, and/or sell copies of
   9:Middlewares/Third_Party/FreeRTOS/Source/list.c ****  * the Software, and to permit persons to whom the Software is furnished to do so,
  10:Middlewares/Third_Party/FreeRTOS/Source/list.c ****  * subject to the following conditions:
  11:Middlewares/Third_Party/FreeRTOS/Source/list.c ****  *
  12:Middlewares/Third_Party/FreeRTOS/Source/list.c ****  * The above copyright notice and this permission notice shall be included in all
  13:Middlewares/Third_Party/FreeRTOS/Source/list.c ****  * copies or substantial portions of the Software.
  14:Middlewares/Third_Party/FreeRTOS/Source/list.c ****  *
  15:Middlewares/Third_Party/FreeRTOS/Source/list.c ****  * THE SOFTWARE IS PROVIDED "AS IS", WITHOUT WARRANTY OF ANY KIND, EXPRESS OR
  16:Middlewares/Third_Party/FreeRTOS/Source/list.c ****  * IMPLIED, INCLUDING BUT NOT LIMITED TO THE WARRANTIES OF MERCHANTABILITY, FITNESS
  17:Middlewares/Third_Party/FreeRTOS/Source/list.c ****  * FOR A PARTICULAR PURPOSE AND NONINFRINGEMENT. IN NO EVENT SHALL THE AUTHORS OR
  18:Middlewares/Third_Party/FreeRTOS/Source/list.c ****  * COPYRIGHT HOLDERS BE LIABLE FOR ANY CLAIM, DAMAGES OR OTHER LIABILITY, WHETHER
  19:Middlewares/Third_Party/FreeRTOS/Source/list.c ****  * IN AN ACTION OF CONTRACT, TORT OR OTHERWISE, ARISING FROM, OUT OF OR IN
  20:Middlewares/Third_Party/FreeRTOS/Source/list.c ****  * CONNECTION WITH THE SOFTWARE OR THE USE OR OTHER DEALINGS IN THE SOFTWARE.
  21:Middlewares/Third_Party/FreeRTOS/Source/list.c ****  *
  22:Middlewares/Third_Party/FreeRTOS/Source/list.c ****  * http://www.FreeRTOS.org
  23:Middlewares/Third_Party/FreeRTOS/Source/list.c ****  * http://aws.amazon.com/freertos
  24:Middlewares/Third_Party/FreeRTOS/Source/list.c ****  *
  25:Middlewares/Third_Party/FreeRTOS/Source/list.c ****  * 1 tab == 4 spaces!
  26:Middlewares/Third_Party/FreeRTOS/Source/list.c ****  */
  27:Middlewares/Third_Party/FreeRTOS/Source/list.c **** 
  28:Middlewares/Third_Party/FreeRTOS/Source/list.c **** 
  29:Middlewares/Third_Party/FreeRTOS/Source/list.c **** #include <stdlib.h>
  30:Middlewares/Third_Party/FreeRTOS/Source/list.c **** #include "FreeRTOS.h"
ARM GAS  C:\Users\Johannes\AppData\Local\Temp\cc0BkNMu.s 			page 2


  31:Middlewares/Third_Party/FreeRTOS/Source/list.c **** #include "list.h"
  32:Middlewares/Third_Party/FreeRTOS/Source/list.c **** 
  33:Middlewares/Third_Party/FreeRTOS/Source/list.c **** /*-----------------------------------------------------------
  34:Middlewares/Third_Party/FreeRTOS/Source/list.c ****  * PUBLIC LIST API documented in list.h
  35:Middlewares/Third_Party/FreeRTOS/Source/list.c ****  *----------------------------------------------------------*/
  36:Middlewares/Third_Party/FreeRTOS/Source/list.c **** 
  37:Middlewares/Third_Party/FreeRTOS/Source/list.c **** void vListInitialise( List_t * const pxList )
  38:Middlewares/Third_Party/FreeRTOS/Source/list.c **** {
  29              		.loc 1 38 1 view -0
  30              		.cfi_startproc
  31              		@ args = 0, pretend = 0, frame = 0
  32              		@ frame_needed = 0, uses_anonymous_args = 0
  33              		@ link register save eliminated.
  39:Middlewares/Third_Party/FreeRTOS/Source/list.c **** 	/* The list structure contains a list item which is used to mark the
  40:Middlewares/Third_Party/FreeRTOS/Source/list.c **** 	end of the list.  To initialise the list the list end is inserted
  41:Middlewares/Third_Party/FreeRTOS/Source/list.c **** 	as the only list entry. */
  42:Middlewares/Third_Party/FreeRTOS/Source/list.c **** 	pxList->pxIndex = ( ListItem_t * ) &( pxList->xListEnd );			/*lint !e826 !e740 The mini list struc
  34              		.loc 1 42 2 view .LVU1
  43:Middlewares/Third_Party/FreeRTOS/Source/list.c **** 
  44:Middlewares/Third_Party/FreeRTOS/Source/list.c **** 	/* The list end value is the highest possible value in the list to
  45:Middlewares/Third_Party/FreeRTOS/Source/list.c **** 	ensure it remains at the end of the list. */
  46:Middlewares/Third_Party/FreeRTOS/Source/list.c **** 	pxList->xListEnd.xItemValue = portMAX_DELAY;
  35              		.loc 1 46 30 is_stmt 0 view .LVU2
  36 0000 4FF0FF31 		mov	r1, #-1
  47:Middlewares/Third_Party/FreeRTOS/Source/list.c **** 
  48:Middlewares/Third_Party/FreeRTOS/Source/list.c **** 	/* The list end next and previous pointers point to itself so we know
  49:Middlewares/Third_Party/FreeRTOS/Source/list.c **** 	when the list is empty. */
  50:Middlewares/Third_Party/FreeRTOS/Source/list.c **** 	pxList->xListEnd.pxNext = ( ListItem_t * ) &( pxList->xListEnd );	/*lint !e826 !e740 The mini list
  51:Middlewares/Third_Party/FreeRTOS/Source/list.c **** 	pxList->xListEnd.pxPrevious = ( ListItem_t * ) &( pxList->xListEnd );/*lint !e826 !e740 The mini l
  52:Middlewares/Third_Party/FreeRTOS/Source/list.c **** 
  53:Middlewares/Third_Party/FreeRTOS/Source/list.c **** 	pxList->uxNumberOfItems = ( UBaseType_t ) 0U;
  37              		.loc 1 53 26 view .LVU3
  38 0004 0022     		movs	r2, #0
  42:Middlewares/Third_Party/FreeRTOS/Source/list.c **** 
  39              		.loc 1 42 37 view .LVU4
  40 0006 00F10803 		add	r3, r0, #8
  46:Middlewares/Third_Party/FreeRTOS/Source/list.c **** 
  41              		.loc 1 46 30 view .LVU5
  42 000a 8160     		str	r1, [r0, #8]
  43              		.loc 1 53 26 view .LVU6
  44 000c 0260     		str	r2, [r0]
  42:Middlewares/Third_Party/FreeRTOS/Source/list.c **** 
  45              		.loc 1 42 18 view .LVU7
  46 000e 4360     		str	r3, [r0, #4]
  46:Middlewares/Third_Party/FreeRTOS/Source/list.c **** 
  47              		.loc 1 46 2 is_stmt 1 view .LVU8
  50:Middlewares/Third_Party/FreeRTOS/Source/list.c **** 	pxList->xListEnd.pxPrevious = ( ListItem_t * ) &( pxList->xListEnd );/*lint !e826 !e740 The mini l
  48              		.loc 1 50 2 view .LVU9
  51:Middlewares/Third_Party/FreeRTOS/Source/list.c **** 
  49              		.loc 1 51 30 is_stmt 0 view .LVU10
  50 0010 C0E90333 		strd	r3, r3, [r0, #12]
  51              		.loc 1 53 2 is_stmt 1 view .LVU11
  54:Middlewares/Third_Party/FreeRTOS/Source/list.c **** 
  55:Middlewares/Third_Party/FreeRTOS/Source/list.c **** 	/* Write known values into the list if
  56:Middlewares/Third_Party/FreeRTOS/Source/list.c **** 	configUSE_LIST_DATA_INTEGRITY_CHECK_BYTES is set to 1. */
  57:Middlewares/Third_Party/FreeRTOS/Source/list.c **** 	listSET_LIST_INTEGRITY_CHECK_1_VALUE( pxList );
  52              		.loc 1 57 48 view .LVU12
ARM GAS  C:\Users\Johannes\AppData\Local\Temp\cc0BkNMu.s 			page 3


  58:Middlewares/Third_Party/FreeRTOS/Source/list.c **** 	listSET_LIST_INTEGRITY_CHECK_2_VALUE( pxList );
  53              		.loc 1 58 48 view .LVU13
  59:Middlewares/Third_Party/FreeRTOS/Source/list.c **** }
  54              		.loc 1 59 1 is_stmt 0 view .LVU14
  55 0014 7047     		bx	lr
  56              		.cfi_endproc
  57              	.LFE5:
  59 0016 00BF     		.section	.text.vListInitialiseItem,"ax",%progbits
  60              		.align	1
  61              		.p2align 2,,3
  62              		.global	vListInitialiseItem
  63              		.syntax unified
  64              		.thumb
  65              		.thumb_func
  66              		.fpu softvfp
  68              	vListInitialiseItem:
  69              	.LVL1:
  70              	.LFB6:
  60:Middlewares/Third_Party/FreeRTOS/Source/list.c **** /*-----------------------------------------------------------*/
  61:Middlewares/Third_Party/FreeRTOS/Source/list.c **** 
  62:Middlewares/Third_Party/FreeRTOS/Source/list.c **** void vListInitialiseItem( ListItem_t * const pxItem )
  63:Middlewares/Third_Party/FreeRTOS/Source/list.c **** {
  71              		.loc 1 63 1 is_stmt 1 view -0
  72              		.cfi_startproc
  73              		@ args = 0, pretend = 0, frame = 0
  74              		@ frame_needed = 0, uses_anonymous_args = 0
  75              		@ link register save eliminated.
  64:Middlewares/Third_Party/FreeRTOS/Source/list.c **** 	/* Make sure the list item is not recorded as being on a list. */
  65:Middlewares/Third_Party/FreeRTOS/Source/list.c **** 	pxItem->pvContainer = NULL;
  76              		.loc 1 65 2 view .LVU16
  77              		.loc 1 65 22 is_stmt 0 view .LVU17
  78 0000 0023     		movs	r3, #0
  79 0002 0361     		str	r3, [r0, #16]
  66:Middlewares/Third_Party/FreeRTOS/Source/list.c **** 
  67:Middlewares/Third_Party/FreeRTOS/Source/list.c **** 	/* Write known values into the list item if
  68:Middlewares/Third_Party/FreeRTOS/Source/list.c **** 	configUSE_LIST_DATA_INTEGRITY_CHECK_BYTES is set to 1. */
  69:Middlewares/Third_Party/FreeRTOS/Source/list.c **** 	listSET_FIRST_LIST_ITEM_INTEGRITY_CHECK_VALUE( pxItem );
  80              		.loc 1 69 57 is_stmt 1 view .LVU18
  70:Middlewares/Third_Party/FreeRTOS/Source/list.c **** 	listSET_SECOND_LIST_ITEM_INTEGRITY_CHECK_VALUE( pxItem );
  81              		.loc 1 70 58 view .LVU19
  71:Middlewares/Third_Party/FreeRTOS/Source/list.c **** }
  82              		.loc 1 71 1 is_stmt 0 view .LVU20
  83 0004 7047     		bx	lr
  84              		.cfi_endproc
  85              	.LFE6:
  87 0006 00BF     		.section	.text.vListInsertEnd,"ax",%progbits
  88              		.align	1
  89              		.p2align 2,,3
  90              		.global	vListInsertEnd
  91              		.syntax unified
  92              		.thumb
  93              		.thumb_func
  94              		.fpu softvfp
  96              	vListInsertEnd:
  97              	.LVL2:
  98              	.LFB7:
  72:Middlewares/Third_Party/FreeRTOS/Source/list.c **** /*-----------------------------------------------------------*/
ARM GAS  C:\Users\Johannes\AppData\Local\Temp\cc0BkNMu.s 			page 4


  73:Middlewares/Third_Party/FreeRTOS/Source/list.c **** 
  74:Middlewares/Third_Party/FreeRTOS/Source/list.c **** void vListInsertEnd( List_t * const pxList, ListItem_t * const pxNewListItem )
  75:Middlewares/Third_Party/FreeRTOS/Source/list.c **** {
  99              		.loc 1 75 1 is_stmt 1 view -0
 100              		.cfi_startproc
 101              		@ args = 0, pretend = 0, frame = 0
 102              		@ frame_needed = 0, uses_anonymous_args = 0
 103              		@ link register save eliminated.
  76:Middlewares/Third_Party/FreeRTOS/Source/list.c **** ListItem_t * const pxIndex = pxList->pxIndex;
 104              		.loc 1 76 1 view .LVU22
 105              		.loc 1 76 20 is_stmt 0 view .LVU23
 106 0000 4368     		ldr	r3, [r0, #4]
 107              	.LVL3:
  77:Middlewares/Third_Party/FreeRTOS/Source/list.c **** 
  78:Middlewares/Third_Party/FreeRTOS/Source/list.c **** 	/* Only effective when configASSERT() is also defined, these tests may catch
  79:Middlewares/Third_Party/FreeRTOS/Source/list.c **** 	the list data structures being overwritten in memory.  They will not catch
  80:Middlewares/Third_Party/FreeRTOS/Source/list.c **** 	data errors caused by incorrect configuration or use of FreeRTOS. */
  81:Middlewares/Third_Party/FreeRTOS/Source/list.c **** 	listTEST_LIST_INTEGRITY( pxList );
 108              		.loc 1 81 35 is_stmt 1 view .LVU24
  82:Middlewares/Third_Party/FreeRTOS/Source/list.c **** 	listTEST_LIST_ITEM_INTEGRITY( pxNewListItem );
 109              		.loc 1 82 47 view .LVU25
  83:Middlewares/Third_Party/FreeRTOS/Source/list.c **** 
  84:Middlewares/Third_Party/FreeRTOS/Source/list.c **** 	/* Insert a new list item into pxList, but rather than sort the list,
  85:Middlewares/Third_Party/FreeRTOS/Source/list.c **** 	makes the new list item the last item to be removed by a call to
  86:Middlewares/Third_Party/FreeRTOS/Source/list.c **** 	listGET_OWNER_OF_NEXT_ENTRY(). */
  87:Middlewares/Third_Party/FreeRTOS/Source/list.c **** 	pxNewListItem->pxNext = pxIndex;
 110              		.loc 1 87 2 view .LVU26
  75:Middlewares/Third_Party/FreeRTOS/Source/list.c **** ListItem_t * const pxIndex = pxList->pxIndex;
 111              		.loc 1 75 1 is_stmt 0 view .LVU27
 112 0002 10B4     		push	{r4}
 113              	.LCFI0:
 114              		.cfi_def_cfa_offset 4
 115              		.cfi_offset 4, -4
  88:Middlewares/Third_Party/FreeRTOS/Source/list.c **** 	pxNewListItem->pxPrevious = pxIndex->pxPrevious;
 116              		.loc 1 88 37 view .LVU28
 117 0004 9C68     		ldr	r4, [r3, #8]
  89:Middlewares/Third_Party/FreeRTOS/Source/list.c **** 
  90:Middlewares/Third_Party/FreeRTOS/Source/list.c **** 	/* Only used during decision coverage testing. */
  91:Middlewares/Third_Party/FreeRTOS/Source/list.c **** 	mtCOVERAGE_TEST_DELAY();
  92:Middlewares/Third_Party/FreeRTOS/Source/list.c **** 
  93:Middlewares/Third_Party/FreeRTOS/Source/list.c **** 	pxIndex->pxPrevious->pxNext = pxNewListItem;
  94:Middlewares/Third_Party/FreeRTOS/Source/list.c **** 	pxIndex->pxPrevious = pxNewListItem;
  95:Middlewares/Third_Party/FreeRTOS/Source/list.c **** 
  96:Middlewares/Third_Party/FreeRTOS/Source/list.c **** 	/* Remember which list the item is in. */
  97:Middlewares/Third_Party/FreeRTOS/Source/list.c **** 	pxNewListItem->pvContainer = ( void * ) pxList;
  98:Middlewares/Third_Party/FreeRTOS/Source/list.c **** 
  99:Middlewares/Third_Party/FreeRTOS/Source/list.c **** 	( pxList->uxNumberOfItems )++;
 118              		.loc 1 99 10 view .LVU29
 119 0006 0268     		ldr	r2, [r0]
  88:Middlewares/Third_Party/FreeRTOS/Source/list.c **** 	pxNewListItem->pxPrevious = pxIndex->pxPrevious;
 120              		.loc 1 88 28 view .LVU30
 121 0008 8C60     		str	r4, [r1, #8]
  93:Middlewares/Third_Party/FreeRTOS/Source/list.c **** 	pxIndex->pxPrevious = pxNewListItem;
 122              		.loc 1 93 30 view .LVU31
 123 000a 9C68     		ldr	r4, [r3, #8]
 124              		.loc 1 99 29 view .LVU32
 125 000c 0132     		adds	r2, r2, #1
ARM GAS  C:\Users\Johannes\AppData\Local\Temp\cc0BkNMu.s 			page 5


  87:Middlewares/Third_Party/FreeRTOS/Source/list.c **** 	pxNewListItem->pxPrevious = pxIndex->pxPrevious;
 126              		.loc 1 87 24 view .LVU33
 127 000e 4B60     		str	r3, [r1, #4]
  88:Middlewares/Third_Party/FreeRTOS/Source/list.c **** 
 128              		.loc 1 88 2 is_stmt 1 view .LVU34
  91:Middlewares/Third_Party/FreeRTOS/Source/list.c **** 
 129              		.loc 1 91 25 view .LVU35
  93:Middlewares/Third_Party/FreeRTOS/Source/list.c **** 	pxIndex->pxPrevious = pxNewListItem;
 130              		.loc 1 93 2 view .LVU36
  93:Middlewares/Third_Party/FreeRTOS/Source/list.c **** 	pxIndex->pxPrevious = pxNewListItem;
 131              		.loc 1 93 30 is_stmt 0 view .LVU37
 132 0010 6160     		str	r1, [r4, #4]
  94:Middlewares/Third_Party/FreeRTOS/Source/list.c **** 
 133              		.loc 1 94 2 is_stmt 1 view .LVU38
  94:Middlewares/Third_Party/FreeRTOS/Source/list.c **** 
 134              		.loc 1 94 22 is_stmt 0 view .LVU39
 135 0012 9960     		str	r1, [r3, #8]
  97:Middlewares/Third_Party/FreeRTOS/Source/list.c **** 
 136              		.loc 1 97 2 is_stmt 1 view .LVU40
 100:Middlewares/Third_Party/FreeRTOS/Source/list.c **** }
 137              		.loc 1 100 1 is_stmt 0 view .LVU41
 138 0014 10BC     		pop	{r4}
 139              	.LCFI1:
 140              		.cfi_restore 4
 141              		.cfi_def_cfa_offset 0
  97:Middlewares/Third_Party/FreeRTOS/Source/list.c **** 
 142              		.loc 1 97 29 view .LVU42
 143 0016 0861     		str	r0, [r1, #16]
  99:Middlewares/Third_Party/FreeRTOS/Source/list.c **** }
 144              		.loc 1 99 2 is_stmt 1 view .LVU43
  99:Middlewares/Third_Party/FreeRTOS/Source/list.c **** }
 145              		.loc 1 99 29 is_stmt 0 view .LVU44
 146 0018 0260     		str	r2, [r0]
 147              		.loc 1 100 1 view .LVU45
 148 001a 7047     		bx	lr
 149              		.cfi_endproc
 150              	.LFE7:
 152              		.section	.text.vListInsert,"ax",%progbits
 153              		.align	1
 154              		.p2align 2,,3
 155              		.global	vListInsert
 156              		.syntax unified
 157              		.thumb
 158              		.thumb_func
 159              		.fpu softvfp
 161              	vListInsert:
 162              	.LVL4:
 163              	.LFB8:
 101:Middlewares/Third_Party/FreeRTOS/Source/list.c **** /*-----------------------------------------------------------*/
 102:Middlewares/Third_Party/FreeRTOS/Source/list.c **** 
 103:Middlewares/Third_Party/FreeRTOS/Source/list.c **** void vListInsert( List_t * const pxList, ListItem_t * const pxNewListItem )
 104:Middlewares/Third_Party/FreeRTOS/Source/list.c **** {
 164              		.loc 1 104 1 is_stmt 1 view -0
 165              		.cfi_startproc
 166              		@ args = 0, pretend = 0, frame = 0
 167              		@ frame_needed = 0, uses_anonymous_args = 0
 168              		@ link register save eliminated.
ARM GAS  C:\Users\Johannes\AppData\Local\Temp\cc0BkNMu.s 			page 6


 105:Middlewares/Third_Party/FreeRTOS/Source/list.c **** ListItem_t *pxIterator;
 169              		.loc 1 105 1 view .LVU47
 106:Middlewares/Third_Party/FreeRTOS/Source/list.c **** const TickType_t xValueOfInsertion = pxNewListItem->xItemValue;
 170              		.loc 1 106 1 view .LVU48
 104:Middlewares/Third_Party/FreeRTOS/Source/list.c **** ListItem_t *pxIterator;
 171              		.loc 1 104 1 is_stmt 0 view .LVU49
 172 0000 30B4     		push	{r4, r5}
 173              	.LCFI2:
 174              		.cfi_def_cfa_offset 8
 175              		.cfi_offset 4, -8
 176              		.cfi_offset 5, -4
 177              		.loc 1 106 18 view .LVU50
 178 0002 0D68     		ldr	r5, [r1]
 179              	.LVL5:
 107:Middlewares/Third_Party/FreeRTOS/Source/list.c **** 
 108:Middlewares/Third_Party/FreeRTOS/Source/list.c **** 	/* Only effective when configASSERT() is also defined, these tests may catch
 109:Middlewares/Third_Party/FreeRTOS/Source/list.c **** 	the list data structures being overwritten in memory.  They will not catch
 110:Middlewares/Third_Party/FreeRTOS/Source/list.c **** 	data errors caused by incorrect configuration or use of FreeRTOS. */
 111:Middlewares/Third_Party/FreeRTOS/Source/list.c **** 	listTEST_LIST_INTEGRITY( pxList );
 180              		.loc 1 111 35 is_stmt 1 view .LVU51
 112:Middlewares/Third_Party/FreeRTOS/Source/list.c **** 	listTEST_LIST_ITEM_INTEGRITY( pxNewListItem );
 181              		.loc 1 112 47 view .LVU52
 113:Middlewares/Third_Party/FreeRTOS/Source/list.c **** 
 114:Middlewares/Third_Party/FreeRTOS/Source/list.c **** 	/* Insert the new list item into the list, sorted in xItemValue order.
 115:Middlewares/Third_Party/FreeRTOS/Source/list.c **** 
 116:Middlewares/Third_Party/FreeRTOS/Source/list.c **** 	If the list already contains a list item with the same item value then the
 117:Middlewares/Third_Party/FreeRTOS/Source/list.c **** 	new list item should be placed after it.  This ensures that TCB's which are
 118:Middlewares/Third_Party/FreeRTOS/Source/list.c **** 	stored in ready lists (all of which have the same xItemValue value) get a
 119:Middlewares/Third_Party/FreeRTOS/Source/list.c **** 	share of the CPU.  However, if the xItemValue is the same as the back marker
 120:Middlewares/Third_Party/FreeRTOS/Source/list.c **** 	the iteration loop below will not end.  Therefore the value is checked
 121:Middlewares/Third_Party/FreeRTOS/Source/list.c **** 	first, and the algorithm slightly modified if necessary. */
 122:Middlewares/Third_Party/FreeRTOS/Source/list.c **** 	if( xValueOfInsertion == portMAX_DELAY )
 182              		.loc 1 122 2 view .LVU53
 183              		.loc 1 122 4 is_stmt 0 view .LVU54
 184 0004 6B1C     		adds	r3, r5, #1
 185 0006 11D0     		beq	.L12
 123:Middlewares/Third_Party/FreeRTOS/Source/list.c **** 	{
 124:Middlewares/Third_Party/FreeRTOS/Source/list.c **** 		pxIterator = pxList->xListEnd.pxPrevious;
 125:Middlewares/Third_Party/FreeRTOS/Source/list.c **** 	}
 126:Middlewares/Third_Party/FreeRTOS/Source/list.c **** 	else
 127:Middlewares/Third_Party/FreeRTOS/Source/list.c **** 	{
 128:Middlewares/Third_Party/FreeRTOS/Source/list.c **** 		/* *** NOTE ***********************************************************
 129:Middlewares/Third_Party/FreeRTOS/Source/list.c **** 		If you find your application is crashing here then likely causes are
 130:Middlewares/Third_Party/FreeRTOS/Source/list.c **** 		listed below.  In addition see http://www.freertos.org/FAQHelp.html for
 131:Middlewares/Third_Party/FreeRTOS/Source/list.c **** 		more tips, and ensure configASSERT() is defined!
 132:Middlewares/Third_Party/FreeRTOS/Source/list.c **** 		http://www.freertos.org/a00110.html#configASSERT
 133:Middlewares/Third_Party/FreeRTOS/Source/list.c **** 
 134:Middlewares/Third_Party/FreeRTOS/Source/list.c **** 			1) Stack overflow -
 135:Middlewares/Third_Party/FreeRTOS/Source/list.c **** 			   see http://www.freertos.org/Stacks-and-stack-overflow-checking.html
 136:Middlewares/Third_Party/FreeRTOS/Source/list.c **** 			2) Incorrect interrupt priority assignment, especially on Cortex-M
 137:Middlewares/Third_Party/FreeRTOS/Source/list.c **** 			   parts where numerically high priority values denote low actual
 138:Middlewares/Third_Party/FreeRTOS/Source/list.c **** 			   interrupt priorities, which can seem counter intuitive.  See
 139:Middlewares/Third_Party/FreeRTOS/Source/list.c **** 			   http://www.freertos.org/RTOS-Cortex-M3-M4.html and the definition
 140:Middlewares/Third_Party/FreeRTOS/Source/list.c **** 			   of configMAX_SYSCALL_INTERRUPT_PRIORITY on
 141:Middlewares/Third_Party/FreeRTOS/Source/list.c **** 			   http://www.freertos.org/a00110.html
 142:Middlewares/Third_Party/FreeRTOS/Source/list.c **** 			3) Calling an API function from within a critical section or when
 143:Middlewares/Third_Party/FreeRTOS/Source/list.c **** 			   the scheduler is suspended, or calling an API function that does
ARM GAS  C:\Users\Johannes\AppData\Local\Temp\cc0BkNMu.s 			page 7


 144:Middlewares/Third_Party/FreeRTOS/Source/list.c **** 			   not end in "FromISR" from an interrupt.
 145:Middlewares/Third_Party/FreeRTOS/Source/list.c **** 			4) Using a queue or semaphore before it has been initialised or
 146:Middlewares/Third_Party/FreeRTOS/Source/list.c **** 			   before the scheduler has been started (are interrupts firing
 147:Middlewares/Third_Party/FreeRTOS/Source/list.c **** 			   before vTaskStartScheduler() has been called?).
 148:Middlewares/Third_Party/FreeRTOS/Source/list.c **** 		**********************************************************************/
 149:Middlewares/Third_Party/FreeRTOS/Source/list.c **** 
 150:Middlewares/Third_Party/FreeRTOS/Source/list.c **** 		for( pxIterator = ( ListItem_t * ) &( pxList->xListEnd ); pxIterator->pxNext->xItemValue <= xValu
 186              		.loc 1 150 3 is_stmt 1 view .LVU55
 187              		.loc 1 150 19 is_stmt 0 view .LVU56
 188 0008 00F10802 		add	r2, r0, #8
 189              	.LVL6:
 190              		.loc 1 150 3 view .LVU57
 191 000c 00E0     		b	.L9
 192              	.L10:
 193              		.loc 1 150 3 view .LVU58
 194 000e 1A46     		mov	r2, r3
 195              	.LVL7:
 196              	.L9:
 197              		.loc 1 150 71 discriminator 1 view .LVU59
 198 0010 5368     		ldr	r3, [r2, #4]
 199              		.loc 1 150 79 discriminator 1 view .LVU60
 200 0012 1C68     		ldr	r4, [r3]
 201              		.loc 1 150 3 discriminator 1 view .LVU61
 202 0014 AC42     		cmp	r4, r5
 203 0016 FAD9     		bls	.L10
 204              	.L8:
 151:Middlewares/Third_Party/FreeRTOS/Source/list.c **** 		{
 152:Middlewares/Third_Party/FreeRTOS/Source/list.c **** 			/* There is nothing to do here, just iterating to the wanted
 153:Middlewares/Third_Party/FreeRTOS/Source/list.c **** 			insertion position. */
 154:Middlewares/Third_Party/FreeRTOS/Source/list.c **** 		}
 155:Middlewares/Third_Party/FreeRTOS/Source/list.c **** 	}
 156:Middlewares/Third_Party/FreeRTOS/Source/list.c **** 
 157:Middlewares/Third_Party/FreeRTOS/Source/list.c **** 	pxNewListItem->pxNext = pxIterator->pxNext;
 205              		.loc 1 157 2 is_stmt 1 view .LVU62
 158:Middlewares/Third_Party/FreeRTOS/Source/list.c **** 	pxNewListItem->pxNext->pxPrevious = pxNewListItem;
 159:Middlewares/Third_Party/FreeRTOS/Source/list.c **** 	pxNewListItem->pxPrevious = pxIterator;
 160:Middlewares/Third_Party/FreeRTOS/Source/list.c **** 	pxIterator->pxNext = pxNewListItem;
 161:Middlewares/Third_Party/FreeRTOS/Source/list.c **** 
 162:Middlewares/Third_Party/FreeRTOS/Source/list.c **** 	/* Remember which list the item is in.  This allows fast removal of the
 163:Middlewares/Third_Party/FreeRTOS/Source/list.c **** 	item later. */
 164:Middlewares/Third_Party/FreeRTOS/Source/list.c **** 	pxNewListItem->pvContainer = ( void * ) pxList;
 165:Middlewares/Third_Party/FreeRTOS/Source/list.c **** 
 166:Middlewares/Third_Party/FreeRTOS/Source/list.c **** 	( pxList->uxNumberOfItems )++;
 206              		.loc 1 166 10 is_stmt 0 view .LVU63
 207 0018 0468     		ldr	r4, [r0]
 157:Middlewares/Third_Party/FreeRTOS/Source/list.c **** 	pxNewListItem->pxNext->pxPrevious = pxNewListItem;
 208              		.loc 1 157 24 view .LVU64
 209 001a 4B60     		str	r3, [r1, #4]
 158:Middlewares/Third_Party/FreeRTOS/Source/list.c **** 	pxNewListItem->pxNext->pxPrevious = pxNewListItem;
 210              		.loc 1 158 2 is_stmt 1 view .LVU65
 211              		.loc 1 166 29 is_stmt 0 view .LVU66
 212 001c 0134     		adds	r4, r4, #1
 158:Middlewares/Third_Party/FreeRTOS/Source/list.c **** 	pxNewListItem->pxNext->pxPrevious = pxNewListItem;
 213              		.loc 1 158 36 view .LVU67
 214 001e 9960     		str	r1, [r3, #8]
 159:Middlewares/Third_Party/FreeRTOS/Source/list.c **** 	pxIterator->pxNext = pxNewListItem;
 215              		.loc 1 159 2 is_stmt 1 view .LVU68
ARM GAS  C:\Users\Johannes\AppData\Local\Temp\cc0BkNMu.s 			page 8


 159:Middlewares/Third_Party/FreeRTOS/Source/list.c **** 	pxIterator->pxNext = pxNewListItem;
 216              		.loc 1 159 28 is_stmt 0 view .LVU69
 217 0020 8A60     		str	r2, [r1, #8]
 160:Middlewares/Third_Party/FreeRTOS/Source/list.c **** 
 218              		.loc 1 160 2 is_stmt 1 view .LVU70
 160:Middlewares/Third_Party/FreeRTOS/Source/list.c **** 
 219              		.loc 1 160 21 is_stmt 0 view .LVU71
 220 0022 5160     		str	r1, [r2, #4]
 164:Middlewares/Third_Party/FreeRTOS/Source/list.c **** 
 221              		.loc 1 164 2 is_stmt 1 view .LVU72
 164:Middlewares/Third_Party/FreeRTOS/Source/list.c **** 
 222              		.loc 1 164 29 is_stmt 0 view .LVU73
 223 0024 0861     		str	r0, [r1, #16]
 224              		.loc 1 166 2 is_stmt 1 view .LVU74
 225              		.loc 1 166 29 is_stmt 0 view .LVU75
 226 0026 0460     		str	r4, [r0]
 167:Middlewares/Third_Party/FreeRTOS/Source/list.c **** }
 227              		.loc 1 167 1 view .LVU76
 228 0028 30BC     		pop	{r4, r5}
 229              	.LCFI3:
 230              		.cfi_remember_state
 231              		.cfi_restore 5
 232              		.cfi_restore 4
 233              		.cfi_def_cfa_offset 0
 234              	.LVL8:
 235              		.loc 1 167 1 view .LVU77
 236 002a 7047     		bx	lr
 237              	.LVL9:
 238              	.L12:
 239              	.LCFI4:
 240              		.cfi_restore_state
 124:Middlewares/Third_Party/FreeRTOS/Source/list.c **** 	}
 241              		.loc 1 124 3 is_stmt 1 view .LVU78
 124:Middlewares/Third_Party/FreeRTOS/Source/list.c **** 	}
 242              		.loc 1 124 14 is_stmt 0 view .LVU79
 243 002c 0269     		ldr	r2, [r0, #16]
 244              	.LVL10:
 124:Middlewares/Third_Party/FreeRTOS/Source/list.c **** 	}
 245              		.loc 1 124 14 view .LVU80
 246 002e 5368     		ldr	r3, [r2, #4]
 247 0030 F2E7     		b	.L8
 248              		.cfi_endproc
 249              	.LFE8:
 251 0032 00BF     		.section	.text.uxListRemove,"ax",%progbits
 252              		.align	1
 253              		.p2align 2,,3
 254              		.global	uxListRemove
 255              		.syntax unified
 256              		.thumb
 257              		.thumb_func
 258              		.fpu softvfp
 260              	uxListRemove:
 261              	.LVL11:
 262              	.LFB9:
 168:Middlewares/Third_Party/FreeRTOS/Source/list.c **** /*-----------------------------------------------------------*/
 169:Middlewares/Third_Party/FreeRTOS/Source/list.c **** 
 170:Middlewares/Third_Party/FreeRTOS/Source/list.c **** UBaseType_t uxListRemove( ListItem_t * const pxItemToRemove )
ARM GAS  C:\Users\Johannes\AppData\Local\Temp\cc0BkNMu.s 			page 9


 171:Middlewares/Third_Party/FreeRTOS/Source/list.c **** {
 263              		.loc 1 171 1 is_stmt 1 view -0
 264              		.cfi_startproc
 265              		@ args = 0, pretend = 0, frame = 0
 266              		@ frame_needed = 0, uses_anonymous_args = 0
 267              		@ link register save eliminated.
 172:Middlewares/Third_Party/FreeRTOS/Source/list.c **** /* The list item knows which list it is in.  Obtain the list from the list
 173:Middlewares/Third_Party/FreeRTOS/Source/list.c **** item. */
 174:Middlewares/Third_Party/FreeRTOS/Source/list.c **** List_t * const pxList = ( List_t * ) pxItemToRemove->pvContainer;
 268              		.loc 1 174 1 view .LVU82
 269              		.loc 1 174 16 is_stmt 0 view .LVU83
 270 0000 0369     		ldr	r3, [r0, #16]
 271              	.LVL12:
 175:Middlewares/Third_Party/FreeRTOS/Source/list.c **** 
 176:Middlewares/Third_Party/FreeRTOS/Source/list.c **** 	pxItemToRemove->pxNext->pxPrevious = pxItemToRemove->pxPrevious;
 272              		.loc 1 176 2 is_stmt 1 view .LVU84
 171:Middlewares/Third_Party/FreeRTOS/Source/list.c **** /* The list item knows which list it is in.  Obtain the list from the list
 273              		.loc 1 171 1 is_stmt 0 view .LVU85
 274 0002 10B4     		push	{r4}
 275              	.LCFI5:
 276              		.cfi_def_cfa_offset 4
 277              		.cfi_offset 4, -4
 278              		.loc 1 176 53 view .LVU86
 279 0004 D0E90112 		ldrd	r1, r2, [r0, #4]
 177:Middlewares/Third_Party/FreeRTOS/Source/list.c **** 	pxItemToRemove->pxPrevious->pxNext = pxItemToRemove->pxNext;
 178:Middlewares/Third_Party/FreeRTOS/Source/list.c **** 
 179:Middlewares/Third_Party/FreeRTOS/Source/list.c **** 	/* Only used during decision coverage testing. */
 180:Middlewares/Third_Party/FreeRTOS/Source/list.c **** 	mtCOVERAGE_TEST_DELAY();
 181:Middlewares/Third_Party/FreeRTOS/Source/list.c **** 
 182:Middlewares/Third_Party/FreeRTOS/Source/list.c **** 	/* Make sure the index is left pointing to a valid item. */
 183:Middlewares/Third_Party/FreeRTOS/Source/list.c **** 	if( pxList->pxIndex == pxItemToRemove )
 280              		.loc 1 183 4 view .LVU87
 281 0008 5C68     		ldr	r4, [r3, #4]
 176:Middlewares/Third_Party/FreeRTOS/Source/list.c **** 	pxItemToRemove->pxPrevious->pxNext = pxItemToRemove->pxNext;
 282              		.loc 1 176 37 view .LVU88
 283 000a 8A60     		str	r2, [r1, #8]
 177:Middlewares/Third_Party/FreeRTOS/Source/list.c **** 	pxItemToRemove->pxPrevious->pxNext = pxItemToRemove->pxNext;
 284              		.loc 1 177 2 is_stmt 1 view .LVU89
 177:Middlewares/Third_Party/FreeRTOS/Source/list.c **** 	pxItemToRemove->pxPrevious->pxNext = pxItemToRemove->pxNext;
 285              		.loc 1 177 37 is_stmt 0 view .LVU90
 286 000c 5160     		str	r1, [r2, #4]
 180:Middlewares/Third_Party/FreeRTOS/Source/list.c **** 
 287              		.loc 1 180 25 is_stmt 1 view .LVU91
 288              		.loc 1 183 2 view .LVU92
 184:Middlewares/Third_Party/FreeRTOS/Source/list.c **** 	{
 185:Middlewares/Third_Party/FreeRTOS/Source/list.c **** 		pxList->pxIndex = pxItemToRemove->pxPrevious;
 186:Middlewares/Third_Party/FreeRTOS/Source/list.c **** 	}
 187:Middlewares/Third_Party/FreeRTOS/Source/list.c **** 	else
 188:Middlewares/Third_Party/FreeRTOS/Source/list.c **** 	{
 189:Middlewares/Third_Party/FreeRTOS/Source/list.c **** 		mtCOVERAGE_TEST_MARKER();
 190:Middlewares/Third_Party/FreeRTOS/Source/list.c **** 	}
 191:Middlewares/Third_Party/FreeRTOS/Source/list.c **** 
 192:Middlewares/Third_Party/FreeRTOS/Source/list.c **** 	pxItemToRemove->pvContainer = NULL;
 289              		.loc 1 192 30 is_stmt 0 view .LVU93
 290 000e 0021     		movs	r1, #0
 183:Middlewares/Third_Party/FreeRTOS/Source/list.c **** 	{
 291              		.loc 1 183 4 view .LVU94
ARM GAS  C:\Users\Johannes\AppData\Local\Temp\cc0BkNMu.s 			page 10


 292 0010 8442     		cmp	r4, r0
 185:Middlewares/Third_Party/FreeRTOS/Source/list.c **** 	}
 293              		.loc 1 185 3 is_stmt 1 view .LVU95
 185:Middlewares/Third_Party/FreeRTOS/Source/list.c **** 	}
 294              		.loc 1 185 19 is_stmt 0 view .LVU96
 295 0012 08BF     		it	eq
 296 0014 5A60     		streq	r2, [r3, #4]
 189:Middlewares/Third_Party/FreeRTOS/Source/list.c **** 	}
 297              		.loc 1 189 27 is_stmt 1 view .LVU97
 298              		.loc 1 192 2 view .LVU98
 193:Middlewares/Third_Party/FreeRTOS/Source/list.c **** 	( pxList->uxNumberOfItems )--;
 299              		.loc 1 193 10 is_stmt 0 view .LVU99
 300 0016 1A68     		ldr	r2, [r3]
 192:Middlewares/Third_Party/FreeRTOS/Source/list.c **** 	( pxList->uxNumberOfItems )--;
 301              		.loc 1 192 30 view .LVU100
 302 0018 0161     		str	r1, [r0, #16]
 303              		.loc 1 193 2 is_stmt 1 view .LVU101
 304              		.loc 1 193 29 is_stmt 0 view .LVU102
 305 001a 013A     		subs	r2, r2, #1
 306 001c 1A60     		str	r2, [r3]
 194:Middlewares/Third_Party/FreeRTOS/Source/list.c **** 
 195:Middlewares/Third_Party/FreeRTOS/Source/list.c **** 	return pxList->uxNumberOfItems;
 307              		.loc 1 195 2 is_stmt 1 view .LVU103
 308              		.loc 1 195 15 is_stmt 0 view .LVU104
 309 001e 1868     		ldr	r0, [r3]
 310              	.LVL13:
 196:Middlewares/Third_Party/FreeRTOS/Source/list.c **** }
 311              		.loc 1 196 1 view .LVU105
 312 0020 10BC     		pop	{r4}
 313              	.LCFI6:
 314              		.cfi_restore 4
 315              		.cfi_def_cfa_offset 0
 316 0022 7047     		bx	lr
 317              		.cfi_endproc
 318              	.LFE9:
 320              		.text
 321              	.Letext0:
 322              		.file 2 "c:\\toolchains\\vsarm\\armcc\\lib\\gcc\\arm-none-eabi\\8.3.1\\include\\stddef.h"
 323              		.file 3 "c:\\toolchains\\vsarm\\armcc\\arm-none-eabi\\include\\machine\\_default_types.h"
 324              		.file 4 "c:\\toolchains\\vsarm\\armcc\\arm-none-eabi\\include\\sys\\_types.h"
 325              		.file 5 "c:\\toolchains\\vsarm\\armcc\\arm-none-eabi\\include\\sys\\reent.h"
 326              		.file 6 "c:\\toolchains\\vsarm\\armcc\\arm-none-eabi\\include\\sys\\lock.h"
 327              		.file 7 "c:\\toolchains\\vsarm\\armcc\\arm-none-eabi\\include\\stdlib.h"
 328              		.file 8 "c:\\toolchains\\vsarm\\armcc\\arm-none-eabi\\include\\sys\\_stdint.h"
 329              		.file 9 "Inc/FreeRTOSConfig.h"
 330              		.file 10 "Middlewares/Third_Party/FreeRTOS/Source/portable/GCC/ARM_CM3/portmacro.h"
 331              		.file 11 "Middlewares/Third_Party/FreeRTOS/Source/include/list.h"
ARM GAS  C:\Users\Johannes\AppData\Local\Temp\cc0BkNMu.s 			page 11


DEFINED SYMBOLS
                            *ABS*:00000000 list.c
C:\Users\Johannes\AppData\Local\Temp\cc0BkNMu.s:16     .text.vListInitialise:00000000 $t
C:\Users\Johannes\AppData\Local\Temp\cc0BkNMu.s:25     .text.vListInitialise:00000000 vListInitialise
C:\Users\Johannes\AppData\Local\Temp\cc0BkNMu.s:60     .text.vListInitialiseItem:00000000 $t
C:\Users\Johannes\AppData\Local\Temp\cc0BkNMu.s:68     .text.vListInitialiseItem:00000000 vListInitialiseItem
C:\Users\Johannes\AppData\Local\Temp\cc0BkNMu.s:88     .text.vListInsertEnd:00000000 $t
C:\Users\Johannes\AppData\Local\Temp\cc0BkNMu.s:96     .text.vListInsertEnd:00000000 vListInsertEnd
C:\Users\Johannes\AppData\Local\Temp\cc0BkNMu.s:153    .text.vListInsert:00000000 $t
C:\Users\Johannes\AppData\Local\Temp\cc0BkNMu.s:161    .text.vListInsert:00000000 vListInsert
C:\Users\Johannes\AppData\Local\Temp\cc0BkNMu.s:252    .text.uxListRemove:00000000 $t
C:\Users\Johannes\AppData\Local\Temp\cc0BkNMu.s:260    .text.uxListRemove:00000000 uxListRemove

NO UNDEFINED SYMBOLS
