ARM GAS  C:\Users\Johannes\AppData\Local\Temp\cclmZh6c.s 			page 1


   1              		.cpu cortex-m3
   2              		.eabi_attribute 20, 1
   3              		.eabi_attribute 21, 1
   4              		.eabi_attribute 23, 3
   5              		.eabi_attribute 24, 1
   6              		.eabi_attribute 25, 1
   7              		.eabi_attribute 26, 1
   8              		.eabi_attribute 30, 2
   9              		.eabi_attribute 34, 1
  10              		.eabi_attribute 18, 4
  11              		.file	"stm32f1xx_hal_timebase_tim.c"
  12              		.text
  13              	.Ltext0:
  14              		.cfi_sections	.debug_frame
  15              		.section	.text.HAL_InitTick,"ax",%progbits
  16              		.align	1
  17              		.p2align 2,,3
  18              		.global	HAL_InitTick
  19              		.arch armv7-m
  20              		.syntax unified
  21              		.thumb
  22              		.thumb_func
  23              		.fpu softvfp
  25              	HAL_InitTick:
  26              	.LVL0:
  27              	.LFB65:
  28              		.file 1 "Src/stm32f1xx_hal_timebase_tim.c"
   1:Src/stm32f1xx_hal_timebase_tim.c **** /* USER CODE BEGIN Header */
   2:Src/stm32f1xx_hal_timebase_tim.c **** /**
   3:Src/stm32f1xx_hal_timebase_tim.c ****   ******************************************************************************
   4:Src/stm32f1xx_hal_timebase_tim.c ****   * @file    stm32f1xx_hal_timebase_TIM.c 
   5:Src/stm32f1xx_hal_timebase_tim.c ****   * @brief   HAL time base based on the hardware TIM.
   6:Src/stm32f1xx_hal_timebase_tim.c ****   ******************************************************************************
   7:Src/stm32f1xx_hal_timebase_tim.c ****   * @attention
   8:Src/stm32f1xx_hal_timebase_tim.c ****   *
   9:Src/stm32f1xx_hal_timebase_tim.c ****   * <h2><center>&copy; Copyright (c) 2019 STMicroelectronics.
  10:Src/stm32f1xx_hal_timebase_tim.c ****   * All rights reserved.</center></h2>
  11:Src/stm32f1xx_hal_timebase_tim.c ****   *
  12:Src/stm32f1xx_hal_timebase_tim.c ****   * This software component is licensed by ST under Ultimate Liberty license
  13:Src/stm32f1xx_hal_timebase_tim.c ****   * SLA0044, the "License"; You may not use this file except in compliance with
  14:Src/stm32f1xx_hal_timebase_tim.c ****   * the License. You may obtain a copy of the License at:
  15:Src/stm32f1xx_hal_timebase_tim.c ****   *                             www.st.com/SLA0044
  16:Src/stm32f1xx_hal_timebase_tim.c ****   *
  17:Src/stm32f1xx_hal_timebase_tim.c ****   ******************************************************************************
  18:Src/stm32f1xx_hal_timebase_tim.c ****   */
  19:Src/stm32f1xx_hal_timebase_tim.c **** /* USER CODE END Header */
  20:Src/stm32f1xx_hal_timebase_tim.c **** 
  21:Src/stm32f1xx_hal_timebase_tim.c **** /* Includes ------------------------------------------------------------------*/
  22:Src/stm32f1xx_hal_timebase_tim.c **** #include "stm32f1xx_hal.h"
  23:Src/stm32f1xx_hal_timebase_tim.c **** #include "stm32f1xx_hal_tim.h"
  24:Src/stm32f1xx_hal_timebase_tim.c ****  
  25:Src/stm32f1xx_hal_timebase_tim.c **** /* Private typedef -----------------------------------------------------------*/
  26:Src/stm32f1xx_hal_timebase_tim.c **** /* Private define ------------------------------------------------------------*/
  27:Src/stm32f1xx_hal_timebase_tim.c **** /* Private macro -------------------------------------------------------------*/
  28:Src/stm32f1xx_hal_timebase_tim.c **** /* Private variables ---------------------------------------------------------*/
  29:Src/stm32f1xx_hal_timebase_tim.c **** TIM_HandleTypeDef        htim1; 
  30:Src/stm32f1xx_hal_timebase_tim.c **** /* Private function prototypes -----------------------------------------------*/
ARM GAS  C:\Users\Johannes\AppData\Local\Temp\cclmZh6c.s 			page 2


  31:Src/stm32f1xx_hal_timebase_tim.c **** /* Private functions ---------------------------------------------------------*/
  32:Src/stm32f1xx_hal_timebase_tim.c **** 
  33:Src/stm32f1xx_hal_timebase_tim.c **** /**
  34:Src/stm32f1xx_hal_timebase_tim.c ****   * @brief  This function configures the TIM1 as a time base source. 
  35:Src/stm32f1xx_hal_timebase_tim.c ****   *         The time source is configured  to have 1ms time base with a dedicated 
  36:Src/stm32f1xx_hal_timebase_tim.c ****   *         Tick interrupt priority. 
  37:Src/stm32f1xx_hal_timebase_tim.c ****   * @note   This function is called  automatically at the beginning of program after
  38:Src/stm32f1xx_hal_timebase_tim.c ****   *         reset by HAL_Init() or at any time when clock is configured, by HAL_RCC_ClockConfig(). 
  39:Src/stm32f1xx_hal_timebase_tim.c ****   * @param  TickPriority: Tick interrupt priority.
  40:Src/stm32f1xx_hal_timebase_tim.c ****   * @retval HAL status
  41:Src/stm32f1xx_hal_timebase_tim.c ****   */
  42:Src/stm32f1xx_hal_timebase_tim.c **** HAL_StatusTypeDef HAL_InitTick(uint32_t TickPriority)
  43:Src/stm32f1xx_hal_timebase_tim.c **** {
  29              		.loc 1 43 1 view -0
  30              		.cfi_startproc
  31              		@ args = 0, pretend = 0, frame = 32
  32              		@ frame_needed = 0, uses_anonymous_args = 0
  44:Src/stm32f1xx_hal_timebase_tim.c ****   RCC_ClkInitTypeDef    clkconfig;
  33              		.loc 1 44 3 view .LVU1
  45:Src/stm32f1xx_hal_timebase_tim.c ****   uint32_t              uwTimclock = 0;
  34              		.loc 1 45 3 view .LVU2
  46:Src/stm32f1xx_hal_timebase_tim.c ****   uint32_t              uwPrescalerValue = 0;
  35              		.loc 1 46 3 view .LVU3
  47:Src/stm32f1xx_hal_timebase_tim.c ****   uint32_t              pFLatency;
  36              		.loc 1 47 3 view .LVU4
  48:Src/stm32f1xx_hal_timebase_tim.c ****   
  49:Src/stm32f1xx_hal_timebase_tim.c ****   /*Configure the TIM1 IRQ priority */
  50:Src/stm32f1xx_hal_timebase_tim.c ****   HAL_NVIC_SetPriority(TIM1_UP_IRQn, TickPriority ,0); 
  37              		.loc 1 50 3 view .LVU5
  43:Src/stm32f1xx_hal_timebase_tim.c ****   RCC_ClkInitTypeDef    clkconfig;
  38              		.loc 1 43 1 is_stmt 0 view .LVU6
  39 0000 10B5     		push	{r4, lr}
  40              	.LCFI0:
  41              		.cfi_def_cfa_offset 8
  42              		.cfi_offset 4, -8
  43              		.cfi_offset 14, -4
  44              		.loc 1 50 3 view .LVU7
  45 0002 0146     		mov	r1, r0
  43:Src/stm32f1xx_hal_timebase_tim.c ****   RCC_ClkInitTypeDef    clkconfig;
  46              		.loc 1 43 1 view .LVU8
  47 0004 88B0     		sub	sp, sp, #32
  48              	.LCFI1:
  49              		.cfi_def_cfa_offset 40
  50              		.loc 1 50 3 view .LVU9
  51 0006 0022     		movs	r2, #0
  52 0008 1920     		movs	r0, #25
  53              	.LVL1:
  54              		.loc 1 50 3 view .LVU10
  55 000a FFF7FEFF 		bl	HAL_NVIC_SetPriority
  56              	.LVL2:
  51:Src/stm32f1xx_hal_timebase_tim.c ****   
  52:Src/stm32f1xx_hal_timebase_tim.c ****   /* Enable the TIM1 global Interrupt */
  53:Src/stm32f1xx_hal_timebase_tim.c ****   HAL_NVIC_EnableIRQ(TIM1_UP_IRQn); 
  57              		.loc 1 53 3 is_stmt 1 view .LVU11
  58 000e 1920     		movs	r0, #25
  59 0010 FFF7FEFF 		bl	HAL_NVIC_EnableIRQ
  60              	.LVL3:
ARM GAS  C:\Users\Johannes\AppData\Local\Temp\cclmZh6c.s 			page 3


  54:Src/stm32f1xx_hal_timebase_tim.c ****   
  55:Src/stm32f1xx_hal_timebase_tim.c ****   /* Enable TIM1 clock */
  56:Src/stm32f1xx_hal_timebase_tim.c ****   __HAL_RCC_TIM1_CLK_ENABLE();
  61              		.loc 1 56 3 view .LVU12
  62              	.LBB2:
  63              		.loc 1 56 3 view .LVU13
  64              		.loc 1 56 3 view .LVU14
  65 0014 154B     		ldr	r3, .L7
  66              	.LBE2:
  57:Src/stm32f1xx_hal_timebase_tim.c ****   
  58:Src/stm32f1xx_hal_timebase_tim.c ****   /* Get clock configuration */
  59:Src/stm32f1xx_hal_timebase_tim.c ****   HAL_RCC_GetClockConfig(&clkconfig, &pFLatency);
  67              		.loc 1 59 3 is_stmt 0 view .LVU15
  68 0016 01A9     		add	r1, sp, #4
  69              	.LBB3:
  56:Src/stm32f1xx_hal_timebase_tim.c ****   
  70              		.loc 1 56 3 view .LVU16
  71 0018 9A69     		ldr	r2, [r3, #24]
  72              	.LBE3:
  73              		.loc 1 59 3 view .LVU17
  74 001a 03A8     		add	r0, sp, #12
  75              	.LBB4:
  56:Src/stm32f1xx_hal_timebase_tim.c ****   
  76              		.loc 1 56 3 view .LVU18
  77 001c 42F40062 		orr	r2, r2, #2048
  78 0020 9A61     		str	r2, [r3, #24]
  56:Src/stm32f1xx_hal_timebase_tim.c ****   
  79              		.loc 1 56 3 is_stmt 1 view .LVU19
  80 0022 9B69     		ldr	r3, [r3, #24]
  81              	.LBE4:
  60:Src/stm32f1xx_hal_timebase_tim.c ****   
  61:Src/stm32f1xx_hal_timebase_tim.c ****   /* Compute TIM1 clock */
  62:Src/stm32f1xx_hal_timebase_tim.c ****   uwTimclock = HAL_RCC_GetPCLK2Freq();
  63:Src/stm32f1xx_hal_timebase_tim.c ****    
  64:Src/stm32f1xx_hal_timebase_tim.c ****   /* Compute the prescaler value to have TIM1 counter clock equal to 1MHz */
  65:Src/stm32f1xx_hal_timebase_tim.c ****   uwPrescalerValue = (uint32_t) ((uwTimclock / 1000000) - 1);
  66:Src/stm32f1xx_hal_timebase_tim.c ****   
  67:Src/stm32f1xx_hal_timebase_tim.c ****   /* Initialize TIM1 */
  68:Src/stm32f1xx_hal_timebase_tim.c ****   htim1.Instance = TIM1;
  82              		.loc 1 68 18 is_stmt 0 view .LVU20
  83 0024 124C     		ldr	r4, .L7+4
  84              	.LBB5:
  56:Src/stm32f1xx_hal_timebase_tim.c ****   
  85              		.loc 1 56 3 view .LVU21
  86 0026 03F40063 		and	r3, r3, #2048
  87 002a 0293     		str	r3, [sp, #8]
  56:Src/stm32f1xx_hal_timebase_tim.c ****   
  88              		.loc 1 56 3 is_stmt 1 view .LVU22
  89 002c 029B     		ldr	r3, [sp, #8]
  90              	.LBE5:
  59:Src/stm32f1xx_hal_timebase_tim.c ****   
  91              		.loc 1 59 3 view .LVU23
  92 002e FFF7FEFF 		bl	HAL_RCC_GetClockConfig
  93              	.LVL4:
  62:Src/stm32f1xx_hal_timebase_tim.c ****    
  94              		.loc 1 62 3 view .LVU24
  62:Src/stm32f1xx_hal_timebase_tim.c ****    
ARM GAS  C:\Users\Johannes\AppData\Local\Temp\cclmZh6c.s 			page 4


  95              		.loc 1 62 16 is_stmt 0 view .LVU25
  96 0032 FFF7FEFF 		bl	HAL_RCC_GetPCLK2Freq
  97              	.LVL5:
  65:Src/stm32f1xx_hal_timebase_tim.c ****   
  98              		.loc 1 65 3 is_stmt 1 view .LVU26
  99              		.loc 1 68 3 view .LVU27
  69:Src/stm32f1xx_hal_timebase_tim.c ****   
  70:Src/stm32f1xx_hal_timebase_tim.c ****   /* Initialize TIMx peripheral as follow:
  71:Src/stm32f1xx_hal_timebase_tim.c ****   + Period = [(TIM1CLK/1000) - 1]. to have a (1/1000) s time base.
  72:Src/stm32f1xx_hal_timebase_tim.c ****   + Prescaler = (uwTimclock/1000000 - 1) to have a 1MHz counter clock.
  73:Src/stm32f1xx_hal_timebase_tim.c ****   + ClockDivision = 0
  74:Src/stm32f1xx_hal_timebase_tim.c ****   + Counter direction = Up
  75:Src/stm32f1xx_hal_timebase_tim.c ****   */
  76:Src/stm32f1xx_hal_timebase_tim.c ****   htim1.Init.Period = (1000000 / 1000) - 1;
 100              		.loc 1 76 21 is_stmt 0 view .LVU28
 101 0036 40F2E731 		movw	r1, #999
  77:Src/stm32f1xx_hal_timebase_tim.c ****   htim1.Init.Prescaler = uwPrescalerValue;
  78:Src/stm32f1xx_hal_timebase_tim.c ****   htim1.Init.ClockDivision = 0;
 102              		.loc 1 78 28 view .LVU29
 103 003a 0022     		movs	r2, #0
  65:Src/stm32f1xx_hal_timebase_tim.c ****   
 104              		.loc 1 65 46 view .LVU30
 105 003c 0D4B     		ldr	r3, .L7+8
  76:Src/stm32f1xx_hal_timebase_tim.c ****   htim1.Init.Prescaler = uwPrescalerValue;
 106              		.loc 1 76 21 view .LVU31
 107 003e E160     		str	r1, [r4, #12]
  65:Src/stm32f1xx_hal_timebase_tim.c ****   
 108              		.loc 1 65 46 view .LVU32
 109 0040 A3FB0013 		umull	r1, r3, r3, r0
  68:Src/stm32f1xx_hal_timebase_tim.c ****   
 110              		.loc 1 68 18 view .LVU33
 111 0044 0C49     		ldr	r1, .L7+12
  65:Src/stm32f1xx_hal_timebase_tim.c ****   
 112              		.loc 1 65 46 view .LVU34
 113 0046 9B0C     		lsrs	r3, r3, #18
  65:Src/stm32f1xx_hal_timebase_tim.c ****   
 114              		.loc 1 65 20 view .LVU35
 115 0048 013B     		subs	r3, r3, #1
  79:Src/stm32f1xx_hal_timebase_tim.c ****   htim1.Init.CounterMode = TIM_COUNTERMODE_UP;
  80:Src/stm32f1xx_hal_timebase_tim.c ****   if(HAL_TIM_Base_Init(&htim1) == HAL_OK)
 116              		.loc 1 80 6 view .LVU36
 117 004a 2046     		mov	r0, r4
 118              	.LVL6:
  68:Src/stm32f1xx_hal_timebase_tim.c ****   
 119              		.loc 1 68 18 view .LVU37
 120 004c C4E90013 		strd	r1, r3, [r4]
  76:Src/stm32f1xx_hal_timebase_tim.c ****   htim1.Init.Prescaler = uwPrescalerValue;
 121              		.loc 1 76 3 is_stmt 1 view .LVU38
  77:Src/stm32f1xx_hal_timebase_tim.c ****   htim1.Init.ClockDivision = 0;
 122              		.loc 1 77 3 view .LVU39
  78:Src/stm32f1xx_hal_timebase_tim.c ****   htim1.Init.CounterMode = TIM_COUNTERMODE_UP;
 123              		.loc 1 78 3 view .LVU40
  78:Src/stm32f1xx_hal_timebase_tim.c ****   htim1.Init.CounterMode = TIM_COUNTERMODE_UP;
 124              		.loc 1 78 28 is_stmt 0 view .LVU41
 125 0050 2261     		str	r2, [r4, #16]
  79:Src/stm32f1xx_hal_timebase_tim.c ****   if(HAL_TIM_Base_Init(&htim1) == HAL_OK)
 126              		.loc 1 79 3 is_stmt 1 view .LVU42
ARM GAS  C:\Users\Johannes\AppData\Local\Temp\cclmZh6c.s 			page 5


  79:Src/stm32f1xx_hal_timebase_tim.c ****   if(HAL_TIM_Base_Init(&htim1) == HAL_OK)
 127              		.loc 1 79 26 is_stmt 0 view .LVU43
 128 0052 A260     		str	r2, [r4, #8]
 129              		.loc 1 80 3 is_stmt 1 view .LVU44
 130              		.loc 1 80 6 is_stmt 0 view .LVU45
 131 0054 FFF7FEFF 		bl	HAL_TIM_Base_Init
 132              	.LVL7:
 133              		.loc 1 80 5 view .LVU46
 134 0058 10B1     		cbz	r0, .L6
  81:Src/stm32f1xx_hal_timebase_tim.c ****   {
  82:Src/stm32f1xx_hal_timebase_tim.c ****     /* Start the TIM time Base generation in interrupt mode */
  83:Src/stm32f1xx_hal_timebase_tim.c ****     return HAL_TIM_Base_Start_IT(&htim1);
  84:Src/stm32f1xx_hal_timebase_tim.c ****   }
  85:Src/stm32f1xx_hal_timebase_tim.c ****   
  86:Src/stm32f1xx_hal_timebase_tim.c ****   /* Return function status */
  87:Src/stm32f1xx_hal_timebase_tim.c ****   return HAL_ERROR;
 135              		.loc 1 87 10 view .LVU47
 136 005a 0120     		movs	r0, #1
  88:Src/stm32f1xx_hal_timebase_tim.c **** }
 137              		.loc 1 88 1 view .LVU48
 138 005c 08B0     		add	sp, sp, #32
 139              	.LCFI2:
 140              		.cfi_remember_state
 141              		.cfi_def_cfa_offset 8
 142              		@ sp needed
 143 005e 10BD     		pop	{r4, pc}
 144              	.L6:
 145              	.LCFI3:
 146              		.cfi_restore_state
  83:Src/stm32f1xx_hal_timebase_tim.c ****   }
 147              		.loc 1 83 5 is_stmt 1 view .LVU49
  83:Src/stm32f1xx_hal_timebase_tim.c ****   }
 148              		.loc 1 83 12 is_stmt 0 view .LVU50
 149 0060 2046     		mov	r0, r4
 150 0062 FFF7FEFF 		bl	HAL_TIM_Base_Start_IT
 151              	.LVL8:
 152              		.loc 1 88 1 view .LVU51
 153 0066 08B0     		add	sp, sp, #32
 154              	.LCFI4:
 155              		.cfi_def_cfa_offset 8
 156              		@ sp needed
 157 0068 10BD     		pop	{r4, pc}
 158              	.L8:
 159 006a 00BF     		.align	2
 160              	.L7:
 161 006c 00100240 		.word	1073876992
 162 0070 00000000 		.word	htim1
 163 0074 83DE1B43 		.word	1125899907
 164 0078 002C0140 		.word	1073818624
 165              		.cfi_endproc
 166              	.LFE65:
 168              		.section	.text.HAL_SuspendTick,"ax",%progbits
 169              		.align	1
 170              		.p2align 2,,3
 171              		.global	HAL_SuspendTick
 172              		.syntax unified
 173              		.thumb
ARM GAS  C:\Users\Johannes\AppData\Local\Temp\cclmZh6c.s 			page 6


 174              		.thumb_func
 175              		.fpu softvfp
 177              	HAL_SuspendTick:
 178              	.LFB66:
  89:Src/stm32f1xx_hal_timebase_tim.c **** 
  90:Src/stm32f1xx_hal_timebase_tim.c **** /**
  91:Src/stm32f1xx_hal_timebase_tim.c ****   * @brief  Suspend Tick increment.
  92:Src/stm32f1xx_hal_timebase_tim.c ****   * @note   Disable the tick increment by disabling TIM1 update interrupt.
  93:Src/stm32f1xx_hal_timebase_tim.c ****   * @param  None
  94:Src/stm32f1xx_hal_timebase_tim.c ****   * @retval None
  95:Src/stm32f1xx_hal_timebase_tim.c ****   */
  96:Src/stm32f1xx_hal_timebase_tim.c **** void HAL_SuspendTick(void)
  97:Src/stm32f1xx_hal_timebase_tim.c **** {
 179              		.loc 1 97 1 is_stmt 1 view -0
 180              		.cfi_startproc
 181              		@ args = 0, pretend = 0, frame = 0
 182              		@ frame_needed = 0, uses_anonymous_args = 0
 183              		@ link register save eliminated.
  98:Src/stm32f1xx_hal_timebase_tim.c ****   /* Disable TIM1 update Interrupt */
  99:Src/stm32f1xx_hal_timebase_tim.c ****   __HAL_TIM_DISABLE_IT(&htim1, TIM_IT_UPDATE);                                                  
 184              		.loc 1 99 3 view .LVU53
 185 0000 034B     		ldr	r3, .L10
 186 0002 1A68     		ldr	r2, [r3]
 187 0004 D368     		ldr	r3, [r2, #12]
 188 0006 23F00103 		bic	r3, r3, #1
 189 000a D360     		str	r3, [r2, #12]
 100:Src/stm32f1xx_hal_timebase_tim.c **** }
 190              		.loc 1 100 1 is_stmt 0 view .LVU54
 191 000c 7047     		bx	lr
 192              	.L11:
 193 000e 00BF     		.align	2
 194              	.L10:
 195 0010 00000000 		.word	htim1
 196              		.cfi_endproc
 197              	.LFE66:
 199              		.section	.text.HAL_ResumeTick,"ax",%progbits
 200              		.align	1
 201              		.p2align 2,,3
 202              		.global	HAL_ResumeTick
 203              		.syntax unified
 204              		.thumb
 205              		.thumb_func
 206              		.fpu softvfp
 208              	HAL_ResumeTick:
 209              	.LFB67:
 101:Src/stm32f1xx_hal_timebase_tim.c **** 
 102:Src/stm32f1xx_hal_timebase_tim.c **** /**
 103:Src/stm32f1xx_hal_timebase_tim.c ****   * @brief  Resume Tick increment.
 104:Src/stm32f1xx_hal_timebase_tim.c ****   * @note   Enable the tick increment by Enabling TIM1 update interrupt.
 105:Src/stm32f1xx_hal_timebase_tim.c ****   * @param  None
 106:Src/stm32f1xx_hal_timebase_tim.c ****   * @retval None
 107:Src/stm32f1xx_hal_timebase_tim.c ****   */
 108:Src/stm32f1xx_hal_timebase_tim.c **** void HAL_ResumeTick(void)
 109:Src/stm32f1xx_hal_timebase_tim.c **** {
 210              		.loc 1 109 1 is_stmt 1 view -0
 211              		.cfi_startproc
 212              		@ args = 0, pretend = 0, frame = 0
ARM GAS  C:\Users\Johannes\AppData\Local\Temp\cclmZh6c.s 			page 7


 213              		@ frame_needed = 0, uses_anonymous_args = 0
 214              		@ link register save eliminated.
 110:Src/stm32f1xx_hal_timebase_tim.c ****   /* Enable TIM1 Update interrupt */
 111:Src/stm32f1xx_hal_timebase_tim.c ****   __HAL_TIM_ENABLE_IT(&htim1, TIM_IT_UPDATE);
 215              		.loc 1 111 3 view .LVU56
 216 0000 034B     		ldr	r3, .L13
 217 0002 1A68     		ldr	r2, [r3]
 218 0004 D368     		ldr	r3, [r2, #12]
 219 0006 43F00103 		orr	r3, r3, #1
 220 000a D360     		str	r3, [r2, #12]
 112:Src/stm32f1xx_hal_timebase_tim.c **** }
 221              		.loc 1 112 1 is_stmt 0 view .LVU57
 222 000c 7047     		bx	lr
 223              	.L14:
 224 000e 00BF     		.align	2
 225              	.L13:
 226 0010 00000000 		.word	htim1
 227              		.cfi_endproc
 228              	.LFE67:
 230              		.comm	htim1,64,4
 231              		.text
 232              	.Letext0:
 233              		.file 2 "c:\\toolchains\\vsarm\\armcc\\arm-none-eabi\\include\\machine\\_default_types.h"
 234              		.file 3 "c:\\toolchains\\vsarm\\armcc\\arm-none-eabi\\include\\sys\\_stdint.h"
 235              		.file 4 "Drivers/CMSIS/Include/core_cm3.h"
 236              		.file 5 "Drivers/CMSIS/Device/ST/STM32F1xx/Include/system_stm32f1xx.h"
 237              		.file 6 "Drivers/CMSIS/Device/ST/STM32F1xx/Include/stm32f103x6.h"
 238              		.file 7 "Drivers/STM32F1xx_HAL_Driver/Inc/stm32f1xx_hal_def.h"
 239              		.file 8 "Drivers/STM32F1xx_HAL_Driver/Inc/stm32f1xx_hal_rcc.h"
 240              		.file 9 "Drivers/STM32F1xx_HAL_Driver/Inc/stm32f1xx_hal_dma.h"
 241              		.file 10 "Drivers/STM32F1xx_HAL_Driver/Inc/stm32f1xx_hal_tim.h"
 242              		.file 11 "Drivers/STM32F1xx_HAL_Driver/Inc/stm32f1xx_hal.h"
 243              		.file 12 "Drivers/STM32F1xx_HAL_Driver/Inc/stm32f1xx_hal_cortex.h"
ARM GAS  C:\Users\Johannes\AppData\Local\Temp\cclmZh6c.s 			page 8


DEFINED SYMBOLS
                            *ABS*:00000000 stm32f1xx_hal_timebase_tim.c
C:\Users\Johannes\AppData\Local\Temp\cclmZh6c.s:16     .text.HAL_InitTick:00000000 $t
C:\Users\Johannes\AppData\Local\Temp\cclmZh6c.s:25     .text.HAL_InitTick:00000000 HAL_InitTick
C:\Users\Johannes\AppData\Local\Temp\cclmZh6c.s:161    .text.HAL_InitTick:0000006c $d
                            *COM*:00000040 htim1
C:\Users\Johannes\AppData\Local\Temp\cclmZh6c.s:169    .text.HAL_SuspendTick:00000000 $t
C:\Users\Johannes\AppData\Local\Temp\cclmZh6c.s:177    .text.HAL_SuspendTick:00000000 HAL_SuspendTick
C:\Users\Johannes\AppData\Local\Temp\cclmZh6c.s:195    .text.HAL_SuspendTick:00000010 $d
C:\Users\Johannes\AppData\Local\Temp\cclmZh6c.s:200    .text.HAL_ResumeTick:00000000 $t
C:\Users\Johannes\AppData\Local\Temp\cclmZh6c.s:208    .text.HAL_ResumeTick:00000000 HAL_ResumeTick
C:\Users\Johannes\AppData\Local\Temp\cclmZh6c.s:226    .text.HAL_ResumeTick:00000010 $d

UNDEFINED SYMBOLS
HAL_NVIC_SetPriority
HAL_NVIC_EnableIRQ
HAL_RCC_GetClockConfig
HAL_RCC_GetPCLK2Freq
HAL_TIM_Base_Init
HAL_TIM_Base_Start_IT
