ARM GAS  C:\Users\Johannes\AppData\Local\Temp\cc0twWJR.s 			page 1


   1              		.cpu cortex-m3
   2              		.eabi_attribute 20, 1
   3              		.eabi_attribute 21, 1
   4              		.eabi_attribute 23, 3
   5              		.eabi_attribute 24, 1
   6              		.eabi_attribute 25, 1
   7              		.eabi_attribute 26, 1
   8              		.eabi_attribute 30, 2
   9              		.eabi_attribute 34, 1
  10              		.eabi_attribute 18, 4
  11              		.file	"stm32f1xx_it.c"
  12              		.text
  13              	.Ltext0:
  14              		.cfi_sections	.debug_frame
  15              		.section	.text.NMI_Handler,"ax",%progbits
  16              		.align	1
  17              		.p2align 2,,3
  18              		.global	NMI_Handler
  19              		.arch armv7-m
  20              		.syntax unified
  21              		.thumb
  22              		.thumb_func
  23              		.fpu softvfp
  25              	NMI_Handler:
  26              	.LFB70:
  27              		.file 1 "Src/stm32f1xx_it.c"
   1:Src/stm32f1xx_it.c **** /* USER CODE BEGIN Header */
   2:Src/stm32f1xx_it.c **** /**
   3:Src/stm32f1xx_it.c ****   ******************************************************************************
   4:Src/stm32f1xx_it.c ****   * @file    stm32f1xx_it.c
   5:Src/stm32f1xx_it.c ****   * @brief   Interrupt Service Routines.
   6:Src/stm32f1xx_it.c ****   ******************************************************************************
   7:Src/stm32f1xx_it.c ****   * @attention
   8:Src/stm32f1xx_it.c ****   *
   9:Src/stm32f1xx_it.c ****   * <h2><center>&copy; Copyright (c) 2019 STMicroelectronics.
  10:Src/stm32f1xx_it.c ****   * All rights reserved.</center></h2>
  11:Src/stm32f1xx_it.c ****   *
  12:Src/stm32f1xx_it.c ****   * This software component is licensed by ST under Ultimate Liberty license
  13:Src/stm32f1xx_it.c ****   * SLA0044, the "License"; You may not use this file except in compliance with
  14:Src/stm32f1xx_it.c ****   * the License. You may obtain a copy of the License at:
  15:Src/stm32f1xx_it.c ****   *                             www.st.com/SLA0044
  16:Src/stm32f1xx_it.c ****   *
  17:Src/stm32f1xx_it.c ****   ******************************************************************************
  18:Src/stm32f1xx_it.c ****   */
  19:Src/stm32f1xx_it.c **** /* USER CODE END Header */
  20:Src/stm32f1xx_it.c **** 
  21:Src/stm32f1xx_it.c **** /* Includes ------------------------------------------------------------------*/
  22:Src/stm32f1xx_it.c **** #include "main.h"
  23:Src/stm32f1xx_it.c **** #include "stm32f1xx_it.h"
  24:Src/stm32f1xx_it.c **** #include "FreeRTOS.h"
  25:Src/stm32f1xx_it.c **** #include "task.h"
  26:Src/stm32f1xx_it.c **** /* Private includes ----------------------------------------------------------*/
  27:Src/stm32f1xx_it.c **** /* USER CODE BEGIN Includes */
  28:Src/stm32f1xx_it.c **** /* USER CODE END Includes */
  29:Src/stm32f1xx_it.c **** 
  30:Src/stm32f1xx_it.c **** /* Private typedef -----------------------------------------------------------*/
  31:Src/stm32f1xx_it.c **** /* USER CODE BEGIN TD */
ARM GAS  C:\Users\Johannes\AppData\Local\Temp\cc0twWJR.s 			page 2


  32:Src/stm32f1xx_it.c **** 
  33:Src/stm32f1xx_it.c **** /* USER CODE END TD */
  34:Src/stm32f1xx_it.c **** 
  35:Src/stm32f1xx_it.c **** /* Private define ------------------------------------------------------------*/
  36:Src/stm32f1xx_it.c **** /* USER CODE BEGIN PD */
  37:Src/stm32f1xx_it.c ****  
  38:Src/stm32f1xx_it.c **** /* USER CODE END PD */
  39:Src/stm32f1xx_it.c **** 
  40:Src/stm32f1xx_it.c **** /* Private macro -------------------------------------------------------------*/
  41:Src/stm32f1xx_it.c **** /* USER CODE BEGIN PM */
  42:Src/stm32f1xx_it.c **** 
  43:Src/stm32f1xx_it.c **** /* USER CODE END PM */
  44:Src/stm32f1xx_it.c **** 
  45:Src/stm32f1xx_it.c **** /* Private variables ---------------------------------------------------------*/
  46:Src/stm32f1xx_it.c **** /* USER CODE BEGIN PV */
  47:Src/stm32f1xx_it.c **** 
  48:Src/stm32f1xx_it.c **** /* USER CODE END PV */
  49:Src/stm32f1xx_it.c **** 
  50:Src/stm32f1xx_it.c **** /* Private function prototypes -----------------------------------------------*/
  51:Src/stm32f1xx_it.c **** /* USER CODE BEGIN PFP */
  52:Src/stm32f1xx_it.c **** 
  53:Src/stm32f1xx_it.c **** /* USER CODE END PFP */
  54:Src/stm32f1xx_it.c **** 
  55:Src/stm32f1xx_it.c **** /* Private user code ---------------------------------------------------------*/
  56:Src/stm32f1xx_it.c **** /* USER CODE BEGIN 0 */
  57:Src/stm32f1xx_it.c **** 
  58:Src/stm32f1xx_it.c **** /* USER CODE END 0 */
  59:Src/stm32f1xx_it.c **** 
  60:Src/stm32f1xx_it.c **** /* External variables --------------------------------------------------------*/
  61:Src/stm32f1xx_it.c **** extern PCD_HandleTypeDef hpcd_USB_FS;
  62:Src/stm32f1xx_it.c **** extern TIM_HandleTypeDef htim1;
  63:Src/stm32f1xx_it.c **** 
  64:Src/stm32f1xx_it.c **** /* USER CODE BEGIN EV */
  65:Src/stm32f1xx_it.c **** 
  66:Src/stm32f1xx_it.c **** /* USER CODE END EV */
  67:Src/stm32f1xx_it.c **** 
  68:Src/stm32f1xx_it.c **** /******************************************************************************/
  69:Src/stm32f1xx_it.c **** /*           Cortex-M3 Processor Interruption and Exception Handlers          */ 
  70:Src/stm32f1xx_it.c **** /******************************************************************************/
  71:Src/stm32f1xx_it.c **** /**
  72:Src/stm32f1xx_it.c ****   * @brief This function handles Non maskable interrupt.
  73:Src/stm32f1xx_it.c ****   */
  74:Src/stm32f1xx_it.c **** void NMI_Handler(void)
  75:Src/stm32f1xx_it.c **** {
  28              		.loc 1 75 1 view -0
  29              		.cfi_startproc
  30              		@ args = 0, pretend = 0, frame = 0
  31              		@ frame_needed = 0, uses_anonymous_args = 0
  32              		@ link register save eliminated.
  76:Src/stm32f1xx_it.c ****   /* USER CODE BEGIN NonMaskableInt_IRQn 0 */
  77:Src/stm32f1xx_it.c **** 
  78:Src/stm32f1xx_it.c ****   /* USER CODE END NonMaskableInt_IRQn 0 */
  79:Src/stm32f1xx_it.c ****   /* USER CODE BEGIN NonMaskableInt_IRQn 1 */
  80:Src/stm32f1xx_it.c **** 
  81:Src/stm32f1xx_it.c ****   /* USER CODE END NonMaskableInt_IRQn 1 */
  82:Src/stm32f1xx_it.c **** }
  33              		.loc 1 82 1 view .LVU1
ARM GAS  C:\Users\Johannes\AppData\Local\Temp\cc0twWJR.s 			page 3


  34 0000 7047     		bx	lr
  35              		.cfi_endproc
  36              	.LFE70:
  38 0002 00BF     		.section	.text.HardFault_Handler,"ax",%progbits
  39              		.align	1
  40              		.p2align 2,,3
  41              		.global	HardFault_Handler
  42              		.syntax unified
  43              		.thumb
  44              		.thumb_func
  45              		.fpu softvfp
  47              	HardFault_Handler:
  48              	.LFB71:
  83:Src/stm32f1xx_it.c **** 
  84:Src/stm32f1xx_it.c **** /**
  85:Src/stm32f1xx_it.c ****   * @brief This function handles Hard fault interrupt.
  86:Src/stm32f1xx_it.c ****   */
  87:Src/stm32f1xx_it.c **** void HardFault_Handler(void)
  88:Src/stm32f1xx_it.c **** {
  49              		.loc 1 88 1 view -0
  50              		.cfi_startproc
  51              		@ Volatile: function does not return.
  52              		@ args = 0, pretend = 0, frame = 0
  53              		@ frame_needed = 0, uses_anonymous_args = 0
  54              		@ link register save eliminated.
  55              	.L4:
  89:Src/stm32f1xx_it.c ****   /* USER CODE BEGIN HardFault_IRQn 0 */
  90:Src/stm32f1xx_it.c **** 
  91:Src/stm32f1xx_it.c ****   /* USER CODE END HardFault_IRQn 0 */
  92:Src/stm32f1xx_it.c ****   while (1)
  56              		.loc 1 92 3 discriminator 1 view .LVU3
  93:Src/stm32f1xx_it.c ****   {
  94:Src/stm32f1xx_it.c ****     /* USER CODE BEGIN W1_HardFault_IRQn 0 */
  95:Src/stm32f1xx_it.c ****     /* USER CODE END W1_HardFault_IRQn 0 */
  96:Src/stm32f1xx_it.c ****   }
  57              		.loc 1 96 3 discriminator 1 view .LVU4
  58 0000 FEE7     		b	.L4
  59              		.cfi_endproc
  60              	.LFE71:
  62 0002 00BF     		.section	.text.MemManage_Handler,"ax",%progbits
  63              		.align	1
  64              		.p2align 2,,3
  65              		.global	MemManage_Handler
  66              		.syntax unified
  67              		.thumb
  68              		.thumb_func
  69              		.fpu softvfp
  71              	MemManage_Handler:
  72              	.LFB72:
  97:Src/stm32f1xx_it.c **** }
  98:Src/stm32f1xx_it.c **** 
  99:Src/stm32f1xx_it.c **** /**
 100:Src/stm32f1xx_it.c ****   * @brief This function handles Memory management fault.
 101:Src/stm32f1xx_it.c ****   */
 102:Src/stm32f1xx_it.c **** void MemManage_Handler(void)
 103:Src/stm32f1xx_it.c **** {
  73              		.loc 1 103 1 view -0
ARM GAS  C:\Users\Johannes\AppData\Local\Temp\cc0twWJR.s 			page 4


  74              		.cfi_startproc
  75              		@ Volatile: function does not return.
  76              		@ args = 0, pretend = 0, frame = 0
  77              		@ frame_needed = 0, uses_anonymous_args = 0
  78              		@ link register save eliminated.
  79              	.L6:
 104:Src/stm32f1xx_it.c ****   /* USER CODE BEGIN MemoryManagement_IRQn 0 */
 105:Src/stm32f1xx_it.c **** 
 106:Src/stm32f1xx_it.c ****   /* USER CODE END MemoryManagement_IRQn 0 */
 107:Src/stm32f1xx_it.c ****   while (1)
  80              		.loc 1 107 3 discriminator 1 view .LVU6
 108:Src/stm32f1xx_it.c ****   {
 109:Src/stm32f1xx_it.c ****     /* USER CODE BEGIN W1_MemoryManagement_IRQn 0 */
 110:Src/stm32f1xx_it.c ****     /* USER CODE END W1_MemoryManagement_IRQn 0 */
 111:Src/stm32f1xx_it.c ****   }
  81              		.loc 1 111 3 discriminator 1 view .LVU7
  82 0000 FEE7     		b	.L6
  83              		.cfi_endproc
  84              	.LFE72:
  86 0002 00BF     		.section	.text.BusFault_Handler,"ax",%progbits
  87              		.align	1
  88              		.p2align 2,,3
  89              		.global	BusFault_Handler
  90              		.syntax unified
  91              		.thumb
  92              		.thumb_func
  93              		.fpu softvfp
  95              	BusFault_Handler:
  96              	.LFB73:
 112:Src/stm32f1xx_it.c **** }
 113:Src/stm32f1xx_it.c **** 
 114:Src/stm32f1xx_it.c **** /**
 115:Src/stm32f1xx_it.c ****   * @brief This function handles Prefetch fault, memory access fault.
 116:Src/stm32f1xx_it.c ****   */
 117:Src/stm32f1xx_it.c **** void BusFault_Handler(void)
 118:Src/stm32f1xx_it.c **** {
  97              		.loc 1 118 1 view -0
  98              		.cfi_startproc
  99              		@ Volatile: function does not return.
 100              		@ args = 0, pretend = 0, frame = 0
 101              		@ frame_needed = 0, uses_anonymous_args = 0
 102              		@ link register save eliminated.
 103              	.L8:
 119:Src/stm32f1xx_it.c ****   /* USER CODE BEGIN BusFault_IRQn 0 */
 120:Src/stm32f1xx_it.c **** 
 121:Src/stm32f1xx_it.c ****   /* USER CODE END BusFault_IRQn 0 */
 122:Src/stm32f1xx_it.c ****   while (1)
 104              		.loc 1 122 3 discriminator 1 view .LVU9
 123:Src/stm32f1xx_it.c ****   {
 124:Src/stm32f1xx_it.c ****     /* USER CODE BEGIN W1_BusFault_IRQn 0 */
 125:Src/stm32f1xx_it.c ****     /* USER CODE END W1_BusFault_IRQn 0 */
 126:Src/stm32f1xx_it.c ****   }
 105              		.loc 1 126 3 discriminator 1 view .LVU10
 106 0000 FEE7     		b	.L8
 107              		.cfi_endproc
 108              	.LFE73:
 110 0002 00BF     		.section	.text.UsageFault_Handler,"ax",%progbits
ARM GAS  C:\Users\Johannes\AppData\Local\Temp\cc0twWJR.s 			page 5


 111              		.align	1
 112              		.p2align 2,,3
 113              		.global	UsageFault_Handler
 114              		.syntax unified
 115              		.thumb
 116              		.thumb_func
 117              		.fpu softvfp
 119              	UsageFault_Handler:
 120              	.LFB74:
 127:Src/stm32f1xx_it.c **** }
 128:Src/stm32f1xx_it.c **** 
 129:Src/stm32f1xx_it.c **** /**
 130:Src/stm32f1xx_it.c ****   * @brief This function handles Undefined instruction or illegal state.
 131:Src/stm32f1xx_it.c ****   */
 132:Src/stm32f1xx_it.c **** void UsageFault_Handler(void)
 133:Src/stm32f1xx_it.c **** {
 121              		.loc 1 133 1 view -0
 122              		.cfi_startproc
 123              		@ Volatile: function does not return.
 124              		@ args = 0, pretend = 0, frame = 0
 125              		@ frame_needed = 0, uses_anonymous_args = 0
 126              		@ link register save eliminated.
 127              	.L10:
 134:Src/stm32f1xx_it.c ****   /* USER CODE BEGIN UsageFault_IRQn 0 */
 135:Src/stm32f1xx_it.c **** 
 136:Src/stm32f1xx_it.c ****   /* USER CODE END UsageFault_IRQn 0 */
 137:Src/stm32f1xx_it.c ****   while (1)
 128              		.loc 1 137 3 discriminator 1 view .LVU12
 138:Src/stm32f1xx_it.c ****   {
 139:Src/stm32f1xx_it.c ****     /* USER CODE BEGIN W1_UsageFault_IRQn 0 */
 140:Src/stm32f1xx_it.c ****     /* USER CODE END W1_UsageFault_IRQn 0 */
 141:Src/stm32f1xx_it.c ****   }
 129              		.loc 1 141 3 discriminator 1 view .LVU13
 130 0000 FEE7     		b	.L10
 131              		.cfi_endproc
 132              	.LFE74:
 134 0002 00BF     		.section	.text.DebugMon_Handler,"ax",%progbits
 135              		.align	1
 136              		.p2align 2,,3
 137              		.global	DebugMon_Handler
 138              		.syntax unified
 139              		.thumb
 140              		.thumb_func
 141              		.fpu softvfp
 143              	DebugMon_Handler:
 144              	.LFB79:
 145              		.cfi_startproc
 146              		@ args = 0, pretend = 0, frame = 0
 147              		@ frame_needed = 0, uses_anonymous_args = 0
 148              		@ link register save eliminated.
 149 0000 7047     		bx	lr
 150              		.cfi_endproc
 151              	.LFE79:
 153 0002 00BF     		.section	.text.USB_LP_CAN1_RX0_IRQHandler,"ax",%progbits
 154              		.align	1
 155              		.p2align 2,,3
 156              		.global	USB_LP_CAN1_RX0_IRQHandler
ARM GAS  C:\Users\Johannes\AppData\Local\Temp\cc0twWJR.s 			page 6


 157              		.syntax unified
 158              		.thumb
 159              		.thumb_func
 160              		.fpu softvfp
 162              	USB_LP_CAN1_RX0_IRQHandler:
 163              	.LFB76:
 142:Src/stm32f1xx_it.c **** }
 143:Src/stm32f1xx_it.c **** 
 144:Src/stm32f1xx_it.c **** /**
 145:Src/stm32f1xx_it.c ****   * @brief This function handles Debug monitor.
 146:Src/stm32f1xx_it.c ****   */
 147:Src/stm32f1xx_it.c **** void DebugMon_Handler(void)
 148:Src/stm32f1xx_it.c **** {
 149:Src/stm32f1xx_it.c ****   /* USER CODE BEGIN DebugMonitor_IRQn 0 */
 150:Src/stm32f1xx_it.c **** 
 151:Src/stm32f1xx_it.c ****   /* USER CODE END DebugMonitor_IRQn 0 */
 152:Src/stm32f1xx_it.c ****   /* USER CODE BEGIN DebugMonitor_IRQn 1 */
 153:Src/stm32f1xx_it.c **** 
 154:Src/stm32f1xx_it.c ****   /* USER CODE END DebugMonitor_IRQn 1 */
 155:Src/stm32f1xx_it.c **** }
 156:Src/stm32f1xx_it.c **** 
 157:Src/stm32f1xx_it.c **** /******************************************************************************/
 158:Src/stm32f1xx_it.c **** /* STM32F1xx Peripheral Interrupt Handlers                                    */
 159:Src/stm32f1xx_it.c **** /* Add here the Interrupt Handlers for the used peripherals.                  */
 160:Src/stm32f1xx_it.c **** /* For the available peripheral interrupt handler names,                      */
 161:Src/stm32f1xx_it.c **** /* please refer to the startup file (startup_stm32f1xx.s).                    */
 162:Src/stm32f1xx_it.c **** /******************************************************************************/
 163:Src/stm32f1xx_it.c **** 
 164:Src/stm32f1xx_it.c **** /**
 165:Src/stm32f1xx_it.c ****   * @brief This function handles USB low priority or CAN RX0 interrupts.
 166:Src/stm32f1xx_it.c ****   */
 167:Src/stm32f1xx_it.c **** void USB_LP_CAN1_RX0_IRQHandler(void)
 168:Src/stm32f1xx_it.c **** {
 164              		.loc 1 168 1 view -0
 165              		.cfi_startproc
 166              		@ args = 0, pretend = 0, frame = 0
 167              		@ frame_needed = 0, uses_anonymous_args = 0
 168              		@ link register save eliminated.
 169:Src/stm32f1xx_it.c ****   /* USER CODE BEGIN USB_LP_CAN1_RX0_IRQn 0 */
 170:Src/stm32f1xx_it.c **** 
 171:Src/stm32f1xx_it.c ****   /* USER CODE END USB_LP_CAN1_RX0_IRQn 0 */
 172:Src/stm32f1xx_it.c ****   HAL_PCD_IRQHandler(&hpcd_USB_FS);
 169              		.loc 1 172 3 view .LVU15
 170 0000 0148     		ldr	r0, .L13
 171 0002 FFF7FEBF 		b	HAL_PCD_IRQHandler
 172              	.LVL0:
 173              	.L14:
 174 0006 00BF     		.align	2
 175              	.L13:
 176 0008 00000000 		.word	hpcd_USB_FS
 177              		.cfi_endproc
 178              	.LFE76:
 180              		.section	.text.TIM1_UP_IRQHandler,"ax",%progbits
 181              		.align	1
 182              		.p2align 2,,3
 183              		.global	TIM1_UP_IRQHandler
 184              		.syntax unified
ARM GAS  C:\Users\Johannes\AppData\Local\Temp\cc0twWJR.s 			page 7


 185              		.thumb
 186              		.thumb_func
 187              		.fpu softvfp
 189              	TIM1_UP_IRQHandler:
 190              	.LFB77:
 173:Src/stm32f1xx_it.c ****   /* USER CODE BEGIN USB_LP_CAN1_RX0_IRQn 1 */
 174:Src/stm32f1xx_it.c **** 
 175:Src/stm32f1xx_it.c ****   /* USER CODE END USB_LP_CAN1_RX0_IRQn 1 */
 176:Src/stm32f1xx_it.c **** }
 177:Src/stm32f1xx_it.c **** 
 178:Src/stm32f1xx_it.c **** /**
 179:Src/stm32f1xx_it.c ****   * @brief This function handles TIM1 update interrupt.
 180:Src/stm32f1xx_it.c ****   */
 181:Src/stm32f1xx_it.c **** void TIM1_UP_IRQHandler(void)
 182:Src/stm32f1xx_it.c **** {
 191              		.loc 1 182 1 view -0
 192              		.cfi_startproc
 193              		@ args = 0, pretend = 0, frame = 0
 194              		@ frame_needed = 0, uses_anonymous_args = 0
 195              		@ link register save eliminated.
 183:Src/stm32f1xx_it.c ****   /* USER CODE BEGIN TIM1_UP_IRQn 0 */
 184:Src/stm32f1xx_it.c **** 
 185:Src/stm32f1xx_it.c ****   /* USER CODE END TIM1_UP_IRQn 0 */
 186:Src/stm32f1xx_it.c ****   HAL_TIM_IRQHandler(&htim1);
 196              		.loc 1 186 3 view .LVU17
 197 0000 0148     		ldr	r0, .L16
 198 0002 FFF7FEBF 		b	HAL_TIM_IRQHandler
 199              	.LVL1:
 200              	.L17:
 201 0006 00BF     		.align	2
 202              	.L16:
 203 0008 00000000 		.word	htim1
 204              		.cfi_endproc
 205              	.LFE77:
 207              		.text
 208              	.Letext0:
 209              		.file 2 "c:\\toolchains\\vsarm\\armcc\\arm-none-eabi\\include\\machine\\_default_types.h"
 210              		.file 3 "c:\\toolchains\\vsarm\\armcc\\arm-none-eabi\\include\\sys\\_stdint.h"
 211              		.file 4 "Drivers/CMSIS/Include/core_cm3.h"
 212              		.file 5 "Drivers/CMSIS/Device/ST/STM32F1xx/Include/system_stm32f1xx.h"
 213              		.file 6 "Drivers/CMSIS/Device/ST/STM32F1xx/Include/stm32f103x6.h"
 214              		.file 7 "Drivers/STM32F1xx_HAL_Driver/Inc/stm32f1xx_hal_def.h"
 215              		.file 8 "Drivers/STM32F1xx_HAL_Driver/Inc/stm32f1xx_hal_dma.h"
 216              		.file 9 "Drivers/STM32F1xx_HAL_Driver/Inc/stm32f1xx_hal_i2c.h"
 217              		.file 10 "Drivers/STM32F1xx_HAL_Driver/Inc/stm32f1xx_hal_tim.h"
 218              		.file 11 "Drivers/STM32F1xx_HAL_Driver/Inc/stm32f1xx_ll_usb.h"
 219              		.file 12 "Drivers/STM32F1xx_HAL_Driver/Inc/stm32f1xx_hal_pcd.h"
 220              		.file 13 "Drivers/STM32F1xx_HAL_Driver/Inc/stm32f1xx_hal.h"
 221              		.file 14 "Middlewares/berndoJ/IS31FL3236_HAL_Driver/Inc/is31fl3236_driver.h"
 222              		.file 15 "Inc/main.h"
ARM GAS  C:\Users\Johannes\AppData\Local\Temp\cc0twWJR.s 			page 8


DEFINED SYMBOLS
                            *ABS*:00000000 stm32f1xx_it.c
C:\Users\Johannes\AppData\Local\Temp\cc0twWJR.s:16     .text.NMI_Handler:00000000 $t
C:\Users\Johannes\AppData\Local\Temp\cc0twWJR.s:25     .text.NMI_Handler:00000000 NMI_Handler
C:\Users\Johannes\AppData\Local\Temp\cc0twWJR.s:39     .text.HardFault_Handler:00000000 $t
C:\Users\Johannes\AppData\Local\Temp\cc0twWJR.s:47     .text.HardFault_Handler:00000000 HardFault_Handler
C:\Users\Johannes\AppData\Local\Temp\cc0twWJR.s:63     .text.MemManage_Handler:00000000 $t
C:\Users\Johannes\AppData\Local\Temp\cc0twWJR.s:71     .text.MemManage_Handler:00000000 MemManage_Handler
C:\Users\Johannes\AppData\Local\Temp\cc0twWJR.s:87     .text.BusFault_Handler:00000000 $t
C:\Users\Johannes\AppData\Local\Temp\cc0twWJR.s:95     .text.BusFault_Handler:00000000 BusFault_Handler
C:\Users\Johannes\AppData\Local\Temp\cc0twWJR.s:111    .text.UsageFault_Handler:00000000 $t
C:\Users\Johannes\AppData\Local\Temp\cc0twWJR.s:119    .text.UsageFault_Handler:00000000 UsageFault_Handler
C:\Users\Johannes\AppData\Local\Temp\cc0twWJR.s:135    .text.DebugMon_Handler:00000000 $t
C:\Users\Johannes\AppData\Local\Temp\cc0twWJR.s:143    .text.DebugMon_Handler:00000000 DebugMon_Handler
C:\Users\Johannes\AppData\Local\Temp\cc0twWJR.s:154    .text.USB_LP_CAN1_RX0_IRQHandler:00000000 $t
C:\Users\Johannes\AppData\Local\Temp\cc0twWJR.s:162    .text.USB_LP_CAN1_RX0_IRQHandler:00000000 USB_LP_CAN1_RX0_IRQHandler
C:\Users\Johannes\AppData\Local\Temp\cc0twWJR.s:176    .text.USB_LP_CAN1_RX0_IRQHandler:00000008 $d
C:\Users\Johannes\AppData\Local\Temp\cc0twWJR.s:181    .text.TIM1_UP_IRQHandler:00000000 $t
C:\Users\Johannes\AppData\Local\Temp\cc0twWJR.s:189    .text.TIM1_UP_IRQHandler:00000000 TIM1_UP_IRQHandler
C:\Users\Johannes\AppData\Local\Temp\cc0twWJR.s:203    .text.TIM1_UP_IRQHandler:00000008 $d

UNDEFINED SYMBOLS
HAL_PCD_IRQHandler
hpcd_USB_FS
HAL_TIM_IRQHandler
htim1
