ARM GAS  C:\Users\Johannes\AppData\Local\Temp\ccouqzqR.s 			page 1


   1              		.cpu cortex-m3
   2              		.eabi_attribute 20, 1
   3              		.eabi_attribute 21, 1
   4              		.eabi_attribute 23, 3
   5              		.eabi_attribute 24, 1
   6              		.eabi_attribute 25, 1
   7              		.eabi_attribute 26, 1
   8              		.eabi_attribute 30, 2
   9              		.eabi_attribute 34, 1
  10              		.eabi_attribute 18, 4
  11              		.file	"stm32f1xx_hal_msp.c"
  12              		.text
  13              	.Ltext0:
  14              		.cfi_sections	.debug_frame
  15              		.section	.text.HAL_MspInit,"ax",%progbits
  16              		.align	1
  17              		.p2align 2,,3
  18              		.global	HAL_MspInit
  19              		.arch armv7-m
  20              		.syntax unified
  21              		.thumb
  22              		.thumb_func
  23              		.fpu softvfp
  25              	HAL_MspInit:
  26              	.LFB65:
  27              		.file 1 "Src/stm32f1xx_hal_msp.c"
   1:Src/stm32f1xx_hal_msp.c **** /* USER CODE BEGIN Header */
   2:Src/stm32f1xx_hal_msp.c **** /**
   3:Src/stm32f1xx_hal_msp.c ****   ******************************************************************************
   4:Src/stm32f1xx_hal_msp.c ****   * File Name          : stm32f1xx_hal_msp.c
   5:Src/stm32f1xx_hal_msp.c ****   * Description        : This file provides code for the MSP Initialization 
   6:Src/stm32f1xx_hal_msp.c ****   *                      and de-Initialization codes.
   7:Src/stm32f1xx_hal_msp.c ****   ******************************************************************************
   8:Src/stm32f1xx_hal_msp.c ****   * @attention
   9:Src/stm32f1xx_hal_msp.c ****   *
  10:Src/stm32f1xx_hal_msp.c ****   * <h2><center>&copy; Copyright (c) 2019 STMicroelectronics.
  11:Src/stm32f1xx_hal_msp.c ****   * All rights reserved.</center></h2>
  12:Src/stm32f1xx_hal_msp.c ****   *
  13:Src/stm32f1xx_hal_msp.c ****   * This software component is licensed by ST under Ultimate Liberty license
  14:Src/stm32f1xx_hal_msp.c ****   * SLA0044, the "License"; You may not use this file except in compliance with
  15:Src/stm32f1xx_hal_msp.c ****   * the License. You may obtain a copy of the License at:
  16:Src/stm32f1xx_hal_msp.c ****   *                             www.st.com/SLA0044
  17:Src/stm32f1xx_hal_msp.c ****   *
  18:Src/stm32f1xx_hal_msp.c ****   ******************************************************************************
  19:Src/stm32f1xx_hal_msp.c ****   */
  20:Src/stm32f1xx_hal_msp.c **** /* USER CODE END Header */
  21:Src/stm32f1xx_hal_msp.c **** 
  22:Src/stm32f1xx_hal_msp.c **** /* Includes ------------------------------------------------------------------*/
  23:Src/stm32f1xx_hal_msp.c **** #include "main.h"
  24:Src/stm32f1xx_hal_msp.c **** /* USER CODE BEGIN Includes */
  25:Src/stm32f1xx_hal_msp.c **** 
  26:Src/stm32f1xx_hal_msp.c **** /* USER CODE END Includes */
  27:Src/stm32f1xx_hal_msp.c **** 
  28:Src/stm32f1xx_hal_msp.c **** /* Private typedef -----------------------------------------------------------*/
  29:Src/stm32f1xx_hal_msp.c **** /* USER CODE BEGIN TD */
  30:Src/stm32f1xx_hal_msp.c **** 
  31:Src/stm32f1xx_hal_msp.c **** /* USER CODE END TD */
ARM GAS  C:\Users\Johannes\AppData\Local\Temp\ccouqzqR.s 			page 2


  32:Src/stm32f1xx_hal_msp.c **** 
  33:Src/stm32f1xx_hal_msp.c **** /* Private define ------------------------------------------------------------*/
  34:Src/stm32f1xx_hal_msp.c **** /* USER CODE BEGIN Define */
  35:Src/stm32f1xx_hal_msp.c ****  
  36:Src/stm32f1xx_hal_msp.c **** /* USER CODE END Define */
  37:Src/stm32f1xx_hal_msp.c **** 
  38:Src/stm32f1xx_hal_msp.c **** /* Private macro -------------------------------------------------------------*/
  39:Src/stm32f1xx_hal_msp.c **** /* USER CODE BEGIN Macro */
  40:Src/stm32f1xx_hal_msp.c **** 
  41:Src/stm32f1xx_hal_msp.c **** /* USER CODE END Macro */
  42:Src/stm32f1xx_hal_msp.c **** 
  43:Src/stm32f1xx_hal_msp.c **** /* Private variables ---------------------------------------------------------*/
  44:Src/stm32f1xx_hal_msp.c **** /* USER CODE BEGIN PV */
  45:Src/stm32f1xx_hal_msp.c **** 
  46:Src/stm32f1xx_hal_msp.c **** /* USER CODE END PV */
  47:Src/stm32f1xx_hal_msp.c **** 
  48:Src/stm32f1xx_hal_msp.c **** /* Private function prototypes -----------------------------------------------*/
  49:Src/stm32f1xx_hal_msp.c **** /* USER CODE BEGIN PFP */
  50:Src/stm32f1xx_hal_msp.c **** 
  51:Src/stm32f1xx_hal_msp.c **** /* USER CODE END PFP */
  52:Src/stm32f1xx_hal_msp.c **** 
  53:Src/stm32f1xx_hal_msp.c **** /* External functions --------------------------------------------------------*/
  54:Src/stm32f1xx_hal_msp.c **** /* USER CODE BEGIN ExternalFunctions */
  55:Src/stm32f1xx_hal_msp.c **** 
  56:Src/stm32f1xx_hal_msp.c **** /* USER CODE END ExternalFunctions */
  57:Src/stm32f1xx_hal_msp.c **** 
  58:Src/stm32f1xx_hal_msp.c **** /* USER CODE BEGIN 0 */
  59:Src/stm32f1xx_hal_msp.c **** 
  60:Src/stm32f1xx_hal_msp.c **** /* USER CODE END 0 */
  61:Src/stm32f1xx_hal_msp.c **** /**
  62:Src/stm32f1xx_hal_msp.c ****   * Initializes the Global MSP.
  63:Src/stm32f1xx_hal_msp.c ****   */
  64:Src/stm32f1xx_hal_msp.c **** void HAL_MspInit(void)
  65:Src/stm32f1xx_hal_msp.c **** {
  28              		.loc 1 65 1 view -0
  29              		.cfi_startproc
  30              		@ args = 0, pretend = 0, frame = 8
  31              		@ frame_needed = 0, uses_anonymous_args = 0
  66:Src/stm32f1xx_hal_msp.c ****   /* USER CODE BEGIN MspInit 0 */
  67:Src/stm32f1xx_hal_msp.c **** 
  68:Src/stm32f1xx_hal_msp.c ****   /* USER CODE END MspInit 0 */
  69:Src/stm32f1xx_hal_msp.c **** 
  70:Src/stm32f1xx_hal_msp.c ****   __HAL_RCC_AFIO_CLK_ENABLE();
  32              		.loc 1 70 3 view .LVU1
  33              	.LBB2:
  34              		.loc 1 70 3 view .LVU2
  35              		.loc 1 70 3 view .LVU3
  36 0000 114B     		ldr	r3, .L4
  37              	.LBE2:
  65:Src/stm32f1xx_hal_msp.c ****   /* USER CODE BEGIN MspInit 0 */
  38              		.loc 1 65 1 is_stmt 0 view .LVU4
  39 0002 10B5     		push	{r4, lr}
  40              	.LCFI0:
  41              		.cfi_def_cfa_offset 8
  42              		.cfi_offset 4, -8
  43              		.cfi_offset 14, -4
  44              	.LBB3:
ARM GAS  C:\Users\Johannes\AppData\Local\Temp\ccouqzqR.s 			page 3


  45              		.loc 1 70 3 view .LVU5
  46 0004 9869     		ldr	r0, [r3, #24]
  47              	.LBE3:
  65:Src/stm32f1xx_hal_msp.c ****   /* USER CODE BEGIN MspInit 0 */
  48              		.loc 1 65 1 view .LVU6
  49 0006 82B0     		sub	sp, sp, #8
  50              	.LCFI1:
  51              		.cfi_def_cfa_offset 16
  52              	.LBB4:
  53              		.loc 1 70 3 view .LVU7
  54 0008 40F00100 		orr	r0, r0, #1
  55 000c 9861     		str	r0, [r3, #24]
  56              		.loc 1 70 3 is_stmt 1 view .LVU8
  57 000e 9C69     		ldr	r4, [r3, #24]
  58              	.LBE4:
  71:Src/stm32f1xx_hal_msp.c ****   __HAL_RCC_PWR_CLK_ENABLE();
  72:Src/stm32f1xx_hal_msp.c **** 
  73:Src/stm32f1xx_hal_msp.c ****   /* System interrupt init*/
  74:Src/stm32f1xx_hal_msp.c ****   /* PendSV_IRQn interrupt configuration */
  75:Src/stm32f1xx_hal_msp.c ****   HAL_NVIC_SetPriority(PendSV_IRQn, 15, 0);
  59              		.loc 1 75 3 is_stmt 0 view .LVU9
  60 0010 0022     		movs	r2, #0
  61              	.LBB5:
  70:Src/stm32f1xx_hal_msp.c ****   __HAL_RCC_PWR_CLK_ENABLE();
  62              		.loc 1 70 3 view .LVU10
  63 0012 04F00104 		and	r4, r4, #1
  64 0016 0094     		str	r4, [sp]
  70:Src/stm32f1xx_hal_msp.c ****   __HAL_RCC_PWR_CLK_ENABLE();
  65              		.loc 1 70 3 is_stmt 1 view .LVU11
  66 0018 009C     		ldr	r4, [sp]
  67              	.LBE5:
  71:Src/stm32f1xx_hal_msp.c ****   __HAL_RCC_PWR_CLK_ENABLE();
  68              		.loc 1 71 3 view .LVU12
  69              	.LBB6:
  71:Src/stm32f1xx_hal_msp.c ****   __HAL_RCC_PWR_CLK_ENABLE();
  70              		.loc 1 71 3 view .LVU13
  71:Src/stm32f1xx_hal_msp.c ****   __HAL_RCC_PWR_CLK_ENABLE();
  71              		.loc 1 71 3 view .LVU14
  72 001a DC69     		ldr	r4, [r3, #28]
  73              	.LBE6:
  74              		.loc 1 75 3 is_stmt 0 view .LVU15
  75 001c 0F21     		movs	r1, #15
  76              	.LBB7:
  71:Src/stm32f1xx_hal_msp.c ****   __HAL_RCC_PWR_CLK_ENABLE();
  77              		.loc 1 71 3 view .LVU16
  78 001e 44F08054 		orr	r4, r4, #268435456
  79 0022 DC61     		str	r4, [r3, #28]
  71:Src/stm32f1xx_hal_msp.c ****   __HAL_RCC_PWR_CLK_ENABLE();
  80              		.loc 1 71 3 is_stmt 1 view .LVU17
  81 0024 DB69     		ldr	r3, [r3, #28]
  82              	.LBE7:
  83              		.loc 1 75 3 is_stmt 0 view .LVU18
  84 0026 6FF00100 		mvn	r0, #1
  85              	.LBB8:
  71:Src/stm32f1xx_hal_msp.c ****   __HAL_RCC_PWR_CLK_ENABLE();
  86              		.loc 1 71 3 view .LVU19
  87 002a 03F08053 		and	r3, r3, #268435456
ARM GAS  C:\Users\Johannes\AppData\Local\Temp\ccouqzqR.s 			page 4


  88 002e 0193     		str	r3, [sp, #4]
  71:Src/stm32f1xx_hal_msp.c ****   __HAL_RCC_PWR_CLK_ENABLE();
  89              		.loc 1 71 3 is_stmt 1 view .LVU20
  90 0030 019B     		ldr	r3, [sp, #4]
  91              	.LBE8:
  92              		.loc 1 75 3 view .LVU21
  93 0032 FFF7FEFF 		bl	HAL_NVIC_SetPriority
  94              	.LVL0:
  76:Src/stm32f1xx_hal_msp.c **** 
  77:Src/stm32f1xx_hal_msp.c ****   /** NOJTAG: JTAG-DP Disabled and SW-DP Enabled 
  78:Src/stm32f1xx_hal_msp.c ****   */
  79:Src/stm32f1xx_hal_msp.c ****   __HAL_AFIO_REMAP_SWJ_NOJTAG();
  95              		.loc 1 79 3 view .LVU22
  96              	.LBB9:
  97              		.loc 1 79 3 view .LVU23
  98 0036 054A     		ldr	r2, .L4+4
  99 0038 5368     		ldr	r3, [r2, #4]
 100              	.LVL1:
 101              		.loc 1 79 3 view .LVU24
 102 003a 23F0E063 		bic	r3, r3, #117440512
 103              	.LVL2:
 104              		.loc 1 79 3 view .LVU25
 105 003e 43F00073 		orr	r3, r3, #33554432
 106              	.LVL3:
 107              		.loc 1 79 3 view .LVU26
 108 0042 5360     		str	r3, [r2, #4]
 109              	.LBE9:
  80:Src/stm32f1xx_hal_msp.c **** 
  81:Src/stm32f1xx_hal_msp.c ****   /* USER CODE BEGIN MspInit 1 */
  82:Src/stm32f1xx_hal_msp.c **** 
  83:Src/stm32f1xx_hal_msp.c ****   /* USER CODE END MspInit 1 */
  84:Src/stm32f1xx_hal_msp.c **** }
 110              		.loc 1 84 1 is_stmt 0 view .LVU27
 111 0044 02B0     		add	sp, sp, #8
 112              	.LCFI2:
 113              		.cfi_def_cfa_offset 8
 114              		@ sp needed
 115 0046 10BD     		pop	{r4, pc}
 116              	.L5:
 117              		.align	2
 118              	.L4:
 119 0048 00100240 		.word	1073876992
 120 004c 00000140 		.word	1073807360
 121              		.cfi_endproc
 122              	.LFE65:
 124              		.section	.text.HAL_I2C_MspInit,"ax",%progbits
 125              		.align	1
 126              		.p2align 2,,3
 127              		.global	HAL_I2C_MspInit
 128              		.syntax unified
 129              		.thumb
 130              		.thumb_func
 131              		.fpu softvfp
 133              	HAL_I2C_MspInit:
 134              	.LVL4:
 135              	.LFB66:
  85:Src/stm32f1xx_hal_msp.c **** 
ARM GAS  C:\Users\Johannes\AppData\Local\Temp\ccouqzqR.s 			page 5


  86:Src/stm32f1xx_hal_msp.c **** /**
  87:Src/stm32f1xx_hal_msp.c **** * @brief I2C MSP Initialization
  88:Src/stm32f1xx_hal_msp.c **** * This function configures the hardware resources used in this example
  89:Src/stm32f1xx_hal_msp.c **** * @param hi2c: I2C handle pointer
  90:Src/stm32f1xx_hal_msp.c **** * @retval None
  91:Src/stm32f1xx_hal_msp.c **** */
  92:Src/stm32f1xx_hal_msp.c **** void HAL_I2C_MspInit(I2C_HandleTypeDef* hi2c)
  93:Src/stm32f1xx_hal_msp.c **** {
 136              		.loc 1 93 1 is_stmt 1 view -0
 137              		.cfi_startproc
 138              		@ args = 0, pretend = 0, frame = 24
 139              		@ frame_needed = 0, uses_anonymous_args = 0
  94:Src/stm32f1xx_hal_msp.c ****   GPIO_InitTypeDef GPIO_InitStruct = {0};
 140              		.loc 1 94 3 view .LVU29
 141              		.loc 1 94 20 is_stmt 0 view .LVU30
 142 0000 0023     		movs	r3, #0
  93:Src/stm32f1xx_hal_msp.c ****   GPIO_InitTypeDef GPIO_InitStruct = {0};
 143              		.loc 1 93 1 view .LVU31
 144 0002 70B5     		push	{r4, r5, r6, lr}
 145              	.LCFI3:
 146              		.cfi_def_cfa_offset 16
 147              		.cfi_offset 4, -16
 148              		.cfi_offset 5, -12
 149              		.cfi_offset 6, -8
 150              		.cfi_offset 14, -4
  95:Src/stm32f1xx_hal_msp.c ****   if(hi2c->Instance==I2C1)
 151              		.loc 1 95 5 view .LVU32
 152 0004 0168     		ldr	r1, [r0]
 153 0006 154A     		ldr	r2, .L10
  93:Src/stm32f1xx_hal_msp.c ****   GPIO_InitTypeDef GPIO_InitStruct = {0};
 154              		.loc 1 93 1 view .LVU33
 155 0008 86B0     		sub	sp, sp, #24
 156              	.LCFI4:
 157              		.cfi_def_cfa_offset 40
 158              		.loc 1 95 5 view .LVU34
 159 000a 9142     		cmp	r1, r2
  94:Src/stm32f1xx_hal_msp.c ****   GPIO_InitTypeDef GPIO_InitStruct = {0};
 160              		.loc 1 94 20 view .LVU35
 161 000c CDE90233 		strd	r3, r3, [sp, #8]
 162 0010 CDE90433 		strd	r3, r3, [sp, #16]
 163              		.loc 1 95 3 is_stmt 1 view .LVU36
 164              		.loc 1 95 5 is_stmt 0 view .LVU37
 165 0014 01D0     		beq	.L9
  96:Src/stm32f1xx_hal_msp.c ****   {
  97:Src/stm32f1xx_hal_msp.c ****   /* USER CODE BEGIN I2C1_MspInit 0 */
  98:Src/stm32f1xx_hal_msp.c **** 
  99:Src/stm32f1xx_hal_msp.c ****   /* USER CODE END I2C1_MspInit 0 */
 100:Src/stm32f1xx_hal_msp.c ****   
 101:Src/stm32f1xx_hal_msp.c ****     __HAL_RCC_GPIOB_CLK_ENABLE();
 102:Src/stm32f1xx_hal_msp.c ****     /**I2C1 GPIO Configuration    
 103:Src/stm32f1xx_hal_msp.c ****     PB6     ------> I2C1_SCL
 104:Src/stm32f1xx_hal_msp.c ****     PB7     ------> I2C1_SDA 
 105:Src/stm32f1xx_hal_msp.c ****     */
 106:Src/stm32f1xx_hal_msp.c ****     GPIO_InitStruct.Pin = GPIO_PIN_6|GPIO_PIN_7;
 107:Src/stm32f1xx_hal_msp.c ****     GPIO_InitStruct.Mode = GPIO_MODE_AF_OD;
 108:Src/stm32f1xx_hal_msp.c ****     GPIO_InitStruct.Pull = GPIO_PULLUP;
 109:Src/stm32f1xx_hal_msp.c ****     GPIO_InitStruct.Speed = GPIO_SPEED_FREQ_HIGH;
ARM GAS  C:\Users\Johannes\AppData\Local\Temp\ccouqzqR.s 			page 6


 110:Src/stm32f1xx_hal_msp.c ****     HAL_GPIO_Init(GPIOB, &GPIO_InitStruct);
 111:Src/stm32f1xx_hal_msp.c **** 
 112:Src/stm32f1xx_hal_msp.c ****     /* Peripheral clock enable */
 113:Src/stm32f1xx_hal_msp.c ****     __HAL_RCC_I2C1_CLK_ENABLE();
 114:Src/stm32f1xx_hal_msp.c ****   /* USER CODE BEGIN I2C1_MspInit 1 */
 115:Src/stm32f1xx_hal_msp.c **** 
 116:Src/stm32f1xx_hal_msp.c ****   /* USER CODE END I2C1_MspInit 1 */
 117:Src/stm32f1xx_hal_msp.c ****   }
 118:Src/stm32f1xx_hal_msp.c **** 
 119:Src/stm32f1xx_hal_msp.c **** }
 166              		.loc 1 119 1 view .LVU38
 167 0016 06B0     		add	sp, sp, #24
 168              	.LCFI5:
 169              		.cfi_remember_state
 170              		.cfi_def_cfa_offset 16
 171              		@ sp needed
 172 0018 70BD     		pop	{r4, r5, r6, pc}
 173              	.L9:
 174              	.LCFI6:
 175              		.cfi_restore_state
 101:Src/stm32f1xx_hal_msp.c ****     /**I2C1 GPIO Configuration    
 176              		.loc 1 101 5 is_stmt 1 view .LVU39
 177              	.LBB10:
 101:Src/stm32f1xx_hal_msp.c ****     /**I2C1 GPIO Configuration    
 178              		.loc 1 101 5 view .LVU40
 101:Src/stm32f1xx_hal_msp.c ****     /**I2C1 GPIO Configuration    
 179              		.loc 1 101 5 view .LVU41
 180              	.LBE10:
 106:Src/stm32f1xx_hal_msp.c ****     GPIO_InitStruct.Mode = GPIO_MODE_AF_OD;
 181              		.loc 1 106 25 is_stmt 0 view .LVU42
 182 001a C020     		movs	r0, #192
 183              	.LVL5:
 109:Src/stm32f1xx_hal_msp.c ****     HAL_GPIO_Init(GPIOB, &GPIO_InitStruct);
 184              		.loc 1 109 27 view .LVU43
 185 001c 0322     		movs	r2, #3
 107:Src/stm32f1xx_hal_msp.c ****     GPIO_InitStruct.Pull = GPIO_PULLUP;
 186              		.loc 1 107 26 view .LVU44
 187 001e 1226     		movs	r6, #18
 108:Src/stm32f1xx_hal_msp.c ****     GPIO_InitStruct.Speed = GPIO_SPEED_FREQ_HIGH;
 188              		.loc 1 108 26 view .LVU45
 189 0020 0125     		movs	r5, #1
 190              	.LBB11:
 101:Src/stm32f1xx_hal_msp.c ****     /**I2C1 GPIO Configuration    
 191              		.loc 1 101 5 view .LVU46
 192 0022 0F4C     		ldr	r4, .L10+4
 193              	.LBE11:
 110:Src/stm32f1xx_hal_msp.c **** 
 194              		.loc 1 110 5 view .LVU47
 195 0024 02A9     		add	r1, sp, #8
 196              	.LBB12:
 101:Src/stm32f1xx_hal_msp.c ****     /**I2C1 GPIO Configuration    
 197              		.loc 1 101 5 view .LVU48
 198 0026 A369     		ldr	r3, [r4, #24]
 199 0028 43F00803 		orr	r3, r3, #8
 200 002c A361     		str	r3, [r4, #24]
 101:Src/stm32f1xx_hal_msp.c ****     /**I2C1 GPIO Configuration    
 201              		.loc 1 101 5 is_stmt 1 view .LVU49
ARM GAS  C:\Users\Johannes\AppData\Local\Temp\ccouqzqR.s 			page 7


 202 002e A369     		ldr	r3, [r4, #24]
 203              	.LBE12:
 106:Src/stm32f1xx_hal_msp.c ****     GPIO_InitStruct.Mode = GPIO_MODE_AF_OD;
 204              		.loc 1 106 25 is_stmt 0 view .LVU50
 205 0030 0290     		str	r0, [sp, #8]
 206              	.LBB13:
 101:Src/stm32f1xx_hal_msp.c ****     /**I2C1 GPIO Configuration    
 207              		.loc 1 101 5 view .LVU51
 208 0032 03F00803 		and	r3, r3, #8
 209 0036 0093     		str	r3, [sp]
 101:Src/stm32f1xx_hal_msp.c ****     /**I2C1 GPIO Configuration    
 210              		.loc 1 101 5 is_stmt 1 view .LVU52
 211              	.LBE13:
 110:Src/stm32f1xx_hal_msp.c **** 
 212              		.loc 1 110 5 is_stmt 0 view .LVU53
 213 0038 0A48     		ldr	r0, .L10+8
 214              	.LBB14:
 101:Src/stm32f1xx_hal_msp.c ****     /**I2C1 GPIO Configuration    
 215              		.loc 1 101 5 view .LVU54
 216 003a 009B     		ldr	r3, [sp]
 217              	.LBE14:
 106:Src/stm32f1xx_hal_msp.c ****     GPIO_InitStruct.Mode = GPIO_MODE_AF_OD;
 218              		.loc 1 106 5 is_stmt 1 view .LVU55
 107:Src/stm32f1xx_hal_msp.c ****     GPIO_InitStruct.Pull = GPIO_PULLUP;
 219              		.loc 1 107 5 view .LVU56
 108:Src/stm32f1xx_hal_msp.c ****     GPIO_InitStruct.Speed = GPIO_SPEED_FREQ_HIGH;
 220              		.loc 1 108 26 is_stmt 0 view .LVU57
 221 003c CDE90365 		strd	r6, r5, [sp, #12]
 109:Src/stm32f1xx_hal_msp.c ****     HAL_GPIO_Init(GPIOB, &GPIO_InitStruct);
 222              		.loc 1 109 5 is_stmt 1 view .LVU58
 109:Src/stm32f1xx_hal_msp.c ****     HAL_GPIO_Init(GPIOB, &GPIO_InitStruct);
 223              		.loc 1 109 27 is_stmt 0 view .LVU59
 224 0040 0592     		str	r2, [sp, #20]
 110:Src/stm32f1xx_hal_msp.c **** 
 225              		.loc 1 110 5 is_stmt 1 view .LVU60
 226 0042 FFF7FEFF 		bl	HAL_GPIO_Init
 227              	.LVL6:
 113:Src/stm32f1xx_hal_msp.c ****   /* USER CODE BEGIN I2C1_MspInit 1 */
 228              		.loc 1 113 5 view .LVU61
 229              	.LBB15:
 113:Src/stm32f1xx_hal_msp.c ****   /* USER CODE BEGIN I2C1_MspInit 1 */
 230              		.loc 1 113 5 view .LVU62
 113:Src/stm32f1xx_hal_msp.c ****   /* USER CODE BEGIN I2C1_MspInit 1 */
 231              		.loc 1 113 5 view .LVU63
 232 0046 E369     		ldr	r3, [r4, #28]
 233 0048 43F40013 		orr	r3, r3, #2097152
 234 004c E361     		str	r3, [r4, #28]
 113:Src/stm32f1xx_hal_msp.c ****   /* USER CODE BEGIN I2C1_MspInit 1 */
 235              		.loc 1 113 5 view .LVU64
 236 004e E369     		ldr	r3, [r4, #28]
 237 0050 03F40013 		and	r3, r3, #2097152
 238 0054 0193     		str	r3, [sp, #4]
 113:Src/stm32f1xx_hal_msp.c ****   /* USER CODE BEGIN I2C1_MspInit 1 */
 239              		.loc 1 113 5 view .LVU65
 240 0056 019B     		ldr	r3, [sp, #4]
 241              	.LBE15:
 242              		.loc 1 119 1 is_stmt 0 view .LVU66
ARM GAS  C:\Users\Johannes\AppData\Local\Temp\ccouqzqR.s 			page 8


 243 0058 06B0     		add	sp, sp, #24
 244              	.LCFI7:
 245              		.cfi_def_cfa_offset 16
 246              		@ sp needed
 247 005a 70BD     		pop	{r4, r5, r6, pc}
 248              	.L11:
 249              		.align	2
 250              	.L10:
 251 005c 00540040 		.word	1073763328
 252 0060 00100240 		.word	1073876992
 253 0064 000C0140 		.word	1073810432
 254              		.cfi_endproc
 255              	.LFE66:
 257              		.section	.text.HAL_I2C_MspDeInit,"ax",%progbits
 258              		.align	1
 259              		.p2align 2,,3
 260              		.global	HAL_I2C_MspDeInit
 261              		.syntax unified
 262              		.thumb
 263              		.thumb_func
 264              		.fpu softvfp
 266              	HAL_I2C_MspDeInit:
 267              	.LVL7:
 268              	.LFB67:
 120:Src/stm32f1xx_hal_msp.c **** 
 121:Src/stm32f1xx_hal_msp.c **** /**
 122:Src/stm32f1xx_hal_msp.c **** * @brief I2C MSP De-Initialization
 123:Src/stm32f1xx_hal_msp.c **** * This function freeze the hardware resources used in this example
 124:Src/stm32f1xx_hal_msp.c **** * @param hi2c: I2C handle pointer
 125:Src/stm32f1xx_hal_msp.c **** * @retval None
 126:Src/stm32f1xx_hal_msp.c **** */
 127:Src/stm32f1xx_hal_msp.c **** void HAL_I2C_MspDeInit(I2C_HandleTypeDef* hi2c)
 128:Src/stm32f1xx_hal_msp.c **** {
 269              		.loc 1 128 1 is_stmt 1 view -0
 270              		.cfi_startproc
 271              		@ args = 0, pretend = 0, frame = 0
 272              		@ frame_needed = 0, uses_anonymous_args = 0
 273              		@ link register save eliminated.
 129:Src/stm32f1xx_hal_msp.c ****   if(hi2c->Instance==I2C1)
 274              		.loc 1 129 3 view .LVU68
 275              		.loc 1 129 5 is_stmt 0 view .LVU69
 276 0000 0268     		ldr	r2, [r0]
 277 0002 064B     		ldr	r3, .L15
 278 0004 9A42     		cmp	r2, r3
 279 0006 00D0     		beq	.L14
 130:Src/stm32f1xx_hal_msp.c ****   {
 131:Src/stm32f1xx_hal_msp.c ****   /* USER CODE BEGIN I2C1_MspDeInit 0 */
 132:Src/stm32f1xx_hal_msp.c **** 
 133:Src/stm32f1xx_hal_msp.c ****   /* USER CODE END I2C1_MspDeInit 0 */
 134:Src/stm32f1xx_hal_msp.c ****     /* Peripheral clock disable */
 135:Src/stm32f1xx_hal_msp.c ****     __HAL_RCC_I2C1_CLK_DISABLE();
 136:Src/stm32f1xx_hal_msp.c ****   
 137:Src/stm32f1xx_hal_msp.c ****     /**I2C1 GPIO Configuration    
 138:Src/stm32f1xx_hal_msp.c ****     PB6     ------> I2C1_SCL
 139:Src/stm32f1xx_hal_msp.c ****     PB7     ------> I2C1_SDA 
 140:Src/stm32f1xx_hal_msp.c ****     */
 141:Src/stm32f1xx_hal_msp.c ****     HAL_GPIO_DeInit(GPIOB, GPIO_PIN_6|GPIO_PIN_7);
ARM GAS  C:\Users\Johannes\AppData\Local\Temp\ccouqzqR.s 			page 9


 142:Src/stm32f1xx_hal_msp.c **** 
 143:Src/stm32f1xx_hal_msp.c ****   /* USER CODE BEGIN I2C1_MspDeInit 1 */
 144:Src/stm32f1xx_hal_msp.c **** 
 145:Src/stm32f1xx_hal_msp.c ****   /* USER CODE END I2C1_MspDeInit 1 */
 146:Src/stm32f1xx_hal_msp.c ****   }
 147:Src/stm32f1xx_hal_msp.c **** 
 148:Src/stm32f1xx_hal_msp.c **** }
 280              		.loc 1 148 1 view .LVU70
 281 0008 7047     		bx	lr
 282              	.L14:
 135:Src/stm32f1xx_hal_msp.c ****   
 283              		.loc 1 135 5 is_stmt 1 view .LVU71
 284 000a 054A     		ldr	r2, .L15+4
 141:Src/stm32f1xx_hal_msp.c **** 
 285              		.loc 1 141 5 is_stmt 0 view .LVU72
 286 000c C021     		movs	r1, #192
 135:Src/stm32f1xx_hal_msp.c ****   
 287              		.loc 1 135 5 view .LVU73
 288 000e D369     		ldr	r3, [r2, #28]
 141:Src/stm32f1xx_hal_msp.c **** 
 289              		.loc 1 141 5 view .LVU74
 290 0010 0448     		ldr	r0, .L15+8
 291              	.LVL8:
 135:Src/stm32f1xx_hal_msp.c ****   
 292              		.loc 1 135 5 view .LVU75
 293 0012 23F40013 		bic	r3, r3, #2097152
 294 0016 D361     		str	r3, [r2, #28]
 141:Src/stm32f1xx_hal_msp.c **** 
 295              		.loc 1 141 5 is_stmt 1 view .LVU76
 296 0018 FFF7FEBF 		b	HAL_GPIO_DeInit
 297              	.LVL9:
 298              	.L16:
 299              		.align	2
 300              	.L15:
 301 001c 00540040 		.word	1073763328
 302 0020 00100240 		.word	1073876992
 303 0024 000C0140 		.word	1073810432
 304              		.cfi_endproc
 305              	.LFE67:
 307              		.section	.text.HAL_UART_MspInit,"ax",%progbits
 308              		.align	1
 309              		.p2align 2,,3
 310              		.global	HAL_UART_MspInit
 311              		.syntax unified
 312              		.thumb
 313              		.thumb_func
 314              		.fpu softvfp
 316              	HAL_UART_MspInit:
 317              	.LVL10:
 318              	.LFB68:
 149:Src/stm32f1xx_hal_msp.c **** 
 150:Src/stm32f1xx_hal_msp.c **** /**
 151:Src/stm32f1xx_hal_msp.c **** * @brief UART MSP Initialization
 152:Src/stm32f1xx_hal_msp.c **** * This function configures the hardware resources used in this example
 153:Src/stm32f1xx_hal_msp.c **** * @param huart: UART handle pointer
 154:Src/stm32f1xx_hal_msp.c **** * @retval None
 155:Src/stm32f1xx_hal_msp.c **** */
ARM GAS  C:\Users\Johannes\AppData\Local\Temp\ccouqzqR.s 			page 10


 156:Src/stm32f1xx_hal_msp.c **** void HAL_UART_MspInit(UART_HandleTypeDef* huart)
 157:Src/stm32f1xx_hal_msp.c **** {
 319              		.loc 1 157 1 view -0
 320              		.cfi_startproc
 321              		@ args = 0, pretend = 0, frame = 24
 322              		@ frame_needed = 0, uses_anonymous_args = 0
 158:Src/stm32f1xx_hal_msp.c ****   GPIO_InitTypeDef GPIO_InitStruct = {0};
 323              		.loc 1 158 3 view .LVU78
 157:Src/stm32f1xx_hal_msp.c ****   GPIO_InitTypeDef GPIO_InitStruct = {0};
 324              		.loc 1 157 1 is_stmt 0 view .LVU79
 325 0000 70B5     		push	{r4, r5, r6, lr}
 326              	.LCFI8:
 327              		.cfi_def_cfa_offset 16
 328              		.cfi_offset 4, -16
 329              		.cfi_offset 5, -12
 330              		.cfi_offset 6, -8
 331              		.cfi_offset 14, -4
 332              		.loc 1 158 20 view .LVU80
 333 0002 0024     		movs	r4, #0
 159:Src/stm32f1xx_hal_msp.c ****   if(huart->Instance==USART1)
 334              		.loc 1 159 5 view .LVU81
 335 0004 0268     		ldr	r2, [r0]
 336 0006 1A4B     		ldr	r3, .L21
 157:Src/stm32f1xx_hal_msp.c ****   GPIO_InitTypeDef GPIO_InitStruct = {0};
 337              		.loc 1 157 1 view .LVU82
 338 0008 86B0     		sub	sp, sp, #24
 339              	.LCFI9:
 340              		.cfi_def_cfa_offset 40
 341              		.loc 1 159 5 view .LVU83
 342 000a 9A42     		cmp	r2, r3
 158:Src/stm32f1xx_hal_msp.c ****   GPIO_InitTypeDef GPIO_InitStruct = {0};
 343              		.loc 1 158 20 view .LVU84
 344 000c CDE90244 		strd	r4, r4, [sp, #8]
 345 0010 CDE90444 		strd	r4, r4, [sp, #16]
 346              		.loc 1 159 3 is_stmt 1 view .LVU85
 347              		.loc 1 159 5 is_stmt 0 view .LVU86
 348 0014 01D0     		beq	.L20
 160:Src/stm32f1xx_hal_msp.c ****   {
 161:Src/stm32f1xx_hal_msp.c ****   /* USER CODE BEGIN USART1_MspInit 0 */
 162:Src/stm32f1xx_hal_msp.c **** 
 163:Src/stm32f1xx_hal_msp.c ****   /* USER CODE END USART1_MspInit 0 */
 164:Src/stm32f1xx_hal_msp.c ****     /* Peripheral clock enable */
 165:Src/stm32f1xx_hal_msp.c ****     __HAL_RCC_USART1_CLK_ENABLE();
 166:Src/stm32f1xx_hal_msp.c ****   
 167:Src/stm32f1xx_hal_msp.c ****     __HAL_RCC_GPIOA_CLK_ENABLE();
 168:Src/stm32f1xx_hal_msp.c ****     /**USART1 GPIO Configuration    
 169:Src/stm32f1xx_hal_msp.c ****     PA9     ------> USART1_TX
 170:Src/stm32f1xx_hal_msp.c ****     PA10     ------> USART1_RX 
 171:Src/stm32f1xx_hal_msp.c ****     */
 172:Src/stm32f1xx_hal_msp.c ****     GPIO_InitStruct.Pin = GPIO_PIN_9;
 173:Src/stm32f1xx_hal_msp.c ****     GPIO_InitStruct.Mode = GPIO_MODE_AF_PP;
 174:Src/stm32f1xx_hal_msp.c ****     GPIO_InitStruct.Speed = GPIO_SPEED_FREQ_HIGH;
 175:Src/stm32f1xx_hal_msp.c ****     HAL_GPIO_Init(GPIOA, &GPIO_InitStruct);
 176:Src/stm32f1xx_hal_msp.c **** 
 177:Src/stm32f1xx_hal_msp.c ****     GPIO_InitStruct.Pin = GPIO_PIN_10;
 178:Src/stm32f1xx_hal_msp.c ****     GPIO_InitStruct.Mode = GPIO_MODE_INPUT;
 179:Src/stm32f1xx_hal_msp.c ****     GPIO_InitStruct.Pull = GPIO_NOPULL;
ARM GAS  C:\Users\Johannes\AppData\Local\Temp\ccouqzqR.s 			page 11


 180:Src/stm32f1xx_hal_msp.c ****     HAL_GPIO_Init(GPIOA, &GPIO_InitStruct);
 181:Src/stm32f1xx_hal_msp.c **** 
 182:Src/stm32f1xx_hal_msp.c ****   /* USER CODE BEGIN USART1_MspInit 1 */
 183:Src/stm32f1xx_hal_msp.c **** 
 184:Src/stm32f1xx_hal_msp.c ****   /* USER CODE END USART1_MspInit 1 */
 185:Src/stm32f1xx_hal_msp.c ****   }
 186:Src/stm32f1xx_hal_msp.c **** 
 187:Src/stm32f1xx_hal_msp.c **** }
 349              		.loc 1 187 1 view .LVU87
 350 0016 06B0     		add	sp, sp, #24
 351              	.LCFI10:
 352              		.cfi_remember_state
 353              		.cfi_def_cfa_offset 16
 354              		@ sp needed
 355 0018 70BD     		pop	{r4, r5, r6, pc}
 356              	.L20:
 357              	.LCFI11:
 358              		.cfi_restore_state
 165:Src/stm32f1xx_hal_msp.c ****   
 359              		.loc 1 165 5 is_stmt 1 view .LVU88
 360              	.LBB16:
 165:Src/stm32f1xx_hal_msp.c ****   
 361              		.loc 1 165 5 view .LVU89
 165:Src/stm32f1xx_hal_msp.c ****   
 362              		.loc 1 165 5 view .LVU90
 363              	.LBE16:
 172:Src/stm32f1xx_hal_msp.c ****     GPIO_InitStruct.Mode = GPIO_MODE_AF_PP;
 364              		.loc 1 172 25 is_stmt 0 view .LVU91
 365 001a 4FF40071 		mov	r1, #512
 173:Src/stm32f1xx_hal_msp.c ****     GPIO_InitStruct.Speed = GPIO_SPEED_FREQ_HIGH;
 366              		.loc 1 173 26 view .LVU92
 367 001e 0226     		movs	r6, #2
 174:Src/stm32f1xx_hal_msp.c ****     HAL_GPIO_Init(GPIOA, &GPIO_InitStruct);
 368              		.loc 1 174 27 view .LVU93
 369 0020 0325     		movs	r5, #3
 370              	.LBB17:
 165:Src/stm32f1xx_hal_msp.c ****   
 371              		.loc 1 165 5 view .LVU94
 372 0022 03F55843 		add	r3, r3, #55296
 373 0026 9A69     		ldr	r2, [r3, #24]
 374              	.LBE17:
 175:Src/stm32f1xx_hal_msp.c **** 
 375              		.loc 1 175 5 view .LVU95
 376 0028 1248     		ldr	r0, .L21+4
 377              	.LVL11:
 378              	.LBB18:
 165:Src/stm32f1xx_hal_msp.c ****   
 379              		.loc 1 165 5 view .LVU96
 380 002a 42F48042 		orr	r2, r2, #16384
 381 002e 9A61     		str	r2, [r3, #24]
 165:Src/stm32f1xx_hal_msp.c ****   
 382              		.loc 1 165 5 is_stmt 1 view .LVU97
 383 0030 9A69     		ldr	r2, [r3, #24]
 384 0032 02F48042 		and	r2, r2, #16384
 385 0036 0092     		str	r2, [sp]
 165:Src/stm32f1xx_hal_msp.c ****   
 386              		.loc 1 165 5 view .LVU98
ARM GAS  C:\Users\Johannes\AppData\Local\Temp\ccouqzqR.s 			page 12


 387 0038 009A     		ldr	r2, [sp]
 388              	.LBE18:
 167:Src/stm32f1xx_hal_msp.c ****     /**USART1 GPIO Configuration    
 389              		.loc 1 167 5 view .LVU99
 390              	.LBB19:
 167:Src/stm32f1xx_hal_msp.c ****     /**USART1 GPIO Configuration    
 391              		.loc 1 167 5 view .LVU100
 167:Src/stm32f1xx_hal_msp.c ****     /**USART1 GPIO Configuration    
 392              		.loc 1 167 5 view .LVU101
 393 003a 9A69     		ldr	r2, [r3, #24]
 394 003c 42F00402 		orr	r2, r2, #4
 395 0040 9A61     		str	r2, [r3, #24]
 167:Src/stm32f1xx_hal_msp.c ****     /**USART1 GPIO Configuration    
 396              		.loc 1 167 5 view .LVU102
 397 0042 9B69     		ldr	r3, [r3, #24]
 398              	.LBE19:
 172:Src/stm32f1xx_hal_msp.c ****     GPIO_InitStruct.Mode = GPIO_MODE_AF_PP;
 399              		.loc 1 172 25 is_stmt 0 view .LVU103
 400 0044 0291     		str	r1, [sp, #8]
 401              	.LBB20:
 167:Src/stm32f1xx_hal_msp.c ****     /**USART1 GPIO Configuration    
 402              		.loc 1 167 5 view .LVU104
 403 0046 03F00403 		and	r3, r3, #4
 404 004a 0193     		str	r3, [sp, #4]
 167:Src/stm32f1xx_hal_msp.c ****     /**USART1 GPIO Configuration    
 405              		.loc 1 167 5 is_stmt 1 view .LVU105
 406              	.LBE20:
 175:Src/stm32f1xx_hal_msp.c **** 
 407              		.loc 1 175 5 is_stmt 0 view .LVU106
 408 004c 02A9     		add	r1, sp, #8
 409              	.LBB21:
 167:Src/stm32f1xx_hal_msp.c ****     /**USART1 GPIO Configuration    
 410              		.loc 1 167 5 view .LVU107
 411 004e 019B     		ldr	r3, [sp, #4]
 412              	.LBE21:
 172:Src/stm32f1xx_hal_msp.c ****     GPIO_InitStruct.Mode = GPIO_MODE_AF_PP;
 413              		.loc 1 172 5 is_stmt 1 view .LVU108
 173:Src/stm32f1xx_hal_msp.c ****     GPIO_InitStruct.Speed = GPIO_SPEED_FREQ_HIGH;
 414              		.loc 1 173 5 view .LVU109
 173:Src/stm32f1xx_hal_msp.c ****     GPIO_InitStruct.Speed = GPIO_SPEED_FREQ_HIGH;
 415              		.loc 1 173 26 is_stmt 0 view .LVU110
 416 0050 0396     		str	r6, [sp, #12]
 174:Src/stm32f1xx_hal_msp.c ****     HAL_GPIO_Init(GPIOA, &GPIO_InitStruct);
 417              		.loc 1 174 5 is_stmt 1 view .LVU111
 174:Src/stm32f1xx_hal_msp.c ****     HAL_GPIO_Init(GPIOA, &GPIO_InitStruct);
 418              		.loc 1 174 27 is_stmt 0 view .LVU112
 419 0052 0595     		str	r5, [sp, #20]
 175:Src/stm32f1xx_hal_msp.c **** 
 420              		.loc 1 175 5 is_stmt 1 view .LVU113
 421 0054 FFF7FEFF 		bl	HAL_GPIO_Init
 422              	.LVL12:
 177:Src/stm32f1xx_hal_msp.c ****     GPIO_InitStruct.Mode = GPIO_MODE_INPUT;
 423              		.loc 1 177 5 view .LVU114
 177:Src/stm32f1xx_hal_msp.c ****     GPIO_InitStruct.Mode = GPIO_MODE_INPUT;
 424              		.loc 1 177 25 is_stmt 0 view .LVU115
 425 0058 4FF48063 		mov	r3, #1024
 180:Src/stm32f1xx_hal_msp.c **** 
ARM GAS  C:\Users\Johannes\AppData\Local\Temp\ccouqzqR.s 			page 13


 426              		.loc 1 180 5 view .LVU116
 427 005c 02A9     		add	r1, sp, #8
 428 005e 0548     		ldr	r0, .L21+4
 179:Src/stm32f1xx_hal_msp.c ****     HAL_GPIO_Init(GPIOA, &GPIO_InitStruct);
 429              		.loc 1 179 26 view .LVU117
 430 0060 CDE90344 		strd	r4, r4, [sp, #12]
 177:Src/stm32f1xx_hal_msp.c ****     GPIO_InitStruct.Mode = GPIO_MODE_INPUT;
 431              		.loc 1 177 25 view .LVU118
 432 0064 0293     		str	r3, [sp, #8]
 178:Src/stm32f1xx_hal_msp.c ****     GPIO_InitStruct.Pull = GPIO_NOPULL;
 433              		.loc 1 178 5 is_stmt 1 view .LVU119
 179:Src/stm32f1xx_hal_msp.c ****     HAL_GPIO_Init(GPIOA, &GPIO_InitStruct);
 434              		.loc 1 179 5 view .LVU120
 180:Src/stm32f1xx_hal_msp.c **** 
 435              		.loc 1 180 5 view .LVU121
 436 0066 FFF7FEFF 		bl	HAL_GPIO_Init
 437              	.LVL13:
 438              		.loc 1 187 1 is_stmt 0 view .LVU122
 439 006a 06B0     		add	sp, sp, #24
 440              	.LCFI12:
 441              		.cfi_def_cfa_offset 16
 442              		@ sp needed
 443 006c 70BD     		pop	{r4, r5, r6, pc}
 444              	.L22:
 445 006e 00BF     		.align	2
 446              	.L21:
 447 0070 00380140 		.word	1073821696
 448 0074 00080140 		.word	1073809408
 449              		.cfi_endproc
 450              	.LFE68:
 452              		.section	.text.HAL_UART_MspDeInit,"ax",%progbits
 453              		.align	1
 454              		.p2align 2,,3
 455              		.global	HAL_UART_MspDeInit
 456              		.syntax unified
 457              		.thumb
 458              		.thumb_func
 459              		.fpu softvfp
 461              	HAL_UART_MspDeInit:
 462              	.LVL14:
 463              	.LFB69:
 188:Src/stm32f1xx_hal_msp.c **** 
 189:Src/stm32f1xx_hal_msp.c **** /**
 190:Src/stm32f1xx_hal_msp.c **** * @brief UART MSP De-Initialization
 191:Src/stm32f1xx_hal_msp.c **** * This function freeze the hardware resources used in this example
 192:Src/stm32f1xx_hal_msp.c **** * @param huart: UART handle pointer
 193:Src/stm32f1xx_hal_msp.c **** * @retval None
 194:Src/stm32f1xx_hal_msp.c **** */
 195:Src/stm32f1xx_hal_msp.c **** void HAL_UART_MspDeInit(UART_HandleTypeDef* huart)
 196:Src/stm32f1xx_hal_msp.c **** {
 464              		.loc 1 196 1 is_stmt 1 view -0
 465              		.cfi_startproc
 466              		@ args = 0, pretend = 0, frame = 0
 467              		@ frame_needed = 0, uses_anonymous_args = 0
 468              		@ link register save eliminated.
 197:Src/stm32f1xx_hal_msp.c ****   if(huart->Instance==USART1)
 469              		.loc 1 197 3 view .LVU124
ARM GAS  C:\Users\Johannes\AppData\Local\Temp\ccouqzqR.s 			page 14


 470              		.loc 1 197 5 is_stmt 0 view .LVU125
 471 0000 0268     		ldr	r2, [r0]
 472 0002 074B     		ldr	r3, .L26
 473 0004 9A42     		cmp	r2, r3
 474 0006 00D0     		beq	.L25
 198:Src/stm32f1xx_hal_msp.c ****   {
 199:Src/stm32f1xx_hal_msp.c ****   /* USER CODE BEGIN USART1_MspDeInit 0 */
 200:Src/stm32f1xx_hal_msp.c **** 
 201:Src/stm32f1xx_hal_msp.c ****   /* USER CODE END USART1_MspDeInit 0 */
 202:Src/stm32f1xx_hal_msp.c ****     /* Peripheral clock disable */
 203:Src/stm32f1xx_hal_msp.c ****     __HAL_RCC_USART1_CLK_DISABLE();
 204:Src/stm32f1xx_hal_msp.c ****   
 205:Src/stm32f1xx_hal_msp.c ****     /**USART1 GPIO Configuration    
 206:Src/stm32f1xx_hal_msp.c ****     PA9     ------> USART1_TX
 207:Src/stm32f1xx_hal_msp.c ****     PA10     ------> USART1_RX 
 208:Src/stm32f1xx_hal_msp.c ****     */
 209:Src/stm32f1xx_hal_msp.c ****     HAL_GPIO_DeInit(GPIOA, GPIO_PIN_9|GPIO_PIN_10);
 210:Src/stm32f1xx_hal_msp.c **** 
 211:Src/stm32f1xx_hal_msp.c ****   /* USER CODE BEGIN USART1_MspDeInit 1 */
 212:Src/stm32f1xx_hal_msp.c **** 
 213:Src/stm32f1xx_hal_msp.c ****   /* USER CODE END USART1_MspDeInit 1 */
 214:Src/stm32f1xx_hal_msp.c ****   }
 215:Src/stm32f1xx_hal_msp.c **** 
 216:Src/stm32f1xx_hal_msp.c **** }
 475              		.loc 1 216 1 view .LVU126
 476 0008 7047     		bx	lr
 477              	.L25:
 203:Src/stm32f1xx_hal_msp.c ****   
 478              		.loc 1 203 5 is_stmt 1 view .LVU127
 479 000a 064A     		ldr	r2, .L26+4
 209:Src/stm32f1xx_hal_msp.c **** 
 480              		.loc 1 209 5 is_stmt 0 view .LVU128
 481 000c 4FF4C061 		mov	r1, #1536
 203:Src/stm32f1xx_hal_msp.c ****   
 482              		.loc 1 203 5 view .LVU129
 483 0010 9369     		ldr	r3, [r2, #24]
 209:Src/stm32f1xx_hal_msp.c **** 
 484              		.loc 1 209 5 view .LVU130
 485 0012 0548     		ldr	r0, .L26+8
 486              	.LVL15:
 203:Src/stm32f1xx_hal_msp.c ****   
 487              		.loc 1 203 5 view .LVU131
 488 0014 23F48043 		bic	r3, r3, #16384
 489 0018 9361     		str	r3, [r2, #24]
 209:Src/stm32f1xx_hal_msp.c **** 
 490              		.loc 1 209 5 is_stmt 1 view .LVU132
 491 001a FFF7FEBF 		b	HAL_GPIO_DeInit
 492              	.LVL16:
 493              	.L27:
 494 001e 00BF     		.align	2
 495              	.L26:
 496 0020 00380140 		.word	1073821696
 497 0024 00100240 		.word	1073876992
 498 0028 00080140 		.word	1073809408
 499              		.cfi_endproc
 500              	.LFE69:
 502              		.text
ARM GAS  C:\Users\Johannes\AppData\Local\Temp\ccouqzqR.s 			page 15


 503              	.Letext0:
 504              		.file 2 "c:\\toolchains\\vsarm\\armcc\\arm-none-eabi\\include\\machine\\_default_types.h"
 505              		.file 3 "c:\\toolchains\\vsarm\\armcc\\arm-none-eabi\\include\\sys\\_stdint.h"
 506              		.file 4 "Drivers/CMSIS/Include/core_cm3.h"
 507              		.file 5 "Drivers/CMSIS/Device/ST/STM32F1xx/Include/system_stm32f1xx.h"
 508              		.file 6 "Drivers/CMSIS/Device/ST/STM32F1xx/Include/stm32f103x6.h"
 509              		.file 7 "Drivers/STM32F1xx_HAL_Driver/Inc/stm32f1xx_hal_def.h"
 510              		.file 8 "Drivers/STM32F1xx_HAL_Driver/Inc/stm32f1xx_hal_gpio.h"
 511              		.file 9 "Drivers/STM32F1xx_HAL_Driver/Inc/stm32f1xx_hal_dma.h"
 512              		.file 10 "Drivers/STM32F1xx_HAL_Driver/Inc/stm32f1xx_hal_i2c.h"
 513              		.file 11 "Drivers/STM32F1xx_HAL_Driver/Inc/stm32f1xx_hal_uart.h"
 514              		.file 12 "Drivers/STM32F1xx_HAL_Driver/Inc/stm32f1xx_hal.h"
 515              		.file 13 "Middlewares/berndoJ/IS31FL3236_HAL_Driver/Inc/is31fl3236_driver.h"
 516              		.file 14 "Inc/main.h"
 517              		.file 15 "Drivers/STM32F1xx_HAL_Driver/Inc/stm32f1xx_hal_cortex.h"
ARM GAS  C:\Users\Johannes\AppData\Local\Temp\ccouqzqR.s 			page 16


DEFINED SYMBOLS
                            *ABS*:00000000 stm32f1xx_hal_msp.c
C:\Users\Johannes\AppData\Local\Temp\ccouqzqR.s:16     .text.HAL_MspInit:00000000 $t
C:\Users\Johannes\AppData\Local\Temp\ccouqzqR.s:25     .text.HAL_MspInit:00000000 HAL_MspInit
C:\Users\Johannes\AppData\Local\Temp\ccouqzqR.s:119    .text.HAL_MspInit:00000048 $d
C:\Users\Johannes\AppData\Local\Temp\ccouqzqR.s:125    .text.HAL_I2C_MspInit:00000000 $t
C:\Users\Johannes\AppData\Local\Temp\ccouqzqR.s:133    .text.HAL_I2C_MspInit:00000000 HAL_I2C_MspInit
C:\Users\Johannes\AppData\Local\Temp\ccouqzqR.s:251    .text.HAL_I2C_MspInit:0000005c $d
C:\Users\Johannes\AppData\Local\Temp\ccouqzqR.s:258    .text.HAL_I2C_MspDeInit:00000000 $t
C:\Users\Johannes\AppData\Local\Temp\ccouqzqR.s:266    .text.HAL_I2C_MspDeInit:00000000 HAL_I2C_MspDeInit
C:\Users\Johannes\AppData\Local\Temp\ccouqzqR.s:301    .text.HAL_I2C_MspDeInit:0000001c $d
C:\Users\Johannes\AppData\Local\Temp\ccouqzqR.s:308    .text.HAL_UART_MspInit:00000000 $t
C:\Users\Johannes\AppData\Local\Temp\ccouqzqR.s:316    .text.HAL_UART_MspInit:00000000 HAL_UART_MspInit
C:\Users\Johannes\AppData\Local\Temp\ccouqzqR.s:447    .text.HAL_UART_MspInit:00000070 $d
C:\Users\Johannes\AppData\Local\Temp\ccouqzqR.s:453    .text.HAL_UART_MspDeInit:00000000 $t
C:\Users\Johannes\AppData\Local\Temp\ccouqzqR.s:461    .text.HAL_UART_MspDeInit:00000000 HAL_UART_MspDeInit
C:\Users\Johannes\AppData\Local\Temp\ccouqzqR.s:496    .text.HAL_UART_MspDeInit:00000020 $d

UNDEFINED SYMBOLS
HAL_NVIC_SetPriority
HAL_GPIO_Init
HAL_GPIO_DeInit
