ARM GAS  C:\Users\Johannes\AppData\Local\Temp\ccG0QCxg.s 			page 1


   1              		.cpu cortex-m3
   2              		.eabi_attribute 20, 1
   3              		.eabi_attribute 21, 1
   4              		.eabi_attribute 23, 3
   5              		.eabi_attribute 24, 1
   6              		.eabi_attribute 25, 1
   7              		.eabi_attribute 26, 1
   8              		.eabi_attribute 30, 2
   9              		.eabi_attribute 34, 1
  10              		.eabi_attribute 18, 4
  11              		.file	"timers.c"
  12              		.text
  13              	.Ltext0:
  14              		.cfi_sections	.debug_frame
  15              	.Letext0:
  16              		.file 1 "c:\\toolchains\\vsarm\\armcc\\lib\\gcc\\arm-none-eabi\\8.3.1\\include\\stddef.h"
  17              		.file 2 "c:\\toolchains\\vsarm\\armcc\\arm-none-eabi\\include\\machine\\_default_types.h"
  18              		.file 3 "c:\\toolchains\\vsarm\\armcc\\arm-none-eabi\\include\\sys\\_types.h"
  19              		.file 4 "c:\\toolchains\\vsarm\\armcc\\arm-none-eabi\\include\\sys\\reent.h"
  20              		.file 5 "c:\\toolchains\\vsarm\\armcc\\arm-none-eabi\\include\\sys\\lock.h"
  21              		.file 6 "c:\\toolchains\\vsarm\\armcc\\arm-none-eabi\\include\\stdlib.h"
  22              		.file 7 "c:\\toolchains\\vsarm\\armcc\\arm-none-eabi\\include\\sys\\_stdint.h"
  23              		.file 8 "Inc/FreeRTOSConfig.h"
ARM GAS  C:\Users\Johannes\AppData\Local\Temp\ccG0QCxg.s 			page 2


DEFINED SYMBOLS
                            *ABS*:00000000 timers.c

NO UNDEFINED SYMBOLS
