ARM GAS  C:\Users\Johannes\AppData\Local\Temp\ccMjajsc.s 			page 1


   1              		.cpu cortex-m3
   2              		.eabi_attribute 20, 1
   3              		.eabi_attribute 21, 1
   4              		.eabi_attribute 23, 3
   5              		.eabi_attribute 24, 1
   6              		.eabi_attribute 25, 1
   7              		.eabi_attribute 26, 1
   8              		.eabi_attribute 30, 2
   9              		.eabi_attribute 34, 1
  10              		.eabi_attribute 18, 4
  11              		.file	"usbd_ioreq.c"
  12              		.text
  13              	.Ltext0:
  14              		.cfi_sections	.debug_frame
  15              		.section	.text.USBD_CtlSendData,"ax",%progbits
  16              		.align	1
  17              		.p2align 2,,3
  18              		.global	USBD_CtlSendData
  19              		.arch armv7-m
  20              		.syntax unified
  21              		.thumb
  22              		.thumb_func
  23              		.fpu softvfp
  25              	USBD_CtlSendData:
  26              	.LVL0:
  27              	.LFB68:
  28              		.file 1 "Middlewares/ST/STM32_USB_Device_Library/Core/Src/usbd_ioreq.c"
   1:Middlewares/ST/STM32_USB_Device_Library/Core/Src/usbd_ioreq.c **** /**
   2:Middlewares/ST/STM32_USB_Device_Library/Core/Src/usbd_ioreq.c ****   ******************************************************************************
   3:Middlewares/ST/STM32_USB_Device_Library/Core/Src/usbd_ioreq.c ****   * @file    usbd_ioreq.c
   4:Middlewares/ST/STM32_USB_Device_Library/Core/Src/usbd_ioreq.c ****   * @author  MCD Application Team
   5:Middlewares/ST/STM32_USB_Device_Library/Core/Src/usbd_ioreq.c ****   * @brief   This file provides the IO requests APIs for control endpoints.
   6:Middlewares/ST/STM32_USB_Device_Library/Core/Src/usbd_ioreq.c ****   ******************************************************************************
   7:Middlewares/ST/STM32_USB_Device_Library/Core/Src/usbd_ioreq.c ****   * @attention
   8:Middlewares/ST/STM32_USB_Device_Library/Core/Src/usbd_ioreq.c ****   *
   9:Middlewares/ST/STM32_USB_Device_Library/Core/Src/usbd_ioreq.c ****   * <h2><center>&copy; Copyright (c) 2015 STMicroelectronics.
  10:Middlewares/ST/STM32_USB_Device_Library/Core/Src/usbd_ioreq.c ****   * All rights reserved.</center></h2>
  11:Middlewares/ST/STM32_USB_Device_Library/Core/Src/usbd_ioreq.c ****   *
  12:Middlewares/ST/STM32_USB_Device_Library/Core/Src/usbd_ioreq.c ****   * This software component is licensed by ST under Ultimate Liberty license
  13:Middlewares/ST/STM32_USB_Device_Library/Core/Src/usbd_ioreq.c ****   * SLA0044, the "License"; You may not use this file except in compliance with
  14:Middlewares/ST/STM32_USB_Device_Library/Core/Src/usbd_ioreq.c ****   * the License. You may obtain a copy of the License at:
  15:Middlewares/ST/STM32_USB_Device_Library/Core/Src/usbd_ioreq.c ****   *                      www.st.com/SLA0044
  16:Middlewares/ST/STM32_USB_Device_Library/Core/Src/usbd_ioreq.c ****   *
  17:Middlewares/ST/STM32_USB_Device_Library/Core/Src/usbd_ioreq.c ****   ******************************************************************************
  18:Middlewares/ST/STM32_USB_Device_Library/Core/Src/usbd_ioreq.c ****   */
  19:Middlewares/ST/STM32_USB_Device_Library/Core/Src/usbd_ioreq.c **** 
  20:Middlewares/ST/STM32_USB_Device_Library/Core/Src/usbd_ioreq.c **** /* Includes ------------------------------------------------------------------*/
  21:Middlewares/ST/STM32_USB_Device_Library/Core/Src/usbd_ioreq.c **** #include "usbd_ioreq.h"
  22:Middlewares/ST/STM32_USB_Device_Library/Core/Src/usbd_ioreq.c **** 
  23:Middlewares/ST/STM32_USB_Device_Library/Core/Src/usbd_ioreq.c **** /** @addtogroup STM32_USB_DEVICE_LIBRARY
  24:Middlewares/ST/STM32_USB_Device_Library/Core/Src/usbd_ioreq.c ****   * @{
  25:Middlewares/ST/STM32_USB_Device_Library/Core/Src/usbd_ioreq.c ****   */
  26:Middlewares/ST/STM32_USB_Device_Library/Core/Src/usbd_ioreq.c **** 
  27:Middlewares/ST/STM32_USB_Device_Library/Core/Src/usbd_ioreq.c **** 
  28:Middlewares/ST/STM32_USB_Device_Library/Core/Src/usbd_ioreq.c **** /** @defgroup USBD_IOREQ
  29:Middlewares/ST/STM32_USB_Device_Library/Core/Src/usbd_ioreq.c ****   * @brief control I/O requests module
  30:Middlewares/ST/STM32_USB_Device_Library/Core/Src/usbd_ioreq.c ****   * @{
ARM GAS  C:\Users\Johannes\AppData\Local\Temp\ccMjajsc.s 			page 2


  31:Middlewares/ST/STM32_USB_Device_Library/Core/Src/usbd_ioreq.c ****   */
  32:Middlewares/ST/STM32_USB_Device_Library/Core/Src/usbd_ioreq.c **** 
  33:Middlewares/ST/STM32_USB_Device_Library/Core/Src/usbd_ioreq.c **** /** @defgroup USBD_IOREQ_Private_TypesDefinitions
  34:Middlewares/ST/STM32_USB_Device_Library/Core/Src/usbd_ioreq.c ****   * @{
  35:Middlewares/ST/STM32_USB_Device_Library/Core/Src/usbd_ioreq.c ****   */
  36:Middlewares/ST/STM32_USB_Device_Library/Core/Src/usbd_ioreq.c **** /**
  37:Middlewares/ST/STM32_USB_Device_Library/Core/Src/usbd_ioreq.c ****   * @}
  38:Middlewares/ST/STM32_USB_Device_Library/Core/Src/usbd_ioreq.c ****   */
  39:Middlewares/ST/STM32_USB_Device_Library/Core/Src/usbd_ioreq.c **** 
  40:Middlewares/ST/STM32_USB_Device_Library/Core/Src/usbd_ioreq.c **** 
  41:Middlewares/ST/STM32_USB_Device_Library/Core/Src/usbd_ioreq.c **** /** @defgroup USBD_IOREQ_Private_Defines
  42:Middlewares/ST/STM32_USB_Device_Library/Core/Src/usbd_ioreq.c ****   * @{
  43:Middlewares/ST/STM32_USB_Device_Library/Core/Src/usbd_ioreq.c ****   */
  44:Middlewares/ST/STM32_USB_Device_Library/Core/Src/usbd_ioreq.c **** 
  45:Middlewares/ST/STM32_USB_Device_Library/Core/Src/usbd_ioreq.c **** /**
  46:Middlewares/ST/STM32_USB_Device_Library/Core/Src/usbd_ioreq.c ****   * @}
  47:Middlewares/ST/STM32_USB_Device_Library/Core/Src/usbd_ioreq.c ****   */
  48:Middlewares/ST/STM32_USB_Device_Library/Core/Src/usbd_ioreq.c **** 
  49:Middlewares/ST/STM32_USB_Device_Library/Core/Src/usbd_ioreq.c **** 
  50:Middlewares/ST/STM32_USB_Device_Library/Core/Src/usbd_ioreq.c **** /** @defgroup USBD_IOREQ_Private_Macros
  51:Middlewares/ST/STM32_USB_Device_Library/Core/Src/usbd_ioreq.c ****   * @{
  52:Middlewares/ST/STM32_USB_Device_Library/Core/Src/usbd_ioreq.c ****   */
  53:Middlewares/ST/STM32_USB_Device_Library/Core/Src/usbd_ioreq.c **** /**
  54:Middlewares/ST/STM32_USB_Device_Library/Core/Src/usbd_ioreq.c ****   * @}
  55:Middlewares/ST/STM32_USB_Device_Library/Core/Src/usbd_ioreq.c ****   */
  56:Middlewares/ST/STM32_USB_Device_Library/Core/Src/usbd_ioreq.c **** 
  57:Middlewares/ST/STM32_USB_Device_Library/Core/Src/usbd_ioreq.c **** 
  58:Middlewares/ST/STM32_USB_Device_Library/Core/Src/usbd_ioreq.c **** /** @defgroup USBD_IOREQ_Private_Variables
  59:Middlewares/ST/STM32_USB_Device_Library/Core/Src/usbd_ioreq.c ****   * @{
  60:Middlewares/ST/STM32_USB_Device_Library/Core/Src/usbd_ioreq.c ****   */
  61:Middlewares/ST/STM32_USB_Device_Library/Core/Src/usbd_ioreq.c **** 
  62:Middlewares/ST/STM32_USB_Device_Library/Core/Src/usbd_ioreq.c **** /**
  63:Middlewares/ST/STM32_USB_Device_Library/Core/Src/usbd_ioreq.c ****   * @}
  64:Middlewares/ST/STM32_USB_Device_Library/Core/Src/usbd_ioreq.c ****   */
  65:Middlewares/ST/STM32_USB_Device_Library/Core/Src/usbd_ioreq.c **** 
  66:Middlewares/ST/STM32_USB_Device_Library/Core/Src/usbd_ioreq.c **** 
  67:Middlewares/ST/STM32_USB_Device_Library/Core/Src/usbd_ioreq.c **** /** @defgroup USBD_IOREQ_Private_FunctionPrototypes
  68:Middlewares/ST/STM32_USB_Device_Library/Core/Src/usbd_ioreq.c ****   * @{
  69:Middlewares/ST/STM32_USB_Device_Library/Core/Src/usbd_ioreq.c ****   */
  70:Middlewares/ST/STM32_USB_Device_Library/Core/Src/usbd_ioreq.c **** /**
  71:Middlewares/ST/STM32_USB_Device_Library/Core/Src/usbd_ioreq.c ****   * @}
  72:Middlewares/ST/STM32_USB_Device_Library/Core/Src/usbd_ioreq.c ****   */
  73:Middlewares/ST/STM32_USB_Device_Library/Core/Src/usbd_ioreq.c **** 
  74:Middlewares/ST/STM32_USB_Device_Library/Core/Src/usbd_ioreq.c **** 
  75:Middlewares/ST/STM32_USB_Device_Library/Core/Src/usbd_ioreq.c **** /** @defgroup USBD_IOREQ_Private_Functions
  76:Middlewares/ST/STM32_USB_Device_Library/Core/Src/usbd_ioreq.c ****   * @{
  77:Middlewares/ST/STM32_USB_Device_Library/Core/Src/usbd_ioreq.c ****   */
  78:Middlewares/ST/STM32_USB_Device_Library/Core/Src/usbd_ioreq.c **** 
  79:Middlewares/ST/STM32_USB_Device_Library/Core/Src/usbd_ioreq.c **** /**
  80:Middlewares/ST/STM32_USB_Device_Library/Core/Src/usbd_ioreq.c **** * @brief  USBD_CtlSendData
  81:Middlewares/ST/STM32_USB_Device_Library/Core/Src/usbd_ioreq.c **** *         send data on the ctl pipe
  82:Middlewares/ST/STM32_USB_Device_Library/Core/Src/usbd_ioreq.c **** * @param  pdev: device instance
  83:Middlewares/ST/STM32_USB_Device_Library/Core/Src/usbd_ioreq.c **** * @param  buff: pointer to data buffer
  84:Middlewares/ST/STM32_USB_Device_Library/Core/Src/usbd_ioreq.c **** * @param  len: length of data to be sent
  85:Middlewares/ST/STM32_USB_Device_Library/Core/Src/usbd_ioreq.c **** * @retval status
  86:Middlewares/ST/STM32_USB_Device_Library/Core/Src/usbd_ioreq.c **** */
  87:Middlewares/ST/STM32_USB_Device_Library/Core/Src/usbd_ioreq.c **** USBD_StatusTypeDef USBD_CtlSendData(USBD_HandleTypeDef *pdev,
ARM GAS  C:\Users\Johannes\AppData\Local\Temp\ccMjajsc.s 			page 3


  88:Middlewares/ST/STM32_USB_Device_Library/Core/Src/usbd_ioreq.c ****                                     uint8_t *pbuf, uint16_t len)
  89:Middlewares/ST/STM32_USB_Device_Library/Core/Src/usbd_ioreq.c **** {
  29              		.loc 1 89 1 view -0
  30              		.cfi_startproc
  31              		@ args = 0, pretend = 0, frame = 0
  32              		@ frame_needed = 0, uses_anonymous_args = 0
  90:Middlewares/ST/STM32_USB_Device_Library/Core/Src/usbd_ioreq.c ****   /* Set EP0 State */
  91:Middlewares/ST/STM32_USB_Device_Library/Core/Src/usbd_ioreq.c ****   pdev->ep0_state = USBD_EP0_DATA_IN;
  33              		.loc 1 91 3 view .LVU1
  89:Middlewares/ST/STM32_USB_Device_Library/Core/Src/usbd_ioreq.c ****   /* Set EP0 State */
  34              		.loc 1 89 1 is_stmt 0 view .LVU2
  35 0000 38B5     		push	{r3, r4, r5, lr}
  36              	.LCFI0:
  37              		.cfi_def_cfa_offset 16
  38              		.cfi_offset 3, -16
  39              		.cfi_offset 4, -12
  40              		.cfi_offset 5, -8
  41              		.cfi_offset 14, -4
  89:Middlewares/ST/STM32_USB_Device_Library/Core/Src/usbd_ioreq.c ****   /* Set EP0 State */
  42              		.loc 1 89 1 view .LVU3
  43 0002 1346     		mov	r3, r2
  44              		.loc 1 91 19 view .LVU4
  45 0004 0225     		movs	r5, #2
  92:Middlewares/ST/STM32_USB_Device_Library/Core/Src/usbd_ioreq.c ****   pdev->ep_in[0].total_length = len;
  93:Middlewares/ST/STM32_USB_Device_Library/Core/Src/usbd_ioreq.c ****   pdev->ep_in[0].rem_length   = len;
  94:Middlewares/ST/STM32_USB_Device_Library/Core/Src/usbd_ioreq.c **** 
  95:Middlewares/ST/STM32_USB_Device_Library/Core/Src/usbd_ioreq.c ****   /* Start the transfer */
  96:Middlewares/ST/STM32_USB_Device_Library/Core/Src/usbd_ioreq.c ****   USBD_LL_Transmit(pdev, 0x00U, pbuf, len);
  46              		.loc 1 96 3 view .LVU5
  47 0006 0A46     		mov	r2, r1
  48              	.LVL1:
  93:Middlewares/ST/STM32_USB_Device_Library/Core/Src/usbd_ioreq.c **** 
  49              		.loc 1 93 31 view .LVU6
  50 0008 C0E90733 		strd	r3, r3, [r0, #28]
  91:Middlewares/ST/STM32_USB_Device_Library/Core/Src/usbd_ioreq.c ****   pdev->ep_in[0].total_length = len;
  51              		.loc 1 91 19 view .LVU7
  52 000c C0F89452 		str	r5, [r0, #660]
  92:Middlewares/ST/STM32_USB_Device_Library/Core/Src/usbd_ioreq.c ****   pdev->ep_in[0].total_length = len;
  53              		.loc 1 92 3 is_stmt 1 view .LVU8
  93:Middlewares/ST/STM32_USB_Device_Library/Core/Src/usbd_ioreq.c **** 
  54              		.loc 1 93 3 view .LVU9
  55              		.loc 1 96 3 view .LVU10
  56 0010 0021     		movs	r1, #0
  57              	.LVL2:
  58              		.loc 1 96 3 is_stmt 0 view .LVU11
  59 0012 FFF7FEFF 		bl	USBD_LL_Transmit
  60              	.LVL3:
  97:Middlewares/ST/STM32_USB_Device_Library/Core/Src/usbd_ioreq.c **** 
  98:Middlewares/ST/STM32_USB_Device_Library/Core/Src/usbd_ioreq.c ****   return USBD_OK;
  61              		.loc 1 98 3 is_stmt 1 view .LVU12
  99:Middlewares/ST/STM32_USB_Device_Library/Core/Src/usbd_ioreq.c **** }
  62              		.loc 1 99 1 is_stmt 0 view .LVU13
  63 0016 0020     		movs	r0, #0
  64 0018 38BD     		pop	{r3, r4, r5, pc}
  65              		.cfi_endproc
  66              	.LFE68:
  68 001a 00BF     		.section	.text.USBD_CtlContinueSendData,"ax",%progbits
ARM GAS  C:\Users\Johannes\AppData\Local\Temp\ccMjajsc.s 			page 4


  69              		.align	1
  70              		.p2align 2,,3
  71              		.global	USBD_CtlContinueSendData
  72              		.syntax unified
  73              		.thumb
  74              		.thumb_func
  75              		.fpu softvfp
  77              	USBD_CtlContinueSendData:
  78              	.LVL4:
  79              	.LFB69:
 100:Middlewares/ST/STM32_USB_Device_Library/Core/Src/usbd_ioreq.c **** 
 101:Middlewares/ST/STM32_USB_Device_Library/Core/Src/usbd_ioreq.c **** /**
 102:Middlewares/ST/STM32_USB_Device_Library/Core/Src/usbd_ioreq.c **** * @brief  USBD_CtlContinueSendData
 103:Middlewares/ST/STM32_USB_Device_Library/Core/Src/usbd_ioreq.c **** *         continue sending data on the ctl pipe
 104:Middlewares/ST/STM32_USB_Device_Library/Core/Src/usbd_ioreq.c **** * @param  pdev: device instance
 105:Middlewares/ST/STM32_USB_Device_Library/Core/Src/usbd_ioreq.c **** * @param  buff: pointer to data buffer
 106:Middlewares/ST/STM32_USB_Device_Library/Core/Src/usbd_ioreq.c **** * @param  len: length of data to be sent
 107:Middlewares/ST/STM32_USB_Device_Library/Core/Src/usbd_ioreq.c **** * @retval status
 108:Middlewares/ST/STM32_USB_Device_Library/Core/Src/usbd_ioreq.c **** */
 109:Middlewares/ST/STM32_USB_Device_Library/Core/Src/usbd_ioreq.c **** USBD_StatusTypeDef USBD_CtlContinueSendData(USBD_HandleTypeDef *pdev,
 110:Middlewares/ST/STM32_USB_Device_Library/Core/Src/usbd_ioreq.c ****                                             uint8_t *pbuf, uint16_t len)
 111:Middlewares/ST/STM32_USB_Device_Library/Core/Src/usbd_ioreq.c **** {
  80              		.loc 1 111 1 is_stmt 1 view -0
  81              		.cfi_startproc
  82              		@ args = 0, pretend = 0, frame = 0
  83              		@ frame_needed = 0, uses_anonymous_args = 0
 112:Middlewares/ST/STM32_USB_Device_Library/Core/Src/usbd_ioreq.c ****   /* Start the next transfer */
 113:Middlewares/ST/STM32_USB_Device_Library/Core/Src/usbd_ioreq.c ****   USBD_LL_Transmit(pdev, 0x00U, pbuf, len);
  84              		.loc 1 113 3 view .LVU15
 111:Middlewares/ST/STM32_USB_Device_Library/Core/Src/usbd_ioreq.c ****   /* Start the next transfer */
  85              		.loc 1 111 1 is_stmt 0 view .LVU16
  86 0000 08B5     		push	{r3, lr}
  87              	.LCFI1:
  88              		.cfi_def_cfa_offset 8
  89              		.cfi_offset 3, -8
  90              		.cfi_offset 14, -4
  91              		.loc 1 113 3 view .LVU17
  92 0002 1346     		mov	r3, r2
  93 0004 0A46     		mov	r2, r1
  94              	.LVL5:
  95              		.loc 1 113 3 view .LVU18
  96 0006 0021     		movs	r1, #0
  97              	.LVL6:
  98              		.loc 1 113 3 view .LVU19
  99 0008 FFF7FEFF 		bl	USBD_LL_Transmit
 100              	.LVL7:
 114:Middlewares/ST/STM32_USB_Device_Library/Core/Src/usbd_ioreq.c **** 
 115:Middlewares/ST/STM32_USB_Device_Library/Core/Src/usbd_ioreq.c ****   return USBD_OK;
 101              		.loc 1 115 3 is_stmt 1 view .LVU20
 116:Middlewares/ST/STM32_USB_Device_Library/Core/Src/usbd_ioreq.c **** }
 102              		.loc 1 116 1 is_stmt 0 view .LVU21
 103 000c 0020     		movs	r0, #0
 104 000e 08BD     		pop	{r3, pc}
 105              		.cfi_endproc
 106              	.LFE69:
 108              		.section	.text.USBD_CtlPrepareRx,"ax",%progbits
 109              		.align	1
ARM GAS  C:\Users\Johannes\AppData\Local\Temp\ccMjajsc.s 			page 5


 110              		.p2align 2,,3
 111              		.global	USBD_CtlPrepareRx
 112              		.syntax unified
 113              		.thumb
 114              		.thumb_func
 115              		.fpu softvfp
 117              	USBD_CtlPrepareRx:
 118              	.LVL8:
 119              	.LFB70:
 117:Middlewares/ST/STM32_USB_Device_Library/Core/Src/usbd_ioreq.c **** 
 118:Middlewares/ST/STM32_USB_Device_Library/Core/Src/usbd_ioreq.c **** /**
 119:Middlewares/ST/STM32_USB_Device_Library/Core/Src/usbd_ioreq.c **** * @brief  USBD_CtlPrepareRx
 120:Middlewares/ST/STM32_USB_Device_Library/Core/Src/usbd_ioreq.c **** *         receive data on the ctl pipe
 121:Middlewares/ST/STM32_USB_Device_Library/Core/Src/usbd_ioreq.c **** * @param  pdev: device instance
 122:Middlewares/ST/STM32_USB_Device_Library/Core/Src/usbd_ioreq.c **** * @param  buff: pointer to data buffer
 123:Middlewares/ST/STM32_USB_Device_Library/Core/Src/usbd_ioreq.c **** * @param  len: length of data to be received
 124:Middlewares/ST/STM32_USB_Device_Library/Core/Src/usbd_ioreq.c **** * @retval status
 125:Middlewares/ST/STM32_USB_Device_Library/Core/Src/usbd_ioreq.c **** */
 126:Middlewares/ST/STM32_USB_Device_Library/Core/Src/usbd_ioreq.c **** USBD_StatusTypeDef USBD_CtlPrepareRx(USBD_HandleTypeDef *pdev,
 127:Middlewares/ST/STM32_USB_Device_Library/Core/Src/usbd_ioreq.c ****                                      uint8_t *pbuf, uint16_t len)
 128:Middlewares/ST/STM32_USB_Device_Library/Core/Src/usbd_ioreq.c **** {
 120              		.loc 1 128 1 is_stmt 1 view -0
 121              		.cfi_startproc
 122              		@ args = 0, pretend = 0, frame = 0
 123              		@ frame_needed = 0, uses_anonymous_args = 0
 129:Middlewares/ST/STM32_USB_Device_Library/Core/Src/usbd_ioreq.c ****   /* Set EP0 State */
 130:Middlewares/ST/STM32_USB_Device_Library/Core/Src/usbd_ioreq.c ****   pdev->ep0_state = USBD_EP0_DATA_OUT;
 124              		.loc 1 130 3 view .LVU23
 128:Middlewares/ST/STM32_USB_Device_Library/Core/Src/usbd_ioreq.c ****   /* Set EP0 State */
 125              		.loc 1 128 1 is_stmt 0 view .LVU24
 126 0000 38B5     		push	{r3, r4, r5, lr}
 127              	.LCFI2:
 128              		.cfi_def_cfa_offset 16
 129              		.cfi_offset 3, -16
 130              		.cfi_offset 4, -12
 131              		.cfi_offset 5, -8
 132              		.cfi_offset 14, -4
 128:Middlewares/ST/STM32_USB_Device_Library/Core/Src/usbd_ioreq.c ****   /* Set EP0 State */
 133              		.loc 1 128 1 view .LVU25
 134 0002 1346     		mov	r3, r2
 135              		.loc 1 130 19 view .LVU26
 136 0004 0325     		movs	r5, #3
 131:Middlewares/ST/STM32_USB_Device_Library/Core/Src/usbd_ioreq.c ****   pdev->ep_out[0].total_length = len;
 132:Middlewares/ST/STM32_USB_Device_Library/Core/Src/usbd_ioreq.c ****   pdev->ep_out[0].rem_length   = len;
 133:Middlewares/ST/STM32_USB_Device_Library/Core/Src/usbd_ioreq.c **** 
 134:Middlewares/ST/STM32_USB_Device_Library/Core/Src/usbd_ioreq.c ****   /* Start the transfer */
 135:Middlewares/ST/STM32_USB_Device_Library/Core/Src/usbd_ioreq.c ****   USBD_LL_PrepareReceive(pdev, 0U, pbuf, len);
 137              		.loc 1 135 3 view .LVU27
 138 0006 0A46     		mov	r2, r1
 139              	.LVL9:
 132:Middlewares/ST/STM32_USB_Device_Library/Core/Src/usbd_ioreq.c **** 
 140              		.loc 1 132 32 view .LVU28
 141 0008 C0E95733 		strd	r3, r3, [r0, #348]
 130:Middlewares/ST/STM32_USB_Device_Library/Core/Src/usbd_ioreq.c ****   pdev->ep_out[0].total_length = len;
 142              		.loc 1 130 19 view .LVU29
 143 000c C0F89452 		str	r5, [r0, #660]
 131:Middlewares/ST/STM32_USB_Device_Library/Core/Src/usbd_ioreq.c ****   pdev->ep_out[0].total_length = len;
ARM GAS  C:\Users\Johannes\AppData\Local\Temp\ccMjajsc.s 			page 6


 144              		.loc 1 131 3 is_stmt 1 view .LVU30
 132:Middlewares/ST/STM32_USB_Device_Library/Core/Src/usbd_ioreq.c **** 
 145              		.loc 1 132 3 view .LVU31
 146              		.loc 1 135 3 view .LVU32
 147 0010 0021     		movs	r1, #0
 148              	.LVL10:
 149              		.loc 1 135 3 is_stmt 0 view .LVU33
 150 0012 FFF7FEFF 		bl	USBD_LL_PrepareReceive
 151              	.LVL11:
 136:Middlewares/ST/STM32_USB_Device_Library/Core/Src/usbd_ioreq.c **** 
 137:Middlewares/ST/STM32_USB_Device_Library/Core/Src/usbd_ioreq.c ****   return USBD_OK;
 152              		.loc 1 137 3 is_stmt 1 view .LVU34
 138:Middlewares/ST/STM32_USB_Device_Library/Core/Src/usbd_ioreq.c **** }
 153              		.loc 1 138 1 is_stmt 0 view .LVU35
 154 0016 0020     		movs	r0, #0
 155 0018 38BD     		pop	{r3, r4, r5, pc}
 156              		.cfi_endproc
 157              	.LFE70:
 159 001a 00BF     		.section	.text.USBD_CtlContinueRx,"ax",%progbits
 160              		.align	1
 161              		.p2align 2,,3
 162              		.global	USBD_CtlContinueRx
 163              		.syntax unified
 164              		.thumb
 165              		.thumb_func
 166              		.fpu softvfp
 168              	USBD_CtlContinueRx:
 169              	.LVL12:
 170              	.LFB71:
 139:Middlewares/ST/STM32_USB_Device_Library/Core/Src/usbd_ioreq.c **** 
 140:Middlewares/ST/STM32_USB_Device_Library/Core/Src/usbd_ioreq.c **** /**
 141:Middlewares/ST/STM32_USB_Device_Library/Core/Src/usbd_ioreq.c **** * @brief  USBD_CtlContinueRx
 142:Middlewares/ST/STM32_USB_Device_Library/Core/Src/usbd_ioreq.c **** *         continue receive data on the ctl pipe
 143:Middlewares/ST/STM32_USB_Device_Library/Core/Src/usbd_ioreq.c **** * @param  pdev: device instance
 144:Middlewares/ST/STM32_USB_Device_Library/Core/Src/usbd_ioreq.c **** * @param  buff: pointer to data buffer
 145:Middlewares/ST/STM32_USB_Device_Library/Core/Src/usbd_ioreq.c **** * @param  len: length of data to be received
 146:Middlewares/ST/STM32_USB_Device_Library/Core/Src/usbd_ioreq.c **** * @retval status
 147:Middlewares/ST/STM32_USB_Device_Library/Core/Src/usbd_ioreq.c **** */
 148:Middlewares/ST/STM32_USB_Device_Library/Core/Src/usbd_ioreq.c **** USBD_StatusTypeDef USBD_CtlContinueRx(USBD_HandleTypeDef *pdev,
 149:Middlewares/ST/STM32_USB_Device_Library/Core/Src/usbd_ioreq.c ****                                       uint8_t *pbuf, uint16_t len)
 150:Middlewares/ST/STM32_USB_Device_Library/Core/Src/usbd_ioreq.c **** {
 171              		.loc 1 150 1 is_stmt 1 view -0
 172              		.cfi_startproc
 173              		@ args = 0, pretend = 0, frame = 0
 174              		@ frame_needed = 0, uses_anonymous_args = 0
 151:Middlewares/ST/STM32_USB_Device_Library/Core/Src/usbd_ioreq.c ****   USBD_LL_PrepareReceive(pdev, 0U, pbuf, len);
 175              		.loc 1 151 3 view .LVU37
 150:Middlewares/ST/STM32_USB_Device_Library/Core/Src/usbd_ioreq.c ****   USBD_LL_PrepareReceive(pdev, 0U, pbuf, len);
 176              		.loc 1 150 1 is_stmt 0 view .LVU38
 177 0000 08B5     		push	{r3, lr}
 178              	.LCFI3:
 179              		.cfi_def_cfa_offset 8
 180              		.cfi_offset 3, -8
 181              		.cfi_offset 14, -4
 182              		.loc 1 151 3 view .LVU39
 183 0002 1346     		mov	r3, r2
 184 0004 0A46     		mov	r2, r1
ARM GAS  C:\Users\Johannes\AppData\Local\Temp\ccMjajsc.s 			page 7


 185              	.LVL13:
 186              		.loc 1 151 3 view .LVU40
 187 0006 0021     		movs	r1, #0
 188              	.LVL14:
 189              		.loc 1 151 3 view .LVU41
 190 0008 FFF7FEFF 		bl	USBD_LL_PrepareReceive
 191              	.LVL15:
 152:Middlewares/ST/STM32_USB_Device_Library/Core/Src/usbd_ioreq.c **** 
 153:Middlewares/ST/STM32_USB_Device_Library/Core/Src/usbd_ioreq.c ****   return USBD_OK;
 192              		.loc 1 153 3 is_stmt 1 view .LVU42
 154:Middlewares/ST/STM32_USB_Device_Library/Core/Src/usbd_ioreq.c **** }
 193              		.loc 1 154 1 is_stmt 0 view .LVU43
 194 000c 0020     		movs	r0, #0
 195 000e 08BD     		pop	{r3, pc}
 196              		.cfi_endproc
 197              	.LFE71:
 199              		.section	.text.USBD_CtlSendStatus,"ax",%progbits
 200              		.align	1
 201              		.p2align 2,,3
 202              		.global	USBD_CtlSendStatus
 203              		.syntax unified
 204              		.thumb
 205              		.thumb_func
 206              		.fpu softvfp
 208              	USBD_CtlSendStatus:
 209              	.LVL16:
 210              	.LFB72:
 155:Middlewares/ST/STM32_USB_Device_Library/Core/Src/usbd_ioreq.c **** 
 156:Middlewares/ST/STM32_USB_Device_Library/Core/Src/usbd_ioreq.c **** /**
 157:Middlewares/ST/STM32_USB_Device_Library/Core/Src/usbd_ioreq.c **** * @brief  USBD_CtlSendStatus
 158:Middlewares/ST/STM32_USB_Device_Library/Core/Src/usbd_ioreq.c **** *         send zero lzngth packet on the ctl pipe
 159:Middlewares/ST/STM32_USB_Device_Library/Core/Src/usbd_ioreq.c **** * @param  pdev: device instance
 160:Middlewares/ST/STM32_USB_Device_Library/Core/Src/usbd_ioreq.c **** * @retval status
 161:Middlewares/ST/STM32_USB_Device_Library/Core/Src/usbd_ioreq.c **** */
 162:Middlewares/ST/STM32_USB_Device_Library/Core/Src/usbd_ioreq.c **** USBD_StatusTypeDef USBD_CtlSendStatus(USBD_HandleTypeDef *pdev)
 163:Middlewares/ST/STM32_USB_Device_Library/Core/Src/usbd_ioreq.c **** {
 211              		.loc 1 163 1 is_stmt 1 view -0
 212              		.cfi_startproc
 213              		@ args = 0, pretend = 0, frame = 0
 214              		@ frame_needed = 0, uses_anonymous_args = 0
 164:Middlewares/ST/STM32_USB_Device_Library/Core/Src/usbd_ioreq.c ****   /* Set EP0 State */
 165:Middlewares/ST/STM32_USB_Device_Library/Core/Src/usbd_ioreq.c ****   pdev->ep0_state = USBD_EP0_STATUS_IN;
 215              		.loc 1 165 3 view .LVU45
 163:Middlewares/ST/STM32_USB_Device_Library/Core/Src/usbd_ioreq.c ****   /* Set EP0 State */
 216              		.loc 1 163 1 is_stmt 0 view .LVU46
 217 0000 08B5     		push	{r3, lr}
 218              	.LCFI4:
 219              		.cfi_def_cfa_offset 8
 220              		.cfi_offset 3, -8
 221              		.cfi_offset 14, -4
 222              		.loc 1 165 19 view .LVU47
 223 0002 0422     		movs	r2, #4
 166:Middlewares/ST/STM32_USB_Device_Library/Core/Src/usbd_ioreq.c **** 
 167:Middlewares/ST/STM32_USB_Device_Library/Core/Src/usbd_ioreq.c ****   /* Start the transfer */
 168:Middlewares/ST/STM32_USB_Device_Library/Core/Src/usbd_ioreq.c ****   USBD_LL_Transmit(pdev, 0x00U, NULL, 0U);
 224              		.loc 1 168 3 view .LVU48
 225 0004 0023     		movs	r3, #0
ARM GAS  C:\Users\Johannes\AppData\Local\Temp\ccMjajsc.s 			page 8


 165:Middlewares/ST/STM32_USB_Device_Library/Core/Src/usbd_ioreq.c **** 
 226              		.loc 1 165 19 view .LVU49
 227 0006 C0F89422 		str	r2, [r0, #660]
 228              		.loc 1 168 3 is_stmt 1 view .LVU50
 229 000a 1946     		mov	r1, r3
 230 000c 1A46     		mov	r2, r3
 231 000e FFF7FEFF 		bl	USBD_LL_Transmit
 232              	.LVL17:
 169:Middlewares/ST/STM32_USB_Device_Library/Core/Src/usbd_ioreq.c **** 
 170:Middlewares/ST/STM32_USB_Device_Library/Core/Src/usbd_ioreq.c ****   return USBD_OK;
 233              		.loc 1 170 3 view .LVU51
 171:Middlewares/ST/STM32_USB_Device_Library/Core/Src/usbd_ioreq.c **** }
 234              		.loc 1 171 1 is_stmt 0 view .LVU52
 235 0012 0020     		movs	r0, #0
 236 0014 08BD     		pop	{r3, pc}
 237              		.cfi_endproc
 238              	.LFE72:
 240 0016 00BF     		.section	.text.USBD_CtlReceiveStatus,"ax",%progbits
 241              		.align	1
 242              		.p2align 2,,3
 243              		.global	USBD_CtlReceiveStatus
 244              		.syntax unified
 245              		.thumb
 246              		.thumb_func
 247              		.fpu softvfp
 249              	USBD_CtlReceiveStatus:
 250              	.LVL18:
 251              	.LFB73:
 172:Middlewares/ST/STM32_USB_Device_Library/Core/Src/usbd_ioreq.c **** 
 173:Middlewares/ST/STM32_USB_Device_Library/Core/Src/usbd_ioreq.c **** /**
 174:Middlewares/ST/STM32_USB_Device_Library/Core/Src/usbd_ioreq.c **** * @brief  USBD_CtlReceiveStatus
 175:Middlewares/ST/STM32_USB_Device_Library/Core/Src/usbd_ioreq.c **** *         receive zero lzngth packet on the ctl pipe
 176:Middlewares/ST/STM32_USB_Device_Library/Core/Src/usbd_ioreq.c **** * @param  pdev: device instance
 177:Middlewares/ST/STM32_USB_Device_Library/Core/Src/usbd_ioreq.c **** * @retval status
 178:Middlewares/ST/STM32_USB_Device_Library/Core/Src/usbd_ioreq.c **** */
 179:Middlewares/ST/STM32_USB_Device_Library/Core/Src/usbd_ioreq.c **** USBD_StatusTypeDef USBD_CtlReceiveStatus(USBD_HandleTypeDef *pdev)
 180:Middlewares/ST/STM32_USB_Device_Library/Core/Src/usbd_ioreq.c **** {
 252              		.loc 1 180 1 is_stmt 1 view -0
 253              		.cfi_startproc
 254              		@ args = 0, pretend = 0, frame = 0
 255              		@ frame_needed = 0, uses_anonymous_args = 0
 181:Middlewares/ST/STM32_USB_Device_Library/Core/Src/usbd_ioreq.c ****   /* Set EP0 State */
 182:Middlewares/ST/STM32_USB_Device_Library/Core/Src/usbd_ioreq.c ****   pdev->ep0_state = USBD_EP0_STATUS_OUT;
 256              		.loc 1 182 3 view .LVU54
 180:Middlewares/ST/STM32_USB_Device_Library/Core/Src/usbd_ioreq.c ****   /* Set EP0 State */
 257              		.loc 1 180 1 is_stmt 0 view .LVU55
 258 0000 08B5     		push	{r3, lr}
 259              	.LCFI5:
 260              		.cfi_def_cfa_offset 8
 261              		.cfi_offset 3, -8
 262              		.cfi_offset 14, -4
 263              		.loc 1 182 19 view .LVU56
 264 0002 0522     		movs	r2, #5
 183:Middlewares/ST/STM32_USB_Device_Library/Core/Src/usbd_ioreq.c **** 
 184:Middlewares/ST/STM32_USB_Device_Library/Core/Src/usbd_ioreq.c ****   /* Start the transfer */
 185:Middlewares/ST/STM32_USB_Device_Library/Core/Src/usbd_ioreq.c ****   USBD_LL_PrepareReceive(pdev, 0U, NULL, 0U);
 265              		.loc 1 185 3 view .LVU57
ARM GAS  C:\Users\Johannes\AppData\Local\Temp\ccMjajsc.s 			page 9


 266 0004 0023     		movs	r3, #0
 182:Middlewares/ST/STM32_USB_Device_Library/Core/Src/usbd_ioreq.c **** 
 267              		.loc 1 182 19 view .LVU58
 268 0006 C0F89422 		str	r2, [r0, #660]
 269              		.loc 1 185 3 is_stmt 1 view .LVU59
 270 000a 1946     		mov	r1, r3
 271 000c 1A46     		mov	r2, r3
 272 000e FFF7FEFF 		bl	USBD_LL_PrepareReceive
 273              	.LVL19:
 186:Middlewares/ST/STM32_USB_Device_Library/Core/Src/usbd_ioreq.c **** 
 187:Middlewares/ST/STM32_USB_Device_Library/Core/Src/usbd_ioreq.c ****   return USBD_OK;
 274              		.loc 1 187 3 view .LVU60
 188:Middlewares/ST/STM32_USB_Device_Library/Core/Src/usbd_ioreq.c **** }
 275              		.loc 1 188 1 is_stmt 0 view .LVU61
 276 0012 0020     		movs	r0, #0
 277 0014 08BD     		pop	{r3, pc}
 278              		.cfi_endproc
 279              	.LFE73:
 281 0016 00BF     		.section	.text.USBD_GetRxCount,"ax",%progbits
 282              		.align	1
 283              		.p2align 2,,3
 284              		.global	USBD_GetRxCount
 285              		.syntax unified
 286              		.thumb
 287              		.thumb_func
 288              		.fpu softvfp
 290              	USBD_GetRxCount:
 291              	.LVL20:
 292              	.LFB74:
 189:Middlewares/ST/STM32_USB_Device_Library/Core/Src/usbd_ioreq.c **** 
 190:Middlewares/ST/STM32_USB_Device_Library/Core/Src/usbd_ioreq.c **** /**
 191:Middlewares/ST/STM32_USB_Device_Library/Core/Src/usbd_ioreq.c **** * @brief  USBD_GetRxCount
 192:Middlewares/ST/STM32_USB_Device_Library/Core/Src/usbd_ioreq.c **** *         returns the received data length
 193:Middlewares/ST/STM32_USB_Device_Library/Core/Src/usbd_ioreq.c **** * @param  pdev: device instance
 194:Middlewares/ST/STM32_USB_Device_Library/Core/Src/usbd_ioreq.c **** * @param  ep_addr: endpoint address
 195:Middlewares/ST/STM32_USB_Device_Library/Core/Src/usbd_ioreq.c **** * @retval Rx Data blength
 196:Middlewares/ST/STM32_USB_Device_Library/Core/Src/usbd_ioreq.c **** */
 197:Middlewares/ST/STM32_USB_Device_Library/Core/Src/usbd_ioreq.c **** uint32_t USBD_GetRxCount(USBD_HandleTypeDef *pdev, uint8_t ep_addr)
 198:Middlewares/ST/STM32_USB_Device_Library/Core/Src/usbd_ioreq.c **** {
 293              		.loc 1 198 1 is_stmt 1 view -0
 294              		.cfi_startproc
 295              		@ args = 0, pretend = 0, frame = 0
 296              		@ frame_needed = 0, uses_anonymous_args = 0
 297              		@ link register save eliminated.
 199:Middlewares/ST/STM32_USB_Device_Library/Core/Src/usbd_ioreq.c ****   return USBD_LL_GetRxDataSize(pdev, ep_addr);
 298              		.loc 1 199 3 view .LVU63
 299              		.loc 1 199 10 is_stmt 0 view .LVU64
 300 0000 FFF7FEBF 		b	USBD_LL_GetRxDataSize
 301              	.LVL21:
 302              		.loc 1 199 10 view .LVU65
 303              		.cfi_endproc
 304              	.LFE74:
 306              		.text
 307              	.Letext0:
 308              		.file 2 "c:\\toolchains\\vsarm\\armcc\\arm-none-eabi\\include\\machine\\_default_types.h"
 309              		.file 3 "c:\\toolchains\\vsarm\\armcc\\lib\\gcc\\arm-none-eabi\\8.3.1\\include\\stddef.h"
 310              		.file 4 "c:\\toolchains\\vsarm\\armcc\\arm-none-eabi\\include\\sys\\_types.h"
ARM GAS  C:\Users\Johannes\AppData\Local\Temp\ccMjajsc.s 			page 10


 311              		.file 5 "c:\\toolchains\\vsarm\\armcc\\arm-none-eabi\\include\\sys\\reent.h"
 312              		.file 6 "c:\\toolchains\\vsarm\\armcc\\arm-none-eabi\\include\\sys\\lock.h"
 313              		.file 7 "c:\\toolchains\\vsarm\\armcc\\arm-none-eabi\\include\\sys\\_stdint.h"
 314              		.file 8 "c:\\toolchains\\vsarm\\armcc\\arm-none-eabi\\include\\stdlib.h"
 315              		.file 9 "Drivers/CMSIS/Include/core_cm3.h"
 316              		.file 10 "Drivers/CMSIS/Device/ST/STM32F1xx/Include/system_stm32f1xx.h"
 317              		.file 11 "Drivers/CMSIS/Device/ST/STM32F1xx/Include/stm32f103x6.h"
 318              		.file 12 "Drivers/STM32F1xx_HAL_Driver/Inc/stm32f1xx_hal_def.h"
 319              		.file 13 "Drivers/STM32F1xx_HAL_Driver/Inc/stm32f1xx_hal_dma.h"
 320              		.file 14 "Drivers/STM32F1xx_HAL_Driver/Inc/stm32f1xx_hal_i2c.h"
 321              		.file 15 "Drivers/STM32F1xx_HAL_Driver/Inc/stm32f1xx_hal.h"
 322              		.file 16 "Middlewares/berndoJ/IS31FL3236_HAL_Driver/Inc/is31fl3236_driver.h"
 323              		.file 17 "Inc/main.h"
 324              		.file 18 "Middlewares/ST/STM32_USB_Device_Library/Core/Inc/usbd_def.h"
 325              		.file 19 "Middlewares/ST/STM32_USB_Device_Library/Core/Inc/usbd_core.h"
ARM GAS  C:\Users\Johannes\AppData\Local\Temp\ccMjajsc.s 			page 11


DEFINED SYMBOLS
                            *ABS*:00000000 usbd_ioreq.c
C:\Users\Johannes\AppData\Local\Temp\ccMjajsc.s:16     .text.USBD_CtlSendData:00000000 $t
C:\Users\Johannes\AppData\Local\Temp\ccMjajsc.s:25     .text.USBD_CtlSendData:00000000 USBD_CtlSendData
C:\Users\Johannes\AppData\Local\Temp\ccMjajsc.s:69     .text.USBD_CtlContinueSendData:00000000 $t
C:\Users\Johannes\AppData\Local\Temp\ccMjajsc.s:77     .text.USBD_CtlContinueSendData:00000000 USBD_CtlContinueSendData
C:\Users\Johannes\AppData\Local\Temp\ccMjajsc.s:109    .text.USBD_CtlPrepareRx:00000000 $t
C:\Users\Johannes\AppData\Local\Temp\ccMjajsc.s:117    .text.USBD_CtlPrepareRx:00000000 USBD_CtlPrepareRx
C:\Users\Johannes\AppData\Local\Temp\ccMjajsc.s:160    .text.USBD_CtlContinueRx:00000000 $t
C:\Users\Johannes\AppData\Local\Temp\ccMjajsc.s:168    .text.USBD_CtlContinueRx:00000000 USBD_CtlContinueRx
C:\Users\Johannes\AppData\Local\Temp\ccMjajsc.s:200    .text.USBD_CtlSendStatus:00000000 $t
C:\Users\Johannes\AppData\Local\Temp\ccMjajsc.s:208    .text.USBD_CtlSendStatus:00000000 USBD_CtlSendStatus
C:\Users\Johannes\AppData\Local\Temp\ccMjajsc.s:241    .text.USBD_CtlReceiveStatus:00000000 $t
C:\Users\Johannes\AppData\Local\Temp\ccMjajsc.s:249    .text.USBD_CtlReceiveStatus:00000000 USBD_CtlReceiveStatus
C:\Users\Johannes\AppData\Local\Temp\ccMjajsc.s:282    .text.USBD_GetRxCount:00000000 $t
C:\Users\Johannes\AppData\Local\Temp\ccMjajsc.s:290    .text.USBD_GetRxCount:00000000 USBD_GetRxCount

UNDEFINED SYMBOLS
USBD_LL_Transmit
USBD_LL_PrepareReceive
USBD_LL_GetRxDataSize
