ARM GAS  C:\Users\Johannes\AppData\Local\Temp\cc4tRBPE.s 			page 1


   1              		.cpu cortex-m3
   2              		.eabi_attribute 20, 1
   3              		.eabi_attribute 21, 1
   4              		.eabi_attribute 23, 3
   5              		.eabi_attribute 24, 1
   6              		.eabi_attribute 25, 1
   7              		.eabi_attribute 26, 1
   8              		.eabi_attribute 30, 2
   9              		.eabi_attribute 34, 1
  10              		.eabi_attribute 18, 4
  11              		.file	"usbd_custom_hid_if.c"
  12              		.text
  13              	.Ltext0:
  14              		.cfi_sections	.debug_frame
  15              		.section	.text.CUSTOM_HID_Init_FS,"ax",%progbits
  16              		.align	1
  17              		.p2align 2,,3
  18              		.arch armv7-m
  19              		.syntax unified
  20              		.thumb
  21              		.thumb_func
  22              		.fpu softvfp
  24              	CUSTOM_HID_Init_FS:
  25              	.LFB68:
  26              		.file 1 "Src/usbd_custom_hid_if.c"
   1:Src/usbd_custom_hid_if.c **** /* USER CODE BEGIN Header */
   2:Src/usbd_custom_hid_if.c **** /**
   3:Src/usbd_custom_hid_if.c ****   ******************************************************************************
   4:Src/usbd_custom_hid_if.c ****   * @file           : usbd_custom_hid_if.c
   5:Src/usbd_custom_hid_if.c ****   * @version        : v2.0_Cube
   6:Src/usbd_custom_hid_if.c ****   * @brief          : USB Device Custom HID interface file.
   7:Src/usbd_custom_hid_if.c ****   ******************************************************************************
   8:Src/usbd_custom_hid_if.c ****   * @attention
   9:Src/usbd_custom_hid_if.c ****   *
  10:Src/usbd_custom_hid_if.c ****   * <h2><center>&copy; Copyright (c) 2019 STMicroelectronics.
  11:Src/usbd_custom_hid_if.c ****   * All rights reserved.</center></h2>
  12:Src/usbd_custom_hid_if.c ****   *
  13:Src/usbd_custom_hid_if.c ****   * This software component is licensed by ST under Ultimate Liberty license
  14:Src/usbd_custom_hid_if.c ****   * SLA0044, the "License"; You may not use this file except in compliance with
  15:Src/usbd_custom_hid_if.c ****   * the License. You may obtain a copy of the License at:
  16:Src/usbd_custom_hid_if.c ****   *                             www.st.com/SLA0044
  17:Src/usbd_custom_hid_if.c ****   *
  18:Src/usbd_custom_hid_if.c ****   ******************************************************************************
  19:Src/usbd_custom_hid_if.c ****   */
  20:Src/usbd_custom_hid_if.c **** /* USER CODE END Header */
  21:Src/usbd_custom_hid_if.c **** 
  22:Src/usbd_custom_hid_if.c **** /* Includes ------------------------------------------------------------------*/
  23:Src/usbd_custom_hid_if.c **** #include "usbd_custom_hid_if.h"
  24:Src/usbd_custom_hid_if.c **** 
  25:Src/usbd_custom_hid_if.c **** /* USER CODE BEGIN INCLUDE */
  26:Src/usbd_custom_hid_if.c **** 
  27:Src/usbd_custom_hid_if.c **** /* USER CODE END INCLUDE */
  28:Src/usbd_custom_hid_if.c **** 
  29:Src/usbd_custom_hid_if.c **** /* Private typedef -----------------------------------------------------------*/
  30:Src/usbd_custom_hid_if.c **** /* Private define ------------------------------------------------------------*/
  31:Src/usbd_custom_hid_if.c **** /* Private macro -------------------------------------------------------------*/
  32:Src/usbd_custom_hid_if.c **** 
ARM GAS  C:\Users\Johannes\AppData\Local\Temp\cc4tRBPE.s 			page 2


  33:Src/usbd_custom_hid_if.c **** /* USER CODE BEGIN PV */
  34:Src/usbd_custom_hid_if.c **** /* Private variables ---------------------------------------------------------*/
  35:Src/usbd_custom_hid_if.c **** 
  36:Src/usbd_custom_hid_if.c **** /* USER CODE END PV */
  37:Src/usbd_custom_hid_if.c **** 
  38:Src/usbd_custom_hid_if.c **** /** @addtogroup STM32_USB_OTG_DEVICE_LIBRARY
  39:Src/usbd_custom_hid_if.c ****   * @brief Usb device.
  40:Src/usbd_custom_hid_if.c ****   * @{
  41:Src/usbd_custom_hid_if.c ****   */
  42:Src/usbd_custom_hid_if.c **** 
  43:Src/usbd_custom_hid_if.c **** /** @addtogroup USBD_CUSTOM_HID
  44:Src/usbd_custom_hid_if.c ****   * @{
  45:Src/usbd_custom_hid_if.c ****   */
  46:Src/usbd_custom_hid_if.c **** 
  47:Src/usbd_custom_hid_if.c **** /** @defgroup USBD_CUSTOM_HID_Private_TypesDefinitions USBD_CUSTOM_HID_Private_TypesDefinitions
  48:Src/usbd_custom_hid_if.c ****   * @brief Private types.
  49:Src/usbd_custom_hid_if.c ****   * @{
  50:Src/usbd_custom_hid_if.c ****   */
  51:Src/usbd_custom_hid_if.c **** 
  52:Src/usbd_custom_hid_if.c **** /* USER CODE BEGIN PRIVATE_TYPES */
  53:Src/usbd_custom_hid_if.c **** 
  54:Src/usbd_custom_hid_if.c **** /* USER CODE END PRIVATE_TYPES */
  55:Src/usbd_custom_hid_if.c **** 
  56:Src/usbd_custom_hid_if.c **** /**
  57:Src/usbd_custom_hid_if.c ****   * @}
  58:Src/usbd_custom_hid_if.c ****   */
  59:Src/usbd_custom_hid_if.c **** 
  60:Src/usbd_custom_hid_if.c **** /** @defgroup USBD_CUSTOM_HID_Private_Defines USBD_CUSTOM_HID_Private_Defines
  61:Src/usbd_custom_hid_if.c ****   * @brief Private defines.
  62:Src/usbd_custom_hid_if.c ****   * @{
  63:Src/usbd_custom_hid_if.c ****   */
  64:Src/usbd_custom_hid_if.c **** 
  65:Src/usbd_custom_hid_if.c **** /* USER CODE BEGIN PRIVATE_DEFINES */
  66:Src/usbd_custom_hid_if.c **** 
  67:Src/usbd_custom_hid_if.c **** /* USER CODE END PRIVATE_DEFINES */
  68:Src/usbd_custom_hid_if.c **** 
  69:Src/usbd_custom_hid_if.c **** /**
  70:Src/usbd_custom_hid_if.c ****   * @}
  71:Src/usbd_custom_hid_if.c ****   */
  72:Src/usbd_custom_hid_if.c **** 
  73:Src/usbd_custom_hid_if.c **** /** @defgroup USBD_CUSTOM_HID_Private_Macros USBD_CUSTOM_HID_Private_Macros
  74:Src/usbd_custom_hid_if.c ****   * @brief Private macros.
  75:Src/usbd_custom_hid_if.c ****   * @{
  76:Src/usbd_custom_hid_if.c ****   */
  77:Src/usbd_custom_hid_if.c **** 
  78:Src/usbd_custom_hid_if.c **** /* USER CODE BEGIN PRIVATE_MACRO */
  79:Src/usbd_custom_hid_if.c **** 
  80:Src/usbd_custom_hid_if.c **** /* USER CODE END PRIVATE_MACRO */
  81:Src/usbd_custom_hid_if.c **** 
  82:Src/usbd_custom_hid_if.c **** /**
  83:Src/usbd_custom_hid_if.c ****   * @}
  84:Src/usbd_custom_hid_if.c ****   */
  85:Src/usbd_custom_hid_if.c **** 
  86:Src/usbd_custom_hid_if.c **** /** @defgroup USBD_CUSTOM_HID_Private_Variables USBD_CUSTOM_HID_Private_Variables
  87:Src/usbd_custom_hid_if.c ****   * @brief Private variables.
  88:Src/usbd_custom_hid_if.c ****   * @{
  89:Src/usbd_custom_hid_if.c ****   */
ARM GAS  C:\Users\Johannes\AppData\Local\Temp\cc4tRBPE.s 			page 3


  90:Src/usbd_custom_hid_if.c **** 
  91:Src/usbd_custom_hid_if.c **** /** Usb HID report descriptor. */
  92:Src/usbd_custom_hid_if.c **** __ALIGN_BEGIN static uint8_t CUSTOM_HID_ReportDesc_FS[USBD_CUSTOM_HID_REPORT_DESC_SIZE] __ALIGN_END
  93:Src/usbd_custom_hid_if.c **** {
  94:Src/usbd_custom_hid_if.c ****   0x05, 0x01,                    // USAGE_PAGE (Generic Desktop)
  95:Src/usbd_custom_hid_if.c **** 	0x09, 0x06,                    // USAGE (Keyboard)
  96:Src/usbd_custom_hid_if.c **** 	0xa1, 0x01,                    // COLLECTION (Application)
  97:Src/usbd_custom_hid_if.c **** 
  98:Src/usbd_custom_hid_if.c **** 	0x85, 1, //   REPORT_ID (1)
  99:Src/usbd_custom_hid_if.c **** 
 100:Src/usbd_custom_hid_if.c **** 	0x05, 0x07,                    //   USAGE_PAGE (Keyboard)
 101:Src/usbd_custom_hid_if.c **** 	0x19, 0xe0,                    //   USAGE_MINIMUM (Keyboard LeftControl)
 102:Src/usbd_custom_hid_if.c **** 	0x29, 0xe7,                    //   USAGE_MAXIMUM (Keyboard Right GUI)
 103:Src/usbd_custom_hid_if.c **** 	0x15, 0x00,                    //   LOGICAL_MINIMUM (0)
 104:Src/usbd_custom_hid_if.c **** 	0x25, 0x01,                    //   LOGICAL_MAXIMUM (1)
 105:Src/usbd_custom_hid_if.c **** 	0x75, 0x01,                    //   REPORT_SIZE (1)
 106:Src/usbd_custom_hid_if.c **** 	0x95, 0x08,                    //   REPORT_COUNT (8)
 107:Src/usbd_custom_hid_if.c **** 	0x81, 0x02,                    //   INPUT (Data,Var,Abs)
 108:Src/usbd_custom_hid_if.c **** 
 109:Src/usbd_custom_hid_if.c **** 	0x95, 0x01,                    //   REPORT_COUNT (1)
 110:Src/usbd_custom_hid_if.c **** 	0x75, 0x08,                    //   REPORT_SIZE (8)
 111:Src/usbd_custom_hid_if.c **** 	0x81, 0x03,                    //   INPUT (Cnst,Var,Abs)
 112:Src/usbd_custom_hid_if.c **** 
 113:Src/usbd_custom_hid_if.c **** 	0x95, 0x05,                    //   REPORT_COUNT (5)
 114:Src/usbd_custom_hid_if.c **** 	0x75, 0x01,                    //   REPORT_SIZE (1)
 115:Src/usbd_custom_hid_if.c **** 	0x05, 0x08,                    //   USAGE_PAGE (LEDs)
 116:Src/usbd_custom_hid_if.c **** 	0x19, 0x01,                    //   USAGE_MINIMUM (Num Lock)
 117:Src/usbd_custom_hid_if.c **** 	0x29, 0x05,                    //   USAGE_MAXIMUM (Kana)
 118:Src/usbd_custom_hid_if.c **** 	0x91, 0x02,                    //   OUTPUT (Data,Var,Abs)
 119:Src/usbd_custom_hid_if.c **** 
 120:Src/usbd_custom_hid_if.c **** 	0x95, 0x01,                    //   REPORT_COUNT (1)
 121:Src/usbd_custom_hid_if.c **** 	0x75, 0x03,                    //   REPORT_SIZE (3)
 122:Src/usbd_custom_hid_if.c **** 	0x91, 0x03,                    //   OUTPUT (Cnst,Var,Abs)
 123:Src/usbd_custom_hid_if.c **** 
 124:Src/usbd_custom_hid_if.c **** 	0x95, 5,		   //   REPORT_COUNT (VAR)
 125:Src/usbd_custom_hid_if.c **** 	0x75, 0x08,                    //   REPORT_SIZE (8)
 126:Src/usbd_custom_hid_if.c **** 	0x15, 0x00,                    //   LOGICAL_MINIMUM (0)
 127:Src/usbd_custom_hid_if.c **** 	0x25, 0x65,                    //   LOGICAL_MAXIMUM (101)
 128:Src/usbd_custom_hid_if.c **** 	0x05, 0x07,                    //   USAGE_PAGE (Keyboard)
 129:Src/usbd_custom_hid_if.c **** 	0x19, 0x00,                    //   USAGE_MINIMUM (Reserved (no event indicated))
 130:Src/usbd_custom_hid_if.c **** 	0x29, 0x65,                    //   USAGE_MAXIMUM (Keyboard Application)
 131:Src/usbd_custom_hid_if.c **** 	0x81, 0x00,                    //   INPUT (Data,Ary,Abs)
 132:Src/usbd_custom_hid_if.c **** 
 133:Src/usbd_custom_hid_if.c **** 	0xc0,                          // END_COLLECTION
 134:Src/usbd_custom_hid_if.c **** 
 135:Src/usbd_custom_hid_if.c **** 
 136:Src/usbd_custom_hid_if.c **** 	0x06, 0x00, 0xff,              // USAGE_PAGE (Vendor Defined Page 1)
 137:Src/usbd_custom_hid_if.c **** 	0x09, 0x01,                    // USAGE (Vendor Usage 1)
 138:Src/usbd_custom_hid_if.c **** 	0xa1, 0x01,                    // COLLECTION (Application)
 139:Src/usbd_custom_hid_if.c **** 
 140:Src/usbd_custom_hid_if.c **** 	0x85, 2,    //   REPORT_ID (2)
 141:Src/usbd_custom_hid_if.c **** 
 142:Src/usbd_custom_hid_if.c **** 	0x06, 0x00, 0xff,              //   USAGE_PAGE (Vendor Defined Page 1)
 143:Src/usbd_custom_hid_if.c **** 	0x09, 0x01,                    //   USAGE (Vendor Usage 1)
 144:Src/usbd_custom_hid_if.c **** 	0x15, 0x00,                    //   LOGICAL_MINIMUM (0)
 145:Src/usbd_custom_hid_if.c **** 	0x26, 0xff, 0x00,              //   LOGICAL_MAXIMUM (255)
 146:Src/usbd_custom_hid_if.c **** 	0x75, 0x08,                    //   REPORT_SIZE (8)/
ARM GAS  C:\Users\Johannes\AppData\Local\Temp\cc4tRBPE.s 			page 4


 147:Src/usbd_custom_hid_if.c **** 	0x95, 0x40,                    //   REPORT_COUNT (64)
 148:Src/usbd_custom_hid_if.c **** 	0x91, 0x02,                    //   OUTPUT (Data,Var,Abs)
 149:Src/usbd_custom_hid_if.c **** 
 150:Src/usbd_custom_hid_if.c **** 	0xc0   
 151:Src/usbd_custom_hid_if.c **** };
 152:Src/usbd_custom_hid_if.c **** 
 153:Src/usbd_custom_hid_if.c **** /* USER CODE BEGIN PRIVATE_VARIABLES */
 154:Src/usbd_custom_hid_if.c **** 
 155:Src/usbd_custom_hid_if.c **** /* USER CODE END PRIVATE_VARIABLES */
 156:Src/usbd_custom_hid_if.c **** 
 157:Src/usbd_custom_hid_if.c **** /**
 158:Src/usbd_custom_hid_if.c ****   * @}
 159:Src/usbd_custom_hid_if.c ****   */
 160:Src/usbd_custom_hid_if.c **** 
 161:Src/usbd_custom_hid_if.c **** /** @defgroup USBD_CUSTOM_HID_Exported_Variables USBD_CUSTOM_HID_Exported_Variables
 162:Src/usbd_custom_hid_if.c ****   * @brief Public variables.
 163:Src/usbd_custom_hid_if.c ****   * @{
 164:Src/usbd_custom_hid_if.c ****   */
 165:Src/usbd_custom_hid_if.c **** extern USBD_HandleTypeDef hUsbDeviceFS;
 166:Src/usbd_custom_hid_if.c **** 
 167:Src/usbd_custom_hid_if.c **** /* USER CODE BEGIN EXPORTED_VARIABLES */
 168:Src/usbd_custom_hid_if.c **** 
 169:Src/usbd_custom_hid_if.c **** /* USER CODE END EXPORTED_VARIABLES */
 170:Src/usbd_custom_hid_if.c **** /**
 171:Src/usbd_custom_hid_if.c ****   * @}
 172:Src/usbd_custom_hid_if.c ****   */
 173:Src/usbd_custom_hid_if.c **** 
 174:Src/usbd_custom_hid_if.c **** /** @defgroup USBD_CUSTOM_HID_Private_FunctionPrototypes USBD_CUSTOM_HID_Private_FunctionPrototypes
 175:Src/usbd_custom_hid_if.c ****   * @brief Private functions declaration.
 176:Src/usbd_custom_hid_if.c ****   * @{
 177:Src/usbd_custom_hid_if.c ****   */
 178:Src/usbd_custom_hid_if.c **** 
 179:Src/usbd_custom_hid_if.c **** static int8_t CUSTOM_HID_Init_FS(void);
 180:Src/usbd_custom_hid_if.c **** static int8_t CUSTOM_HID_DeInit_FS(void);
 181:Src/usbd_custom_hid_if.c **** static int8_t CUSTOM_HID_OutEvent_FS(uint8_t event_idx, uint8_t state);
 182:Src/usbd_custom_hid_if.c **** 
 183:Src/usbd_custom_hid_if.c **** /**
 184:Src/usbd_custom_hid_if.c ****   * @}
 185:Src/usbd_custom_hid_if.c ****   */
 186:Src/usbd_custom_hid_if.c **** 
 187:Src/usbd_custom_hid_if.c **** USBD_CUSTOM_HID_ItfTypeDef USBD_CustomHID_fops_FS =
 188:Src/usbd_custom_hid_if.c **** {
 189:Src/usbd_custom_hid_if.c ****   CUSTOM_HID_ReportDesc_FS,
 190:Src/usbd_custom_hid_if.c ****   CUSTOM_HID_Init_FS,
 191:Src/usbd_custom_hid_if.c ****   CUSTOM_HID_DeInit_FS,
 192:Src/usbd_custom_hid_if.c ****   CUSTOM_HID_OutEvent_FS
 193:Src/usbd_custom_hid_if.c **** };
 194:Src/usbd_custom_hid_if.c **** 
 195:Src/usbd_custom_hid_if.c **** /** @defgroup USBD_CUSTOM_HID_Private_Functions USBD_CUSTOM_HID_Private_Functions
 196:Src/usbd_custom_hid_if.c ****   * @brief Private functions.
 197:Src/usbd_custom_hid_if.c ****   * @{
 198:Src/usbd_custom_hid_if.c ****   */
 199:Src/usbd_custom_hid_if.c **** 
 200:Src/usbd_custom_hid_if.c **** /* Private functions ---------------------------------------------------------*/
 201:Src/usbd_custom_hid_if.c **** 
 202:Src/usbd_custom_hid_if.c **** /**
 203:Src/usbd_custom_hid_if.c ****   * @brief  Initializes the CUSTOM HID media low layer
ARM GAS  C:\Users\Johannes\AppData\Local\Temp\cc4tRBPE.s 			page 5


 204:Src/usbd_custom_hid_if.c ****   * @retval USBD_OK if all operations are OK else USBD_FAIL
 205:Src/usbd_custom_hid_if.c ****   */
 206:Src/usbd_custom_hid_if.c **** static int8_t CUSTOM_HID_Init_FS(void)
 207:Src/usbd_custom_hid_if.c **** {
  27              		.loc 1 207 1 view -0
  28              		.cfi_startproc
  29              		@ args = 0, pretend = 0, frame = 0
  30              		@ frame_needed = 0, uses_anonymous_args = 0
  31              		@ link register save eliminated.
 208:Src/usbd_custom_hid_if.c ****   /* USER CODE BEGIN 4 */
 209:Src/usbd_custom_hid_if.c ****   return (USBD_OK);
  32              		.loc 1 209 3 view .LVU1
 210:Src/usbd_custom_hid_if.c ****   /* USER CODE END 4 */
 211:Src/usbd_custom_hid_if.c **** }
  33              		.loc 1 211 1 is_stmt 0 view .LVU2
  34 0000 0020     		movs	r0, #0
  35 0002 7047     		bx	lr
  36              		.cfi_endproc
  37              	.LFE68:
  39              		.section	.text.CUSTOM_HID_OutEvent_FS,"ax",%progbits
  40              		.align	1
  41              		.p2align 2,,3
  42              		.syntax unified
  43              		.thumb
  44              		.thumb_func
  45              		.fpu softvfp
  47              	CUSTOM_HID_OutEvent_FS:
  48              	.LVL0:
  49              	.LFB70:
 212:Src/usbd_custom_hid_if.c **** 
 213:Src/usbd_custom_hid_if.c **** /**
 214:Src/usbd_custom_hid_if.c ****   * @brief  DeInitializes the CUSTOM HID media low layer
 215:Src/usbd_custom_hid_if.c ****   * @retval USBD_OK if all operations are OK else USBD_FAIL
 216:Src/usbd_custom_hid_if.c ****   */
 217:Src/usbd_custom_hid_if.c **** static int8_t CUSTOM_HID_DeInit_FS(void)
 218:Src/usbd_custom_hid_if.c **** {
 219:Src/usbd_custom_hid_if.c ****   /* USER CODE BEGIN 5 */
 220:Src/usbd_custom_hid_if.c ****   return (USBD_OK);
 221:Src/usbd_custom_hid_if.c ****   /* USER CODE END 5 */
 222:Src/usbd_custom_hid_if.c **** }
 223:Src/usbd_custom_hid_if.c **** 
 224:Src/usbd_custom_hid_if.c **** /**
 225:Src/usbd_custom_hid_if.c ****   * @brief  Manage the CUSTOM HID class events
 226:Src/usbd_custom_hid_if.c ****   * @param  event_idx: Event index
 227:Src/usbd_custom_hid_if.c ****   * @param  state: Event state
 228:Src/usbd_custom_hid_if.c ****   * @retval USBD_OK if all operations are OK else USBD_FAIL
 229:Src/usbd_custom_hid_if.c ****   */
 230:Src/usbd_custom_hid_if.c **** static int8_t CUSTOM_HID_OutEvent_FS(uint8_t event_idx, uint8_t state)
 231:Src/usbd_custom_hid_if.c **** {
  50              		.loc 1 231 1 is_stmt 1 view -0
  51              		.cfi_startproc
  52              		@ args = 0, pretend = 0, frame = 0
  53              		@ frame_needed = 0, uses_anonymous_args = 0
  54              		@ link register save eliminated.
 232:Src/usbd_custom_hid_if.c ****   /* USER CODE BEGIN 6 */
 233:Src/usbd_custom_hid_if.c ****   return (USBD_OK);
  55              		.loc 1 233 3 view .LVU4
ARM GAS  C:\Users\Johannes\AppData\Local\Temp\cc4tRBPE.s 			page 6


 234:Src/usbd_custom_hid_if.c ****   /* USER CODE END 6 */
 235:Src/usbd_custom_hid_if.c **** }
  56              		.loc 1 235 1 is_stmt 0 view .LVU5
  57 0000 0020     		movs	r0, #0
  58              	.LVL1:
  59              		.loc 1 235 1 view .LVU6
  60 0002 7047     		bx	lr
  61              		.cfi_endproc
  62              	.LFE70:
  64              		.section	.text.CUSTOM_HID_DeInit_FS,"ax",%progbits
  65              		.align	1
  66              		.p2align 2,,3
  67              		.syntax unified
  68              		.thumb
  69              		.thumb_func
  70              		.fpu softvfp
  72              	CUSTOM_HID_DeInit_FS:
  73              	.LFB72:
  74              		.cfi_startproc
  75              		@ args = 0, pretend = 0, frame = 0
  76              		@ frame_needed = 0, uses_anonymous_args = 0
  77              		@ link register save eliminated.
  78 0000 0020     		movs	r0, #0
  79 0002 7047     		bx	lr
  80              		.cfi_endproc
  81              	.LFE72:
  83              		.global	USBD_CustomHID_fops_FS
  84              		.section	.data.CUSTOM_HID_ReportDesc_FS,"aw"
  85              		.align	2
  88              	CUSTOM_HID_ReportDesc_FS:
  89 0000 05       		.byte	5
  90 0001 01       		.byte	1
  91 0002 09       		.byte	9
  92 0003 06       		.byte	6
  93 0004 A1       		.byte	-95
  94 0005 01       		.byte	1
  95 0006 85       		.byte	-123
  96 0007 01       		.byte	1
  97 0008 05       		.byte	5
  98 0009 07       		.byte	7
  99 000a 19       		.byte	25
 100 000b E0       		.byte	-32
 101 000c 29       		.byte	41
 102 000d E7       		.byte	-25
 103 000e 15       		.byte	21
 104 000f 00       		.byte	0
 105 0010 25       		.byte	37
 106 0011 01       		.byte	1
 107 0012 75       		.byte	117
 108 0013 01       		.byte	1
 109 0014 95       		.byte	-107
 110 0015 08       		.byte	8
 111 0016 81       		.byte	-127
 112 0017 02       		.byte	2
 113 0018 95       		.byte	-107
 114 0019 01       		.byte	1
 115 001a 75       		.byte	117
ARM GAS  C:\Users\Johannes\AppData\Local\Temp\cc4tRBPE.s 			page 7


 116 001b 08       		.byte	8
 117 001c 81       		.byte	-127
 118 001d 03       		.byte	3
 119 001e 95       		.byte	-107
 120 001f 05       		.byte	5
 121 0020 75       		.byte	117
 122 0021 01       		.byte	1
 123 0022 05       		.byte	5
 124 0023 08       		.byte	8
 125 0024 19       		.byte	25
 126 0025 01       		.byte	1
 127 0026 29       		.byte	41
 128 0027 05       		.byte	5
 129 0028 91       		.byte	-111
 130 0029 02       		.byte	2
 131 002a 95       		.byte	-107
 132 002b 01       		.byte	1
 133 002c 75       		.byte	117
 134 002d 03       		.byte	3
 135 002e 91       		.byte	-111
 136 002f 03       		.byte	3
 137 0030 95       		.byte	-107
 138 0031 05       		.byte	5
 139 0032 75       		.byte	117
 140 0033 08       		.byte	8
 141 0034 15       		.byte	21
 142 0035 00       		.byte	0
 143 0036 25       		.byte	37
 144 0037 65       		.byte	101
 145 0038 05       		.byte	5
 146 0039 07       		.byte	7
 147 003a 19       		.byte	25
 148 003b 00       		.byte	0
 149 003c 29       		.byte	41
 150 003d 65       		.byte	101
 151 003e 81       		.byte	-127
 152 003f 00       		.byte	0
 153 0040 C0       		.byte	-64
 154 0041 06       		.byte	6
 155 0042 00       		.byte	0
 156 0043 FF       		.byte	-1
 157 0044 09       		.byte	9
 158 0045 01       		.byte	1
 159 0046 A1       		.byte	-95
 160 0047 01       		.byte	1
 161 0048 85       		.byte	-123
 162 0049 02       		.byte	2
 163 004a 06       		.byte	6
 164 004b 00       		.byte	0
 165 004c FF       		.byte	-1
 166 004d 09       		.byte	9
 167 004e 01       		.byte	1
 168 004f 15       		.byte	21
 169 0050 00       		.byte	0
 170 0051 26       		.byte	38
 171 0052 FF       		.byte	-1
 172 0053 00       		.byte	0
ARM GAS  C:\Users\Johannes\AppData\Local\Temp\cc4tRBPE.s 			page 8


 173 0054 75       		.byte	117
 174 0055 08       		.byte	8
 175 0056 95       		.byte	-107
 176 0057 40       		.byte	64
 177 0058 91       		.byte	-111
 178 0059 02       		.byte	2
 179 005a C0       		.byte	-64
 180              		.section	.data.USBD_CustomHID_fops_FS,"aw"
 181              		.align	2
 184              	USBD_CustomHID_fops_FS:
 185 0000 00000000 		.word	CUSTOM_HID_ReportDesc_FS
 186 0004 00000000 		.word	CUSTOM_HID_Init_FS
 187 0008 00000000 		.word	CUSTOM_HID_DeInit_FS
 188 000c 00000000 		.word	CUSTOM_HID_OutEvent_FS
 189              		.text
 190              	.Letext0:
 191              		.file 2 "c:\\toolchains\\vsarm\\armcc\\arm-none-eabi\\include\\machine\\_default_types.h"
 192              		.file 3 "c:\\toolchains\\vsarm\\armcc\\lib\\gcc\\arm-none-eabi\\8.3.1\\include\\stddef.h"
 193              		.file 4 "c:\\toolchains\\vsarm\\armcc\\arm-none-eabi\\include\\sys\\_types.h"
 194              		.file 5 "c:\\toolchains\\vsarm\\armcc\\arm-none-eabi\\include\\sys\\reent.h"
 195              		.file 6 "c:\\toolchains\\vsarm\\armcc\\arm-none-eabi\\include\\sys\\lock.h"
 196              		.file 7 "c:\\toolchains\\vsarm\\armcc\\arm-none-eabi\\include\\sys\\_stdint.h"
 197              		.file 8 "c:\\toolchains\\vsarm\\armcc\\arm-none-eabi\\include\\stdlib.h"
 198              		.file 9 "Drivers/CMSIS/Include/core_cm3.h"
 199              		.file 10 "Drivers/CMSIS/Device/ST/STM32F1xx/Include/system_stm32f1xx.h"
 200              		.file 11 "Drivers/CMSIS/Device/ST/STM32F1xx/Include/stm32f103x6.h"
 201              		.file 12 "Drivers/STM32F1xx_HAL_Driver/Inc/stm32f1xx_hal_def.h"
 202              		.file 13 "Drivers/STM32F1xx_HAL_Driver/Inc/stm32f1xx_hal_dma.h"
 203              		.file 14 "Drivers/STM32F1xx_HAL_Driver/Inc/stm32f1xx_hal_i2c.h"
 204              		.file 15 "Drivers/STM32F1xx_HAL_Driver/Inc/stm32f1xx_hal.h"
 205              		.file 16 "Middlewares/berndoJ/IS31FL3236_HAL_Driver/Inc/is31fl3236_driver.h"
 206              		.file 17 "Inc/main.h"
 207              		.file 18 "Middlewares/ST/STM32_USB_Device_Library/Core/Inc/usbd_def.h"
 208              		.file 19 "Middlewares/ST/STM32_USB_Device_Library/Class/CustomHID/Inc/usbd_customhid.h"
 209              		.file 20 "Inc/usbd_custom_hid_if.h"
ARM GAS  C:\Users\Johannes\AppData\Local\Temp\cc4tRBPE.s 			page 9


DEFINED SYMBOLS
                            *ABS*:00000000 usbd_custom_hid_if.c
C:\Users\Johannes\AppData\Local\Temp\cc4tRBPE.s:16     .text.CUSTOM_HID_Init_FS:00000000 $t
C:\Users\Johannes\AppData\Local\Temp\cc4tRBPE.s:24     .text.CUSTOM_HID_Init_FS:00000000 CUSTOM_HID_Init_FS
C:\Users\Johannes\AppData\Local\Temp\cc4tRBPE.s:40     .text.CUSTOM_HID_OutEvent_FS:00000000 $t
C:\Users\Johannes\AppData\Local\Temp\cc4tRBPE.s:47     .text.CUSTOM_HID_OutEvent_FS:00000000 CUSTOM_HID_OutEvent_FS
C:\Users\Johannes\AppData\Local\Temp\cc4tRBPE.s:65     .text.CUSTOM_HID_DeInit_FS:00000000 $t
C:\Users\Johannes\AppData\Local\Temp\cc4tRBPE.s:72     .text.CUSTOM_HID_DeInit_FS:00000000 CUSTOM_HID_DeInit_FS
C:\Users\Johannes\AppData\Local\Temp\cc4tRBPE.s:184    .data.USBD_CustomHID_fops_FS:00000000 USBD_CustomHID_fops_FS
C:\Users\Johannes\AppData\Local\Temp\cc4tRBPE.s:85     .data.CUSTOM_HID_ReportDesc_FS:00000000 $d
C:\Users\Johannes\AppData\Local\Temp\cc4tRBPE.s:88     .data.CUSTOM_HID_ReportDesc_FS:00000000 CUSTOM_HID_ReportDesc_FS
C:\Users\Johannes\AppData\Local\Temp\cc4tRBPE.s:181    .data.USBD_CustomHID_fops_FS:00000000 $d

NO UNDEFINED SYMBOLS
